#
# There is insufficient memory for the Java Runtime Environment to continue.
# Native memory allocation (malloc) failed to allocate 1641712 bytes for Chunk::new
# Possible reasons:
#   The system is out of physical RAM or swap space
#   In 32 bit mode, the process size limit was hit
# Possible solutions:
#   Reduce memory load on the system
#   Increase physical memory or swap space
#   Check if swap backing store is full
#   Use 64 bit Java on a 64 bit OS
#   Decrease Java heap size (-Xmx/-Xms)
#   Decrease number of Java threads
#   Decrease Java thread stack sizes (-Xss)
#   Set larger code cache with -XX:ReservedCodeCacheSize=
# This output file may be truncated or incomplete.
#
#  Out of Memory Error (allocation.cpp:390), pid=5248, tid=0x0000000000000a48
#
# JRE version: OpenJDK Runtime Environment (8.0_152-b01) (build 1.8.0_152-release-1343-b01)
# Java VM: OpenJDK 64-Bit Server VM (25.152-b01 mixed mode windows-amd64 compressed oops)
# Failed to write core dump. Minidumps are not enabled by default on client versions of Windows
#

---------------  T H R E A D  ---------------

Current thread (0x000000001653d800):  JavaThread "C2 CompilerThread0" daemon [_thread_in_native, id=2632, stack(0x0000000017b90000,0x0000000017c90000)]

Stack: [0x0000000017b90000,0x0000000017c90000]
[error occurred during error reporting (printing stack bounds), id 0xc0000005]

Native frames: (J=compiled Java code, j=interpreted, Vv=VM code, C=native code)


Current CompileTask:
C2:   5966 1649       4       java.net.URLClassLoader$1::run (5 bytes)


---------------  P R O C E S S  ---------------

Java Threads: ( => current thread )
  0x0000000019bc5800 JavaThread "Cache worker for journal cache (C:\Users\Admin\.gradle\caches\journal-1)" [_thread_blocked, id=9572, stack(0x000000001ce40000,0x000000001cf40000)]
  0x0000000019bc8800 JavaThread "Cache worker for file hash cache (D:\Documents\AndroidProjects\Quanlydanhba\.gradle\4.10.1\fileHashes)" [_thread_blocked, id=8740, stack(0x000000001bd70000,0x000000001be70000)]
  0x0000000019c1c000 JavaThread "File lock request listener" [_thread_in_native, id=1536, stack(0x000000001bc70000,0x000000001bd70000)]
  0x000000001959a800 JavaThread "Cache worker for file hash cache (C:\Users\Admin\.gradle\caches\4.10.1\fileHashes)" [_thread_blocked, id=3440, stack(0x000000001bb70000,0x000000001bc70000)]
  0x0000000019513000 JavaThread "Stdin handler" [_thread_blocked, id=8536, stack(0x000000001a8a0000,0x000000001a9a0000)]
  0x00000000194fd000 JavaThread "Asynchronous log dispatcher for DefaultDaemonConnection: socket connection from /127.0.0.1:51396 to /127.0.0.1:51397" [_thread_blocked, id=1304, stack(0x000000001a7a0000,0x000000001a8a0000)]
  0x0000000019736000 JavaThread "Daemon worker" [_thread_in_native, id=4652, stack(0x000000001a6a0000,0x000000001a7a0000)]
  0x0000000019733800 JavaThread "Cancel handler" [_thread_blocked, id=3980, stack(0x000000001a3a0000,0x000000001a4a0000)]
  0x0000000019726800 JavaThread "Handler for socket connection from /127.0.0.1:51396 to /127.0.0.1:51397" [_thread_in_native, id=4356, stack(0x000000001a2a0000,0x000000001a3a0000)]
  0x0000000019723800 JavaThread "Daemon" [_thread_blocked, id=7116, stack(0x000000001a1a0000,0x000000001a2a0000)]
  0x00000000192dc800 JavaThread "Daemon periodic checks" [_thread_blocked, id=5848, stack(0x000000001a0a0000,0x000000001a1a0000)]
  0x00000000192a6000 JavaThread "Incoming local TCP Connector on port 51396" [_thread_in_native, id=2388, stack(0x0000000019e60000,0x0000000019f60000)]
  0x0000000017eb8800 JavaThread "Service Thread" daemon [_thread_blocked, id=3164, stack(0x0000000018290000,0x0000000018390000)]
  0x0000000016549000 JavaThread "C1 CompilerThread2" daemon [_thread_blocked, id=5540, stack(0x0000000017d90000,0x0000000017e90000)]
  0x0000000016544000 JavaThread "C2 CompilerThread1" daemon [_thread_in_native, id=7620, stack(0x0000000017c90000,0x0000000017d90000)]
=>0x000000001653d800 JavaThread "C2 CompilerThread0" daemon [_thread_in_native, id=2632, stack(0x0000000017b90000,0x0000000017c90000)]
  0x000000001653c000 JavaThread "Attach Listener" daemon [_thread_blocked, id=2284, stack(0x0000000017a90000,0x0000000017b90000)]
  0x000000001653b000 JavaThread "Signal Dispatcher" daemon [_thread_blocked, id=8452, stack(0x0000000017990000,0x0000000017a90000)]
  0x0000000002bcc000 JavaThread "Finalizer" daemon [_thread_blocked, id=2884, stack(0x00000000177a0000,0x00000000178a0000)]
  0x0000000002bc0800 JavaThread "Reference Handler" daemon [_thread_blocked, id=7756, stack(0x00000000176a0000,0x00000000177a0000)]
  0x0000000002ace000 JavaThread "main" [_thread_blocked, id=5296, stack(0x0000000002940000,0x0000000002a40000)]

Other Threads:
  0x0000000016507000 VMThread [stack: 0x00000000175a0000,0x00000000176a0000] [id=7296]
  0x000000001659d800 WatcherThread [stack: 0x0000000018390000,0x0000000018490000] [id=8204]

VM state:not at safepoint (normal execution)

VM Mutex/Monitor currently owned by a thread:  ([mutex/lock_event])
[0x0000000002acc6c0] CodeCache_lock - owner thread: 0x0000000000000000

Heap:
 PSYoungGen      total 72192K, used 14911K [0x00000000e0000000, 0x00000000e8f00000, 0x0000000100000000)
  eden space 64512K, 23% used [0x00000000e0000000,0x00000000e0e8fdf0,0x00000000e3f00000)
  from space 7680K, 0% used [0x00000000e3f00000,0x00000000e3f00000,0x00000000e4680000)
  to   space 8704K, 0% used [0x00000000e8680000,0x00000000e8680000,0x00000000e8f00000)
 ParOldGen       total 39424K, used 9707K [0x00000000a0000000, 0x00000000a2680000, 0x00000000e0000000)
  object space 39424K, 24% used [0x00000000a0000000,0x00000000a097aea8,0x00000000a2680000)
 Metaspace       used 23343K, capacity 23830K, committed 23936K, reserved 1069056K
  class space    used 3184K, capacity 3375K, committed 3456K, reserved 1048576K

Card table byte_map: [0x0000000011f90000,0x00000000122a0000] byte_map_base: 0x0000000011a90000

Marking Bits: (ParMarkBitMap*) 0x0000000051155aa0
 Begin Bits: [0x00000000128a0000, 0x00000000140a0000)
 End Bits:   [0x00000000140a0000, 0x00000000158a0000)

Polling page: 0x00000000005f0000

CodeCache: size=245760Kb used=7310Kb max_used=7310Kb free=238449Kb
 bounds [0x0000000002bd0000, 0x0000000003300000, 0x0000000011bd0000]
 total_blobs=2529 nmethods=1885 adapters=557
 compilation: enabled

Compilation events (10 events):
Event: 5.958 Thread 0x0000000016549000 1896       3       org.codehaus.groovy.util.AbstractConcurrentMap::segmentFor (9 bytes)
Event: 5.959 Thread 0x0000000016549000 nmethod 1896 0x00000000032f4850 code [0x00000000032f49c0, 0x00000000032f4c90]
Event: 5.959 Thread 0x0000000016549000 1897       3       org.codehaus.groovy.util.AbstractConcurrentMapBase::segmentFor (17 bytes)
Event: 5.959 Thread 0x0000000016549000 nmethod 1897 0x00000000032f4dd0 code [0x00000000032f4f20, 0x00000000032f50b0]
Event: 5.959 Thread 0x0000000016549000 1898       3       org.codehaus.groovy.util.AbstractConcurrentMapBase$Segment::rehashIfThresholdExceeded (16 bytes)
Event: 5.960 Thread 0x0000000016549000 nmethod 1898 0x00000000032f5190 code [0x00000000032f5300, 0x00000000032f5548]
Event: 5.960 Thread 0x0000000016549000 1899       3       org.codehaus.groovy.util.ManagedConcurrentMap$EntryWithValue::<init> (16 bytes)
Event: 5.960 Thread 0x0000000016549000 nmethod 1899 0x00000000032f55d0 code [0x00000000032f5760, 0x00000000032f5af8]
Event: 5.960 Thread 0x0000000016549000 1900       3       org.codehaus.groovy.util.ManagedConcurrentMap$EntryWithValue::setValue (6 bytes)
Event: 5.960 Thread 0x0000000016549000 nmethod 1900 0x00000000032f5cd0 code [0x00000000032f5e20, 0x00000000032f5f90]

GC Heap History (10 events):
Event: 2.142 GC heap before
{Heap before GC invocations=4 (full 0):
 PSYoungGen      total 18944K, used 18928K [0x00000000e0000000, 0x00000000e2500000, 0x0000000100000000)
  eden space 16384K, 100% used [0x00000000e0000000,0x00000000e1000000,0x00000000e1000000)
  from space 2560K, 99% used [0x00000000e1000000,0x00000000e127c010,0x00000000e1280000)
  to   space 2560K, 0% used [0x00000000e2280000,0x00000000e2280000,0x00000000e2500000)
 ParOldGen       total 44032K, used 655K [0x00000000a0000000, 0x00000000a2b00000, 0x00000000e0000000)
  object space 44032K, 1% used [0x00000000a0000000,0x00000000a00a3ed8,0x00000000a2b00000)
 Metaspace       used 9764K, capacity 9980K, committed 10112K, reserved 1058816K
  class space    used 1309K, capacity 1388K, committed 1408K, reserved 1048576K
Event: 2.147 GC heap after
Heap after GC invocations=4 (full 0):
 PSYoungGen      total 35328K, used 2528K [0x00000000e0000000, 0x00000000e2500000, 0x0000000100000000)
  eden space 32768K, 0% used [0x00000000e0000000,0x00000000e0000000,0x00000000e2000000)
  from space 2560K, 98% used [0x00000000e2280000,0x00000000e24f8040,0x00000000e2500000)
  to   space 2560K, 0% used [0x00000000e2000000,0x00000000e2000000,0x00000000e2280000)
 ParOldGen       total 44032K, used 2595K [0x00000000a0000000, 0x00000000a2b00000, 0x00000000e0000000)
  object space 44032K, 5% used [0x00000000a0000000,0x00000000a0288f58,0x00000000a2b00000)
 Metaspace       used 9764K, capacity 9980K, committed 10112K, reserved 1058816K
  class space    used 1309K, capacity 1388K, committed 1408K, reserved 1048576K
}
Event: 3.424 GC heap before
{Heap before GC invocations=5 (full 0):
 PSYoungGen      total 35328K, used 35296K [0x00000000e0000000, 0x00000000e2500000, 0x0000000100000000)
  eden space 32768K, 100% used [0x00000000e0000000,0x00000000e2000000,0x00000000e2000000)
  from space 2560K, 98% used [0x00000000e2280000,0x00000000e24f8040,0x00000000e2500000)
  to   space 2560K, 0% used [0x00000000e2000000,0x00000000e2000000,0x00000000e2280000)
 ParOldGen       total 44032K, used 2595K [0x00000000a0000000, 0x00000000a2b00000, 0x00000000e0000000)
  object space 44032K, 5% used [0x00000000a0000000,0x00000000a0288f58,0x00000000a2b00000)
 Metaspace       used 13582K, capacity 13966K, committed 14208K, reserved 1060864K
  class space    used 1914K, capacity 2059K, committed 2176K, reserved 1048576K
Event: 3.443 GC heap after
Heap after GC invocations=5 (full 0):
 PSYoungGen      total 35328K, used 2544K [0x00000000e0000000, 0x00000000e4d00000, 0x0000000100000000)
  eden space 32768K, 0% used [0x00000000e0000000,0x00000000e0000000,0x00000000e2000000)
  from space 2560K, 99% used [0x00000000e2000000,0x00000000e227c010,0x00000000e2280000)
  to   space 6656K, 0% used [0x00000000e4680000,0x00000000e4680000,0x00000000e4d00000)
 ParOldGen       total 44032K, used 6537K [0x00000000a0000000, 0x00000000a2b00000, 0x00000000e0000000)
  object space 44032K, 14% used [0x00000000a0000000,0x00000000a06625a0,0x00000000a2b00000)
 Metaspace       used 13582K, capacity 13966K, committed 14208K, reserved 1060864K
  class space    used 1914K, capacity 2059K, committed 2176K, reserved 1048576K
}
Event: 4.051 GC heap before
{Heap before GC invocations=6 (full 0):
 PSYoungGen      total 35328K, used 35312K [0x00000000e0000000, 0x00000000e4d00000, 0x0000000100000000)
  eden space 32768K, 100% used [0x00000000e0000000,0x00000000e2000000,0x00000000e2000000)
  from space 2560K, 99% used [0x00000000e2000000,0x00000000e227c010,0x00000000e2280000)
  to   space 6656K, 0% used [0x00000000e4680000,0x00000000e4680000,0x00000000e4d00000)
 ParOldGen       total 44032K, used 6537K [0x00000000a0000000, 0x00000000a2b00000, 0x00000000e0000000)
  object space 44032K, 14% used [0x00000000a0000000,0x00000000a06625a0,0x00000000a2b00000)
 Metaspace       used 16552K, capacity 16958K, committed 17152K, reserved 1064960K
  class space    used 2393K, capacity 2549K, committed 2560K, reserved 1048576K
Event: 4.063 GC heap after
Heap after GC invocations=6 (full 0):
 PSYoungGen      total 71168K, used 6382K [0x00000000e0000000, 0x00000000e4f00000, 0x0000000100000000)
  eden space 64512K, 0% used [0x00000000e0000000,0x00000000e0000000,0x00000000e3f00000)
  from space 6656K, 95% used [0x00000000e4680000,0x00000000e4cbb868,0x00000000e4d00000)
  to   space 7680K, 0% used [0x00000000e3f00000,0x00000000e3f00000,0x00000000e4680000)
 ParOldGen       total 44032K, used 6545K [0x00000000a0000000, 0x00000000a2b00000, 0x00000000e0000000)
  object space 44032K, 14% used [0x00000000a0000000,0x00000000a06645a0,0x00000000a2b00000)
 Metaspace       used 16552K, capacity 16958K, committed 17152K, reserved 1064960K
  class space    used 2393K, capacity 2549K, committed 2560K, reserved 1048576K
}
Event: 4.955 GC heap before
{Heap before GC invocations=7 (full 0):
 PSYoungGen      total 71168K, used 39366K [0x00000000e0000000, 0x00000000e4f00000, 0x0000000100000000)
  eden space 64512K, 51% used [0x00000000e0000000,0x00000000e2035fc0,0x00000000e3f00000)
  from space 6656K, 95% used [0x00000000e4680000,0x00000000e4cbb868,0x00000000e4d00000)
  to   space 7680K, 0% used [0x00000000e3f00000,0x00000000e3f00000,0x00000000e4680000)
 ParOldGen       total 44032K, used 6545K [0x00000000a0000000, 0x00000000a2b00000, 0x00000000e0000000)
  object space 44032K, 14% used [0x00000000a0000000,0x00000000a06645a0,0x00000000a2b00000)
 Metaspace       used 20688K, capacity 21136K, committed 21296K, reserved 1067008K
  class space    used 2913K, capacity 3117K, committed 3200K, reserved 1048576K
Event: 4.973 GC heap after
Heap after GC invocations=7 (full 0):
 PSYoungGen      total 72192K, used 7355K [0x00000000e0000000, 0x00000000e8f00000, 0x0000000100000000)
  eden space 64512K, 0% used [0x00000000e0000000,0x00000000e0000000,0x00000000e3f00000)
  from space 7680K, 95% used [0x00000000e3f00000,0x00000000e462ed68,0x00000000e4680000)
  to   space 8704K, 0% used [0x00000000e8680000,0x00000000e8680000,0x00000000e8f00000)
 ParOldGen       total 44032K, used 7345K [0x00000000a0000000, 0x00000000a2b00000, 0x00000000e0000000)
  object space 44032K, 16% used [0x00000000a0000000,0x00000000a072c5e0,0x00000000a2b00000)
 Metaspace       used 20688K, capacity 21136K, committed 21296K, reserved 1067008K
  class space    used 2913K, capacity 3117K, committed 3200K, reserved 1048576K
}
Event: 4.973 GC heap before
{Heap before GC invocations=8 (full 1):
 PSYoungGen      total 72192K, used 7355K [0x00000000e0000000, 0x00000000e8f00000, 0x0000000100000000)
  eden space 64512K, 0% used [0x00000000e0000000,0x00000000e0000000,0x00000000e3f00000)
  from space 7680K, 95% used [0x00000000e3f00000,0x00000000e462ed68,0x00000000e4680000)
  to   space 8704K, 0% used [0x00000000e8680000,0x00000000e8680000,0x00000000e8f00000)
 ParOldGen       total 44032K, used 7345K [0x00000000a0000000, 0x00000000a2b00000, 0x00000000e0000000)
  object space 44032K, 16% used [0x00000000a0000000,0x00000000a072c5e0,0x00000000a2b00000)
 Metaspace       used 20688K, capacity 21136K, committed 21296K, reserved 1067008K
  class space    used 2913K, capacity 3117K, committed 3200K, reserved 1048576K
Event: 5.088 GC heap after
Heap after GC invocations=8 (full 1):
 PSYoungGen      total 72192K, used 0K [0x00000000e0000000, 0x00000000e8f00000, 0x0000000100000000)
  eden space 64512K, 0% used [0x00000000e0000000,0x00000000e0000000,0x00000000e3f00000)
  from space 7680K, 0% used [0x00000000e3f00000,0x00000000e3f00000,0x00000000e4680000)
  to   space 8704K, 0% used [0x00000000e8680000,0x00000000e8680000,0x00000000e8f00000)
 ParOldGen       total 39424K, used 9707K [0x00000000a0000000, 0x00000000a2680000, 0x00000000e0000000)
  object space 39424K, 24% used [0x00000000a0000000,0x00000000a097aea8,0x00000000a2680000)
 Metaspace       used 20688K, capacity 21136K, committed 21296K, reserved 1067008K
  class space    used 2913K, capacity 3117K, committed 3200K, reserved 1048576K
}

Deoptimization events (10 events):
Event: 4.389 Thread 0x0000000019736000 Uncommon trap: reason=bimorphic action=maybe_recompile pc=0x000000000302ebdc method=java.lang.ClassLoader.loadClass(Ljava/lang/String;Z)Ljava/lang/Class; @ 38
Event: 4.390 Thread 0x0000000019736000 Uncommon trap: reason=bimorphic action=maybe_recompile pc=0x000000000302ebdc method=java.lang.ClassLoader.loadClass(Ljava/lang/String;Z)Ljava/lang/Class; @ 38
Event: 4.535 Thread 0x0000000019736000 Uncommon trap: reason=unstable_if action=reinterpret pc=0x0000000002e894fc method=java.lang.AbstractStringBuilder.append(Ljava/lang/String;)Ljava/lang/AbstractStringBuilder; @ 1
Event: 4.535 Thread 0x0000000019736000 Uncommon trap: reason=unstable_if action=reinterpret pc=0x0000000002de2274 method=java.lang.AbstractStringBuilder.append(Ljava/lang/String;)Ljava/lang/AbstractStringBuilder; @ 1
Event: 4.605 Thread 0x0000000019736000 Uncommon trap: reason=class_check action=maybe_recompile pc=0x0000000002d43ca8 method=java.lang.String.equals(Ljava/lang/Object;)Z @ 8
Event: 4.605 Thread 0x0000000019736000 Uncommon trap: reason=class_check action=maybe_recompile pc=0x0000000002d43ca8 method=java.lang.String.equals(Ljava/lang/Object;)Z @ 8
Event: 4.606 Thread 0x0000000019736000 Uncommon trap: reason=class_check action=maybe_recompile pc=0x0000000002d43ca8 method=java.lang.String.equals(Ljava/lang/Object;)Z @ 8
Event: 4.606 Thread 0x0000000019736000 Uncommon trap: reason=class_check action=maybe_recompile pc=0x0000000002d43ca8 method=java.lang.String.equals(Ljava/lang/Object;)Z @ 8
Event: 4.656 Thread 0x0000000019736000 Uncommon trap: reason=class_check action=maybe_recompile pc=0x0000000002db1a48 method=sun.misc.URLClassPath.getLoader(I)Lsun/misc/URLClassPath$Loader; @ 94
Event: 4.656 Thread 0x0000000019736000 Uncommon trap: reason=class_check action=maybe_recompile pc=0x000000000314b868 method=sun.misc.URLClassPath.getResource(Ljava/lang/String;Z)Lsun/misc/Resource; @ 62

Classes redefined (0 events):
No events

Internal exceptions (10 events):
Event: 5.775 Thread 0x0000000019736000 Exception <a 'java/lang/ClassNotFoundException': org/gradle/groovy/scripts/BasicScriptCustomizer> (0x00000000e06e4c68) thrown at [D:\src\AOSP-openjdk-cygwin\jdk8u\hotspot\src\share\vm\classfile\systemDictionary.cpp, line 210]
Event: 5.777 Thread 0x0000000019736000 Exception <a 'java/lang/ClassNotFoundException': org/gradle/groovy/scripts/DefaultScriptCustomizer> (0x00000000e07070e8) thrown at [D:\src\AOSP-openjdk-cygwin\jdk8u\hotspot\src\share\vm\classfile\systemDictionary.cpp, line 210]
Event: 5.784 Thread 0x0000000019736000 Exception <a 'java/lang/ClassNotFoundException': org/gradle/initialization/InitScriptCustomizer> (0x00000000e0744ee8) thrown at [D:\src\AOSP-openjdk-cygwin\jdk8u\hotspot\src\share\vm\classfile\systemDictionary.cpp, line 210]
Event: 5.785 Thread 0x0000000019736000 Exception <a 'java/lang/ClassNotFoundException': sync_java_lib9_dgd4yn7m3ecqnj20ekhhnqdxlCustomizer> (0x00000000e0759958) thrown at [D:\src\AOSP-openjdk-cygwin\jdk8u\hotspot\src\share\vm\classfile\systemDictionary.cpp, line 210]
Event: 5.817 Thread 0x0000000019736000 Exception <a 'java/lang/ClassNotFoundException': org/gradle/api/internal/plugins/DefaultExtraPropertiesExtensionBeanInfo> (0x00000000e087f2c0) thrown at [D:\src\AOSP-openjdk-cygwin\jdk8u\hotspot\src\share\vm\classfile\systemDictionary.cpp, line 210]
Event: 5.818 Thread 0x0000000019736000 Exception <a 'java/lang/ClassNotFoundException': org/gradle/api/internal/plugins/DefaultExtraPropertiesExtensionCustomizer> (0x00000000e0898120) thrown at [D:\src\AOSP-openjdk-cygwin\jdk8u\hotspot\src\share\vm\classfile\systemDictionary.cpp, line 210]
Event: 5.837 Thread 0x0000000019736000 Exception <a 'java/lang/ClassNotFoundException': groovy/lang/Closure$1BeanInfo> (0x00000000e094c888) thrown at [D:\src\AOSP-openjdk-cygwin\jdk8u\hotspot\src\share\vm\classfile\systemDictionary.cpp, line 210]
Event: 5.838 Thread 0x0000000019736000 Exception <a 'java/lang/ClassNotFoundException': groovy/lang/ClosureBeanInfo> (0x00000000e096efb0) thrown at [D:\src\AOSP-openjdk-cygwin\jdk8u\hotspot\src\share\vm\classfile\systemDictionary.cpp, line 210]
Event: 5.840 Thread 0x0000000019736000 Exception <a 'java/lang/ClassNotFoundException': groovy/lang/ClosureCustomizer> (0x00000000e0991ec0) thrown at [D:\src\AOSP-openjdk-cygwin\jdk8u\hotspot\src\share\vm\classfile\systemDictionary.cpp, line 210]
Event: 5.848 Thread 0x0000000019736000 Exception <a 'java/lang/ClassNotFoundException': groovy/lang/Closure$1Customizer> (0x00000000e09dd398) thrown at [D:\src\AOSP-openjdk-cygwin\jdk8u\hotspot\src\share\vm\classfile\systemDictionary.cpp, line 210]

Events (10 events):
Event: 5.956 Executing VM operation: RevokeBias
Event: 5.956 Executing VM operation: RevokeBias done
Event: 5.956 loading class org/codehaus/groovy/ast/GenericsType
Event: 5.956 loading class org/codehaus/groovy/ast/GenericsType done
Event: 5.960 loading class org/codehaus/groovy/classgen/asm/BytecodeHelper
Event: 5.960 loading class org/codehaus/groovy/classgen/asm/BytecodeHelper done
Event: 5.961 loading class org/codehaus/groovy/runtime/typehandling/DefaultTypeTransformation
Event: 5.961 loading class org/codehaus/groovy/runtime/typehandling/DefaultTypeTransformation done
Event: 5.963 loading class groovyjarjarasm/asm/Type
Event: 5.963 loading class groovyjarjarasm/asm/Type done


Dynamic libraries:
0x00007ff61f3c0000 - 0x00007ff61f3f1000 	C:\Program Files\Android\Android Studio\jre\bin\java.exe
0x00007ffbfcef0000 - 0x00007ffbfd0d1000 	C:\WINDOWS\SYSTEM32\ntdll.dll
0x00007ffbfc950000 - 0x00007ffbfca02000 	C:\WINDOWS\System32\KERNEL32.DLL
0x00007ffbfa060000 - 0x00007ffbfa2d3000 	C:\WINDOWS\System32\KERNELBASE.dll
0x00007ffbfa500000 - 0x00007ffbfa5a1000 	C:\WINDOWS\System32\ADVAPI32.dll
0x00007ffbfca10000 - 0x00007ffbfcaae000 	C:\WINDOWS\System32\msvcrt.dll
0x00007ffbfaea0000 - 0x00007ffbfaefb000 	C:\WINDOWS\System32\sechost.dll
0x00007ffbfcab0000 - 0x00007ffbfcbd4000 	C:\WINDOWS\System32\RPCRT4.dll
0x00007ffbfcc60000 - 0x00007ffbfcdf0000 	C:\WINDOWS\System32\USER32.dll
0x00007ffbf9f90000 - 0x00007ffbf9fb0000 	C:\WINDOWS\System32\win32u.dll
0x00007ffbfc5d0000 - 0x00007ffbfc5f8000 	C:\WINDOWS\System32\GDI32.dll
0x00007ffbf92c0000 - 0x00007ffbf9452000 	C:\WINDOWS\System32\gdi32full.dll
0x00007ffbfa2e0000 - 0x00007ffbfa37f000 	C:\WINDOWS\System32\msvcp_win.dll
0x00007ffbf9e90000 - 0x00007ffbf9f8a000 	C:\WINDOWS\System32\ucrtbase.dll
0x00007ffbe3ca0000 - 0x00007ffbe3f09000 	C:\WINDOWS\WinSxS\amd64_microsoft.windows.common-controls_6595b64144ccf1df_6.0.17134.1_none_e4da93291059d8fb\COMCTL32.dll
0x00007ffbfc620000 - 0x00007ffbfc943000 	C:\WINDOWS\System32\combase.dll
0x00007ffbf9b70000 - 0x00007ffbf9bea000 	C:\WINDOWS\System32\bcryptPrimitives.dll
0x00007ffbfaab0000 - 0x00007ffbfaadd000 	C:\WINDOWS\System32\IMM32.DLL
0x00007ffbf8d20000 - 0x00007ffbf8d56000 	C:\WINDOWS\system32\DriverStore\FileRepository\nvam.inf_amd64_1aae4f19e68d0780\nvinitx.dll
0x00007ffbf8d10000 - 0x00007ffbf8d1a000 	C:\WINDOWS\SYSTEM32\VERSION.dll
0x00007ffbfaf00000 - 0x00007ffbfc340000 	C:\WINDOWS\System32\Shell32.dll
0x00007ffbf9e40000 - 0x00007ffbf9e89000 	C:\WINDOWS\System32\cfgmgr32.dll
0x00007ffbfaa00000 - 0x00007ffbfaaa9000 	C:\WINDOWS\System32\shcore.dll
0x00007ffbf9460000 - 0x00007ffbf9b6d000 	C:\WINDOWS\System32\windows.storage.dll
0x00007ffbfc570000 - 0x00007ffbfc5c1000 	C:\WINDOWS\System32\shlwapi.dll
0x00007ffbf9250000 - 0x00007ffbf9261000 	C:\WINDOWS\System32\kernel.appcore.dll
0x00007ffbf9270000 - 0x00007ffbf928f000 	C:\WINDOWS\System32\profapi.dll
0x00007ffbf9200000 - 0x00007ffbf924c000 	C:\WINDOWS\System32\powrprof.dll
0x00007ffbf92b0000 - 0x00007ffbf92ba000 	C:\WINDOWS\System32\FLTLIB.DLL
0x00000000528b0000 - 0x00000000528b6000 	C:\Program Files\NVIDIA Corporation\CoProcManager\_etoured.dll
0x00007ffbcc990000 - 0x00007ffbcc9d3000 	C:\Program Files\NVIDIA Corporation\CoProcManager\nvd3d9wrapx.dll
0x00007ffbfa5b0000 - 0x00007ffbfa9fb000 	C:\WINDOWS\System32\SETUPAPI.dll
0x00007ffbcc870000 - 0x00007ffbcc89d000 	C:\Program Files\NVIDIA Corporation\CoProcManager\nvdxgiwrapx.dll
0x00000000508b0000 - 0x0000000050982000 	C:\Program Files\Android\Android Studio\jre\jre\bin\msvcr100.dll
0x0000000050990000 - 0x00000000511d1000 	C:\Program Files\Android\Android Studio\jre\jre\bin\server\jvm.dll
0x00007ffbfc600000 - 0x00007ffbfc608000 	C:\WINDOWS\System32\PSAPI.DLL
0x00007ffbf7060000 - 0x00007ffbf7069000 	C:\WINDOWS\SYSTEM32\WSOCK32.dll
0x00007ffbfc4a0000 - 0x00007ffbfc50c000 	C:\WINDOWS\System32\WS2_32.dll
0x00007ffbf6f20000 - 0x00007ffbf6f43000 	C:\WINDOWS\SYSTEM32\WINMM.dll
0x00007ffbf6ad0000 - 0x00007ffbf6afa000 	C:\WINDOWS\SYSTEM32\WINMMBASE.dll
0x00007ffbf5a20000 - 0x00007ffbf5a2f000 	C:\Program Files\Android\Android Studio\jre\jre\bin\verify.dll
0x00007ffbf44d0000 - 0x00007ffbf44f9000 	C:\Program Files\Android\Android Studio\jre\jre\bin\java.dll
0x00007ffbf5a00000 - 0x00007ffbf5a16000 	C:\Program Files\Android\Android Studio\jre\jre\bin\zip.dll
0x00007ffbf3cc0000 - 0x00007ffbf3cda000 	C:\Program Files\Android\Android Studio\jre\jre\bin\net.dll
0x00007ffbf89d0000 - 0x00007ffbf8a36000 	C:\WINDOWS\system32\mswsock.dll
0x00007ffbf3c50000 - 0x00007ffbf3c61000 	C:\Program Files\Android\Android Studio\jre\jre\bin\nio.dll
0x00007ffbecac0000 - 0x00007ffbecade000 	C:\Users\Admin\.gradle\native\25\windows-amd64\native-platform.dll
0x00007ffbf5940000 - 0x00007ffbf594d000 	C:\Program Files\Android\Android Studio\jre\jre\bin\management.dll
0x00007ffbf8b80000 - 0x00007ffbf8b97000 	C:\WINDOWS\SYSTEM32\CRYPTSP.dll
0x00007ffbf85b0000 - 0x00007ffbf85e3000 	C:\WINDOWS\system32\rsaenh.dll
0x00007ffbf8d60000 - 0x00007ffbf8d85000 	C:\WINDOWS\SYSTEM32\bcrypt.dll
0x00007ffbf9130000 - 0x00007ffbf9158000 	C:\WINDOWS\SYSTEM32\USERENV.dll
0x00007ffbf8ba0000 - 0x00007ffbf8bab000 	C:\WINDOWS\SYSTEM32\CRYPTBASE.dll
0x00007ffbf8750000 - 0x00007ffbf8788000 	C:\WINDOWS\SYSTEM32\IPHLPAPI.DLL
0x00007ffbfac80000 - 0x00007ffbfac88000 	C:\WINDOWS\System32\NSI.dll
0x00007ffbf0420000 - 0x00007ffbf0436000 	C:\WINDOWS\SYSTEM32\dhcpcsvc6.DLL
0x00007ffbef7a0000 - 0x00007ffbef7ba000 	C:\WINDOWS\SYSTEM32\dhcpcsvc.DLL

VM Arguments:
jvm_args: -Xmx1536m -Dfile.encoding=windows-1252 -Duser.country=US -Duser.language=en -Duser.variant 
java_command: org.gradle.launcher.daemon.bootstrap.GradleDaemon 4.10.1
java_class_path (initial): C:\Users\Admin\.gradle\wrapper\dists\gradle-4.10.1-all\455itskqi2qtf0v2sja68alqd\gradle-4.10.1\lib\gradle-launcher-4.10.1.jar
Launcher Type: SUN_STANDARD

Environment Variables:
JAVA_HOME=C:\Program Files\Java\jdk1.8.0_161
JRE_HOME=C:\Program Files\Java\jre1.8.0_181
PATH=C:\Program Files (x86)\Common Files\Oracle\Java\javapath;C:\ProgramData\Oracle\Java\javapath;C:\WINDOWS\system32;C:\WINDOWS;C:\WINDOWS\System32\Wbem;C:\WINDOWS\System32\WindowsPowerShell\v1.0\;C:\Program Files\dotnet\;C:\Program Files\Microsoft SQL Server\120\DTS\Binn\;C:\Program Files\Microsoft SQL Server\Client SDK\ODBC\110\Tools\Binn\;C:\Program Files (x86)\Microsoft SQL Server\120\Tools\Binn\;C:\Program Files\Microsoft SQL Server\120\Tools\Binn\;C:\Program Files (x86)\Microsoft SQL Server\120\Tools\Binn\ManagementStudio\;C:\Program Files (x86)\Microsoft SQL Server\120\DTS\Binn\;C:\Program Files\Java\jdk1.8.0_161\bin;C:\WINDOWS\System32\OpenSSH\;D:\Program Files\Git\cmd;C:\Program Files\Microsoft SQL Server\130\Tools\Binn\;C:\Program Files\MongoDB\Server\4.0\bin;C:\Users\Admin\AppData\Local\Microsoft\WindowsApps;C:\Users\Admin\AppData\Local\GitHubDesktop\bin;C:\Program Files\MongoDB\Server\4.0\bin;
USERNAME=Nhân Hòa
OS=Windows_NT
PROCESSOR_IDENTIFIER=Intel64 Family 6 Model 42 Stepping 7, GenuineIntel



---------------  S Y S T E M  ---------------

OS: Windows 10.0 , 64 bit Build 17134 (10.0.17134.1)

CPU:total 4 (initial active 4) (2 cores per cpu, 2 threads per core) family 6 model 42 stepping 7, cmov, cx8, fxsr, mmx, sse, sse2, sse3, ssse3, sse4.1, sse4.2, popcnt, avx, aes, clmul, ht, tsc, tscinvbit

Memory: 4k page, physical 4102856k(517084k free), swap 6150856k(6356k free)

vm_info: OpenJDK 64-Bit Server VM (25.152-b01) for windows-amd64 JRE (1.8.0_152-release-1343-b01), built by "builder" with MS VC++ 10.0 (VS2010)

time: Fri Apr 26 20:32:01 2019
elapsed time: 5 seconds (0d 0h 0m 5s)

