#
# There is insufficient memory for the Java Runtime Environment to continue.
# Native memory allocation (malloc) failed to allocate 894016 bytes for Chunk::new
# Possible reasons:
#   The system is out of physical RAM or swap space
#   In 32 bit mode, the process size limit was hit
# Possible solutions:
#   Reduce memory load on the system
#   Increase physical memory or swap space
#   Check if swap backing store is full
#   Use 64 bit Java on a 64 bit OS
#   Decrease Java heap size (-Xmx/-Xms)
#   Decrease number of Java threads
#   Decrease Java thread stack sizes (-Xss)
#   Set larger code cache with -XX:ReservedCodeCacheSize=
# This output file may be truncated or incomplete.
#
#  Out of Memory Error (allocation.cpp:390), pid=9904, tid=0x000000000000089c
#
# JRE version: OpenJDK Runtime Environment (8.0_152-b01) (build 1.8.0_152-release-1343-b01)
# Java VM: OpenJDK 64-Bit Server VM (25.152-b01 mixed mode windows-amd64 compressed oops)
# Failed to write core dump. Minidumps are not enabled by default on client versions of Windows
#

---------------  T H R E A D  ---------------

Current thread (0x000000001609a000):  JavaThread "C2 CompilerThread1" daemon [_thread_in_native, id=2204, stack(0x0000000017780000,0x0000000017880000)]

Stack: [0x0000000017780000,0x0000000017880000]
[error occurred during error reporting (printing stack bounds), id 0xc0000005]

Native frames: (J=compiled Java code, j=interpreted, Vv=VM code, C=native code)


Current CompileTask:
C2:3299668 20296       4       com.android.tools.r8.ir.regalloc.LinearScanRegisterAllocator::setLocalsAtEntry (439 bytes)


---------------  P R O C E S S  ---------------

Java Threads: ( => current thread )
  0x000000001d8c0800 JavaThread "ForkJoinPool.commonPool-worker-3" daemon [_thread_blocked, id=1960, stack(0x000000002cd80000,0x000000002ce80000)]
  0x000000001d8c4000 JavaThread "ForkJoinPool.commonPool-worker-2" daemon [_thread_in_Java, id=6672, stack(0x000000002cc80000,0x000000002cd80000)]
  0x000000001d8c6800 JavaThread "ForkJoinPool.commonPool-worker-1" daemon [_thread_blocked, id=4004, stack(0x000000002cb80000,0x000000002cc80000)]
  0x000000001b32c000 JavaThread "Cache worker for Java compile cache (D:\Documents\AndroidProjects\Quanlydanhba\.gradle\5.1.1\javaCompile)" [_thread_blocked, id=11144, stack(0x000000002c680000,0x000000002c780000)]
  0x000000001c88b000 JavaThread "stdout" daemon [_thread_in_native, id=7748, stack(0x000000002c580000,0x000000002c680000)]
  0x000000001c88d000 JavaThread "stdout" daemon [_thread_in_native, id=4632, stack(0x000000002c480000,0x000000002c580000)]
  0x000000001c88a000 JavaThread "stderr" daemon [_thread_in_native, id=2944, stack(0x000000002c380000,0x000000002c480000)]
  0x000000001c889800 JavaThread "stdout" daemon [_thread_in_native, id=5688, stack(0x000000002c280000,0x000000002c380000)]
  0x000000001c888000 JavaThread "stderr" daemon [_thread_in_native, id=11016, stack(0x000000002c180000,0x000000002c280000)]
  0x000000001c888800 JavaThread "stderr" daemon [_thread_in_native, id=11000, stack(0x000000002c080000,0x000000002c180000)]
  0x000000001c88c800 JavaThread "pool-8-thread-1" [_thread_blocked, id=7768, stack(0x000000002bf80000,0x000000002c080000)]
  0x000000001b328800 JavaThread "Cache worker for execution history cache (D:\Documents\AndroidProjects\Quanlydanhba\.gradle\5.1.1\executionHistory)" [_thread_blocked, id=1600, stack(0x000000002bb80000,0x000000002bc80000)]
  0x000000001b321000 JavaThread "Execution worker for ':' Thread 3" [_thread_blocked, id=10560, stack(0x000000002ba80000,0x000000002bb80000)]
  0x000000001b327800 JavaThread "Execution worker for ':' Thread 2" [_thread_blocked, id=5956, stack(0x000000002b980000,0x000000002ba80000)]
  0x000000001b326000 JavaThread "Execution worker for ':'" [_thread_blocked, id=11176, stack(0x000000002b880000,0x000000002b980000)]
  0x000000001b323000 JavaThread "Cache worker for file content cache (D:\Documents\AndroidProjects\Quanlydanhba\.gradle\5.1.1\fileContent)" [_thread_blocked, id=1668, stack(0x000000002b780000,0x000000002b880000)]
  0x000000001d19e000 JavaThread "Cache worker for Build Output Cleanup Cache (D:\Documents\AndroidProjects\Quanlydanhba\.gradle\buildOutputCleanup)" [_thread_blocked, id=8500, stack(0x000000002b680000,0x000000002b780000)]
  0x000000001d19c000 JavaThread "Build operations Thread 4" [_thread_blocked, id=3988, stack(0x000000002b580000,0x000000002b680000)]
  0x000000001d19b000 JavaThread "Build operations Thread 3" [_thread_blocked, id=3740, stack(0x000000002b480000,0x000000002b580000)]
  0x000000001d199800 JavaThread "Build operations Thread 2" [_thread_blocked, id=2508, stack(0x000000002b380000,0x000000002b480000)]
  0x000000001d19c800 JavaThread "Build operations" [_thread_blocked, id=9084, stack(0x000000002b280000,0x000000002b380000)]
  0x000000001d198000 JavaThread "Cache worker for cache directory md-rule (C:\Users\Admin\.gradle\caches\5.1.1\md-rule)" [_thread_blocked, id=4128, stack(0x000000002b180000,0x000000002b280000)]
  0x000000001d199000 JavaThread "Cache worker for cache directory md-supplier (C:\Users\Admin\.gradle\caches\5.1.1\md-supplier)" [_thread_blocked, id=9696, stack(0x000000002b080000,0x000000002b180000)]
  0x000000001d193800 JavaThread "Cache worker for file hash cache (D:\Documents\AndroidProjects\Quanlydanhba\.gradle\5.1.1\fileHashes)" [_thread_blocked, id=7764, stack(0x000000002af80000,0x000000002b080000)]
  0x000000001d19a800 JavaThread "Thread-73" [_thread_blocked, id=8476, stack(0x000000002ae80000,0x000000002af80000)]
  0x000000001d197800 JavaThread "Stdin handler" [_thread_blocked, id=1264, stack(0x000000002ad80000,0x000000002ae80000)]
  0x000000001d196800 JavaThread "Asynchronous log dispatcher for DefaultDaemonConnection: socket connection from /127.0.0.1:50397 to /127.0.0.1:53672" [_thread_blocked, id=8840, stack(0x000000002ac80000,0x000000002ad80000)]
  0x000000001d190000 JavaThread "Daemon worker Thread 4" [_thread_blocked, id=2740, stack(0x000000002ab80000,0x000000002ac80000)]
  0x000000001d193000 JavaThread "Cancel handler" [_thread_blocked, id=10464, stack(0x000000002aa80000,0x000000002ab80000)]
  0x000000001d18f000 JavaThread "Handler for socket connection from /127.0.0.1:50397 to /127.0.0.1:53672" [_thread_in_native, id=3940, stack(0x000000002a980000,0x000000002aa80000)]
  0x000000001d191800 JavaThread "Daemon Thread 4" [_thread_blocked, id=8916, stack(0x000000002a880000,0x000000002a980000)]
  0x000000001b329000 JavaThread "Cache worker for Java compile cache (C:\Users\Admin\.gradle\caches\5.1.1\javaCompile)" [_thread_blocked, id=7348, stack(0x00000000227f0000,0x00000000228f0000)]
  0x000000001b322800 JavaThread "Cache worker for file content cache (C:\Users\Admin\.gradle\caches\5.1.1\fileContent)" [_thread_blocked, id=8856, stack(0x0000000021df0000,0x0000000021ef0000)]
  0x000000001b324800 JavaThread "Memory manager" [_thread_blocked, id=8888, stack(0x0000000021ba0000,0x0000000021ca0000)]
  0x000000001c88e000 JavaThread "Cache worker for execution history cache (C:\Users\Admin\.gradle\caches\5.1.1\executionHistory)" [_thread_blocked, id=10104, stack(0x000000001fba0000,0x000000001fca0000)]
  0x00000000192bc000 JavaThread "Cache worker for journal cache (C:\Users\Admin\.gradle\caches\journal-1)" [_thread_blocked, id=9824, stack(0x000000001a890000,0x000000001a990000)]
  0x00000000192b8800 JavaThread "File lock request listener" [_thread_in_native, id=3156, stack(0x000000001a790000,0x000000001a890000)]
  0x000000001931f800 JavaThread "Cache worker for file hash cache (C:\Users\Admin\.gradle\caches\5.1.1\fileHashes)" [_thread_blocked, id=8984, stack(0x000000001a690000,0x000000001a790000)]
  0x0000000018f88000 JavaThread "Daemon periodic checks" [_thread_blocked, id=8588, stack(0x0000000019c90000,0x0000000019d90000)]
  0x0000000018ea8000 JavaThread "Incoming local TCP Connector on port 50397" [_thread_in_native, id=6028, stack(0x0000000019a50000,0x0000000019b50000)]
  0x0000000017887000 JavaThread "Service Thread" daemon [_thread_blocked, id=8868, stack(0x0000000017d80000,0x0000000017e80000)]
  0x000000001609d800 JavaThread "C1 CompilerThread2" daemon [_thread_blocked, id=5060, stack(0x0000000017c80000,0x0000000017d80000)]
=>0x000000001609a000 JavaThread "C2 CompilerThread1" daemon [_thread_in_native, id=2204, stack(0x0000000017780000,0x0000000017880000)]
  0x000000001603c800 JavaThread "C2 CompilerThread0" daemon [_thread_in_native, id=8452, stack(0x0000000017680000,0x0000000017780000)]
  0x000000001603b000 JavaThread "Attach Listener" daemon [_thread_blocked, id=8760, stack(0x0000000017580000,0x0000000017680000)]
  0x000000001603a000 JavaThread "Signal Dispatcher" daemon [_thread_blocked, id=3868, stack(0x0000000017480000,0x0000000017580000)]
  0x00000000026c6000 JavaThread "Finalizer" daemon [_thread_blocked, id=3992, stack(0x0000000017290000,0x0000000017390000)]
  0x00000000026c0800 JavaThread "Reference Handler" daemon [_thread_blocked, id=8996, stack(0x0000000017190000,0x0000000017290000)]
  0x000000000242e800 JavaThread "main" [_thread_blocked, id=1824, stack(0x00000000024d0000,0x00000000025d0000)]

Other Threads:
  0x0000000016006000 VMThread [stack: 0x0000000017090000,0x0000000017190000] [id=8256]
  0x0000000017887800 WatcherThread [stack: 0x0000000017e80000,0x0000000017f80000] [id=9932]

VM state:not at safepoint (normal execution)

VM Mutex/Monitor currently owned by a thread: None

Heap:
 PSYoungGen      total 325632K, used 209672K [0x00000000e0000000, 0x00000000f7080000, 0x0000000100000000)
  eden space 300544K, 65% used [0x00000000e0000000,0x00000000ebfdb4b8,0x00000000f2580000)
  from space 25088K, 52% used [0x00000000f3d00000,0x00000000f49e6cb8,0x00000000f5580000)
  to   space 24064K, 0% used [0x00000000f2580000,0x00000000f2580000,0x00000000f3d00000)
 ParOldGen       total 135168K, used 47975K [0x00000000a0000000, 0x00000000a8400000, 0x00000000e0000000)
  object space 135168K, 35% used [0x00000000a0000000,0x00000000a2ed9db0,0x00000000a8400000)
 Metaspace       used 94091K, capacity 97856K, committed 98008K, reserved 1134592K
  class space    used 11826K, capacity 12512K, committed 12544K, reserved 1048576K

Card table byte_map: [0x0000000011a90000,0x0000000011da0000] byte_map_base: 0x0000000011590000

Marking Bits: (ParMarkBitMap*) 0x0000000060195aa0
 Begin Bits: [0x00000000123a0000, 0x0000000013ba0000)
 End Bits:   [0x0000000013ba0000, 0x00000000153a0000)

Polling page: 0x0000000002410000

CodeCache: size=245760Kb used=58142Kb max_used=58841Kb free=187617Kb
 bounds [0x00000000026d0000, 0x0000000006090000, 0x00000000116d0000]
 total_blobs=17876 nmethods=16985 adapters=801
 compilation: enabled

Compilation events (10 events):
Event: 3299.027 Thread 0x000000001609d800 20694       3       com.google.common.io.MultiInputStream::<init> (20 bytes)
Event: 3299.027 Thread 0x000000001609d800 nmethod 20694 0x0000000005bc0050 code [0x0000000005bc01e0, 0x0000000005bc0598]
Event: 3299.040 Thread 0x000000001609d800 20695   !   3       com.android.tools.build.apkzlib.zip.ZFile::notify (128 bytes)
Event: 3299.041 Thread 0x000000001609d800 nmethod 20695 0x000000000477b410 code [0x000000000477b660, 0x000000000477c458]
Event: 3299.042 Thread 0x000000001609d800 20696       3       com.android.tools.build.apkzlib.zip.FileUseMap::coalesce (178 bytes)
Event: 3299.047 Thread 0x000000001609d800 nmethod 20696 0x0000000005c8bed0 code [0x0000000005c8c420, 0x0000000005c8f668]
Event: 3299.047 Thread 0x000000001609d800 20698       3       sun.security.provider.SHA2::implReset (19 bytes)
Event: 3299.047 Thread 0x000000001609d800 nmethod 20698 0x000000000477afd0 code [0x000000000477b140, 0x000000000477b348]
Event: 3299.047 Thread 0x000000001609d800 20697       3       sun.security.provider.SHA2::implDigest (98 bytes)
Event: 3299.048 Thread 0x000000001609d800 nmethod 20697 0x0000000005bbf890 code [0x0000000005bbfa40, 0x0000000005bbff08]

GC Heap History (10 events):
Event: 3285.629 GC heap before
{Heap before GC invocations=32 (full 4):
 PSYoungGen      total 308224K, used 292233K [0x00000000e0000000, 0x00000000f6280000, 0x0000000100000000)
  eden space 282112K, 100% used [0x00000000e0000000,0x00000000f1380000,0x00000000f1380000)
  from space 26112K, 38% used [0x00000000f1380000,0x00000000f1d62538,0x00000000f2d00000)
  to   space 25600K, 0% used [0x00000000f4980000,0x00000000f4980000,0x00000000f6280000)
 ParOldGen       total 135168K, used 47207K [0x00000000a0000000, 0x00000000a8400000, 0x00000000e0000000)
  object space 135168K, 34% used [0x00000000a0000000,0x00000000a2e19d80,0x00000000a8400000)
 Metaspace       used 93800K, capacity 97526K, committed 97752K, reserved 1134592K
  class space    used 11808K, capacity 12487K, committed 12544K, reserved 1048576K
Event: 3285.660 GC heap after
Heap after GC invocations=32 (full 4):
 PSYoungGen      total 335360K, used 10579K [0x00000000e0000000, 0x00000000f6080000, 0x0000000100000000)
  eden space 311808K, 0% used [0x00000000e0000000,0x00000000e0000000,0x00000000f3080000)
  from space 23552K, 44% used [0x00000000f4980000,0x00000000f53d4c60,0x00000000f6080000)
  to   space 24576K, 0% used [0x00000000f3080000,0x00000000f3080000,0x00000000f4880000)
 ParOldGen       total 135168K, used 47215K [0x00000000a0000000, 0x00000000a8400000, 0x00000000e0000000)
  object space 135168K, 34% used [0x00000000a0000000,0x00000000a2e1bd80,0x00000000a8400000)
 Metaspace       used 93800K, capacity 97526K, committed 97752K, reserved 1134592K
  class space    used 11808K, capacity 12487K, committed 12544K, reserved 1048576K
}
Event: 3288.876 GC heap before
{Heap before GC invocations=33 (full 4):
 PSYoungGen      total 335360K, used 322387K [0x00000000e0000000, 0x00000000f6080000, 0x0000000100000000)
  eden space 311808K, 100% used [0x00000000e0000000,0x00000000f3080000,0x00000000f3080000)
  from space 23552K, 44% used [0x00000000f4980000,0x00000000f53d4c60,0x00000000f6080000)
  to   space 24576K, 0% used [0x00000000f3080000,0x00000000f3080000,0x00000000f4880000)
 ParOldGen       total 135168K, used 47215K [0x00000000a0000000, 0x00000000a8400000, 0x00000000e0000000)
  object space 135168K, 34% used [0x00000000a0000000,0x00000000a2e1bd80,0x00000000a8400000)
 Metaspace       used 93836K, capacity 97532K, committed 97752K, reserved 1134592K
  class space    used 11809K, capacity 12488K, committed 12544K, reserved 1048576K
Event: 3288.913 GC heap after
Heap after GC invocations=33 (full 4):
 PSYoungGen      total 336384K, used 17315K [0x00000000e0000000, 0x00000000f6080000, 0x0000000100000000)
  eden space 311808K, 0% used [0x00000000e0000000,0x00000000e0000000,0x00000000f3080000)
  from space 24576K, 70% used [0x00000000f3080000,0x00000000f4168f78,0x00000000f4880000)
  to   space 23552K, 0% used [0x00000000f4980000,0x00000000f4980000,0x00000000f6080000)
 ParOldGen       total 135168K, used 47215K [0x00000000a0000000, 0x00000000a8400000, 0x00000000e0000000)
  object space 135168K, 34% used [0x00000000a0000000,0x00000000a2e1bd80,0x00000000a8400000)
 Metaspace       used 93836K, capacity 97532K, committed 97752K, reserved 1134592K
  class space    used 11809K, capacity 12488K, committed 12544K, reserved 1048576K
}
Event: 3291.879 GC heap before
{Heap before GC invocations=34 (full 4):
 PSYoungGen      total 336384K, used 329123K [0x00000000e0000000, 0x00000000f6080000, 0x0000000100000000)
  eden space 311808K, 100% used [0x00000000e0000000,0x00000000f3080000,0x00000000f3080000)
  from space 24576K, 70% used [0x00000000f3080000,0x00000000f4168f78,0x00000000f4880000)
  to   space 23552K, 0% used [0x00000000f4980000,0x00000000f4980000,0x00000000f6080000)
 ParOldGen       total 135168K, used 47215K [0x00000000a0000000, 0x00000000a8400000, 0x00000000e0000000)
  object space 135168K, 34% used [0x00000000a0000000,0x00000000a2e1bd80,0x00000000a8400000)
 Metaspace       used 93846K, capacity 97532K, committed 97752K, reserved 1134592K
  class space    used 11809K, capacity 12488K, committed 12544K, reserved 1048576K
Event: 3291.904 GC heap after
Heap after GC invocations=34 (full 4):
 PSYoungGen      total 335360K, used 17872K [0x00000000e0000000, 0x00000000f6080000, 0x0000000100000000)
  eden space 311808K, 0% used [0x00000000e0000000,0x00000000e0000000,0x00000000f3080000)
  from space 23552K, 75% used [0x00000000f4980000,0x00000000f5af42a0,0x00000000f6080000)
  to   space 24576K, 0% used [0x00000000f3080000,0x00000000f3080000,0x00000000f4880000)
 ParOldGen       total 135168K, used 47223K [0x00000000a0000000, 0x00000000a8400000, 0x00000000e0000000)
  object space 135168K, 34% used [0x00000000a0000000,0x00000000a2e1dd80,0x00000000a8400000)
 Metaspace       used 93846K, capacity 97532K, committed 97752K, reserved 1134592K
  class space    used 11809K, capacity 12488K, committed 12544K, reserved 1048576K
}
Event: 3294.669 GC heap before
{Heap before GC invocations=35 (full 4):
 PSYoungGen      total 335360K, used 329680K [0x00000000e0000000, 0x00000000f6080000, 0x0000000100000000)
  eden space 311808K, 100% used [0x00000000e0000000,0x00000000f3080000,0x00000000f3080000)
  from space 23552K, 75% used [0x00000000f4980000,0x00000000f5af42a0,0x00000000f6080000)
  to   space 24576K, 0% used [0x00000000f3080000,0x00000000f3080000,0x00000000f4880000)
 ParOldGen       total 135168K, used 47223K [0x00000000a0000000, 0x00000000a8400000, 0x00000000e0000000)
  object space 135168K, 34% used [0x00000000a0000000,0x00000000a2e1dd80,0x00000000a8400000)
 Metaspace       used 93901K, capacity 97672K, committed 97752K, reserved 1134592K
  class space    used 11811K, capacity 12490K, committed 12544K, reserved 1048576K
Event: 3294.686 GC heap after
Heap after GC invocations=35 (full 4):
 PSYoungGen      total 311808K, used 11926K [0x00000000e0000000, 0x00000000f5580000, 0x0000000100000000)
  eden space 299520K, 0% used [0x00000000e0000000,0x00000000e0000000,0x00000000f2480000)
  from space 12288K, 97% used [0x00000000f3080000,0x00000000f3c25a48,0x00000000f3c80000)
  to   space 25088K, 0% used [0x00000000f3d00000,0x00000000f3d00000,0x00000000f5580000)
 ParOldGen       total 135168K, used 47543K [0x00000000a0000000, 0x00000000a8400000, 0x00000000e0000000)
  object space 135168K, 35% used [0x00000000a0000000,0x00000000a2e6dd90,0x00000000a8400000)
 Metaspace       used 93901K, capacity 97672K, committed 97752K, reserved 1134592K
  class space    used 11811K, capacity 12490K, committed 12544K, reserved 1048576K
}
Event: 3297.046 GC heap before
{Heap before GC invocations=36 (full 4):
 PSYoungGen      total 311808K, used 311446K [0x00000000e0000000, 0x00000000f5580000, 0x0000000100000000)
  eden space 299520K, 100% used [0x00000000e0000000,0x00000000f2480000,0x00000000f2480000)
  from space 12288K, 97% used [0x00000000f3080000,0x00000000f3c25a48,0x00000000f3c80000)
  to   space 25088K, 0% used [0x00000000f3d00000,0x00000000f3d00000,0x00000000f5580000)
 ParOldGen       total 135168K, used 47543K [0x00000000a0000000, 0x00000000a8400000, 0x00000000e0000000)
  object space 135168K, 35% used [0x00000000a0000000,0x00000000a2e6dd90,0x00000000a8400000)
 Metaspace       used 93943K, capacity 97714K, committed 98008K, reserved 1134592K
  class space    used 11817K, capacity 12499K, committed 12544K, reserved 1048576K
Event: 3297.080 GC heap after
Heap after GC invocations=36 (full 4):
 PSYoungGen      total 325632K, used 13211K [0x00000000e0000000, 0x00000000f7080000, 0x0000000100000000)
  eden space 300544K, 0% used [0x00000000e0000000,0x00000000e0000000,0x00000000f2580000)
  from space 25088K, 52% used [0x00000000f3d00000,0x00000000f49e6cb8,0x00000000f5580000)
  to   space 24064K, 0% used [0x00000000f2580000,0x00000000f2580000,0x00000000f3d00000)
 ParOldGen       total 135168K, used 47975K [0x00000000a0000000, 0x00000000a8400000, 0x00000000e0000000)
  object space 135168K, 35% used [0x00000000a0000000,0x00000000a2ed9db0,0x00000000a8400000)
 Metaspace       used 93943K, capacity 97714K, committed 98008K, reserved 1134592K
  class space    used 11817K, capacity 12499K, committed 12544K, reserved 1048576K
}

Deoptimization events (10 events):
Event: 3297.179 Thread 0x000000001d8c4000 Uncommon trap: reason=predicate action=maybe_recompile pc=0x00000000055434fc method=java.util.TimSort.mergeHi(IIII)V @ 191
Event: 3297.341 Thread 0x000000001d8c6800 Uncommon trap: reason=array_check action=maybe_recompile pc=0x0000000005b1c9b4 method=java.util.TimSort.mergeHi(IIII)V @ 250
Event: 3297.341 Thread 0x000000001d8c6800 Uncommon trap: reason=array_check action=maybe_recompile pc=0x0000000005b1c9b4 method=java.util.TimSort.mergeHi(IIII)V @ 250
Event: 3298.000 Thread 0x000000001d190000 Uncommon trap: reason=class_check action=maybe_recompile pc=0x00000000052621fc method=com.google.gson.stream.JsonWriter.string(Ljava/lang/String;)V @ 117
Event: 3298.347 Thread 0x000000001d8ce000 Uncommon trap: reason=array_check action=maybe_recompile pc=0x0000000005b138d0 method=java.util.TimSort.mergeHi(IIII)V @ 171
Event: 3298.621 Thread 0x000000001d190000 Uncommon trap: reason=bimorphic action=maybe_recompile pc=0x0000000005a9aa50 method=java.util.ArrayList$ArrayListSpliterator.tryAdvance(Ljava/util/function/Consumer;)Z @ 48
Event: 3298.648 Thread 0x000000001d8c4000 Uncommon trap: reason=class_check action=maybe_recompile pc=0x000000000536d9f8 method=com.google.common.collect.ImmutableMap.copyOf(Ljava/util/Map;)Lcom/google/common/collect/ImmutableMap; @ 49
Event: 3298.648 Thread 0x000000001d8c4000 Uncommon trap: reason=class_check action=maybe_recompile pc=0x000000000536d9f8 method=com.google.common.collect.ImmutableMap.copyOf(Ljava/util/Map;)Lcom/google/common/collect/ImmutableMap; @ 49
Event: 3298.649 Thread 0x000000001d8c4000 Uncommon trap: reason=class_check action=maybe_recompile pc=0x000000000536d9f8 method=com.google.common.collect.ImmutableMap.copyOf(Ljava/util/Map;)Lcom/google/common/collect/ImmutableMap; @ 49
Event: 3298.649 Thread 0x000000001d8c4000 Uncommon trap: reason=class_check action=maybe_recompile pc=0x000000000536d9f8 method=com.google.common.collect.ImmutableMap.copyOf(Ljava/util/Map;)Lcom/google/common/collect/ImmutableMap; @ 49

Classes redefined (0 events):
No events

Internal exceptions (10 events):
Event: 3297.984 Thread 0x000000001d8c6800 Exception <a 'sun/nio/fs/WindowsException'> (0x00000000e6e3a568) thrown at [D:\src\AOSP-openjdk-cygwin\jdk8u\hotspot\src\share\vm\prims\jni.cpp, line 709]
Event: 3297.986 Thread 0x000000001d8c4000 Exception <a 'sun/nio/fs/WindowsException'> (0x00000000e6c50730) thrown at [D:\src\AOSP-openjdk-cygwin\jdk8u\hotspot\src\share\vm\prims\jni.cpp, line 709]
Event: 3297.988 Thread 0x000000001d8c6800 Exception <a 'sun/nio/fs/WindowsException'> (0x00000000e6e44c30) thrown at [D:\src\AOSP-openjdk-cygwin\jdk8u\hotspot\src\share\vm\prims\jni.cpp, line 709]
Event: 3297.990 Thread 0x000000001d8c4000 Exception <a 'sun/nio/fs/WindowsException'> (0x00000000e6c55d98) thrown at [D:\src\AOSP-openjdk-cygwin\jdk8u\hotspot\src\share\vm\prims\jni.cpp, line 709]
Event: 3297.992 Thread 0x000000001d8c6800 Exception <a 'sun/nio/fs/WindowsException'> (0x00000000e6e4a110) thrown at [D:\src\AOSP-openjdk-cygwin\jdk8u\hotspot\src\share\vm\prims\jni.cpp, line 709]
Event: 3297.994 Thread 0x000000001d8c4000 Exception <a 'sun/nio/fs/WindowsException'> (0x00000000e6c5c8f8) thrown at [D:\src\AOSP-openjdk-cygwin\jdk8u\hotspot\src\share\vm\prims\jni.cpp, line 709]
Event: 3297.995 Thread 0x000000001d8c6800 Exception <a 'sun/nio/fs/WindowsException'> (0x00000000e6e4f298) thrown at [D:\src\AOSP-openjdk-cygwin\jdk8u\hotspot\src\share\vm\prims\jni.cpp, line 709]
Event: 3297.997 Thread 0x000000001d8c4000 Exception <a 'sun/nio/fs/WindowsException'> (0x00000000e6c62488) thrown at [D:\src\AOSP-openjdk-cygwin\jdk8u\hotspot\src\share\vm\prims\jni.cpp, line 709]
Event: 3298.246 Thread 0x000000001d8c5000 Exception <a 'sun/nio/fs/WindowsException'> (0x00000000e8051178) thrown at [D:\src\AOSP-openjdk-cygwin\jdk8u\hotspot\src\share\vm\prims\jni.cpp, line 709]
Event: 3298.361 Thread 0x000000001d8ce000 Exception <a 'sun/nio/fs/WindowsException'> (0x00000000e93250e8) thrown at [D:\src\AOSP-openjdk-cygwin\jdk8u\hotspot\src\share\vm\prims\jni.cpp, line 709]

Events (10 events):
Event: 3298.937 Executing VM operation: RevokeBias done
Event: 3298.937 Executing VM operation: RevokeBias
Event: 3298.937 Executing VM operation: RevokeBias done
Event: 3298.939 Executing VM operation: RevokeBias
Event: 3298.940 Executing VM operation: RevokeBias done
Event: 3298.940 Executing VM operation: RevokeBias
Event: 3298.940 Executing VM operation: RevokeBias done
Event: 3299.048 Executing VM operation: RevokeBias
Event: 3299.048 Executing VM operation: RevokeBias done
Event: 3299.048 Thread 0x000000001d8c5000 Thread exited: 0x000000001d8c5000


Dynamic libraries:
0x00007ff634310000 - 0x00007ff634341000 	C:\Program Files\Android\Android Studio\jre\bin\java.exe
0x00007fff882c0000 - 0x00007fff884a1000 	C:\WINDOWS\SYSTEM32\ntdll.dll
0x00007fff85ba0000 - 0x00007fff85c52000 	C:\WINDOWS\System32\KERNEL32.DLL
0x00007fff85280000 - 0x00007fff854f3000 	C:\WINDOWS\System32\KERNELBASE.dll
0x00007fff864e0000 - 0x00007fff86581000 	C:\WINDOWS\System32\ADVAPI32.dll
0x00007fff881e0000 - 0x00007fff8827e000 	C:\WINDOWS\System32\msvcrt.dll
0x00007fff865a0000 - 0x00007fff865fb000 	C:\WINDOWS\System32\sechost.dll
0x00007fff85db0000 - 0x00007fff85ed4000 	C:\WINDOWS\System32\RPCRT4.dll
0x00007fff85fd0000 - 0x00007fff86160000 	C:\WINDOWS\System32\USER32.dll
0x00007fff84f40000 - 0x00007fff84f60000 	C:\WINDOWS\System32\win32u.dll
0x00007fff867c0000 - 0x00007fff867e8000 	C:\WINDOWS\System32\GDI32.dll
0x00007fff85030000 - 0x00007fff851c2000 	C:\WINDOWS\System32\gdi32full.dll
0x00007fff84ea0000 - 0x00007fff84f3f000 	C:\WINDOWS\System32\msvcp_win.dll
0x00007fff84690000 - 0x00007fff8478a000 	C:\WINDOWS\System32\ucrtbase.dll
0x00007fff6fc10000 - 0x00007fff6fe79000 	C:\WINDOWS\WinSxS\amd64_microsoft.windows.common-controls_6595b64144ccf1df_6.0.17134.1_none_e4da93291059d8fb\COMCTL32.dll
0x00007fff87e40000 - 0x00007fff88163000 	C:\WINDOWS\System32\combase.dll
0x00007fff84fb0000 - 0x00007fff8502a000 	C:\WINDOWS\System32\bcryptPrimitives.dll
0x00007fff86430000 - 0x00007fff8645d000 	C:\WINDOWS\System32\IMM32.DLL
0x00007fff843a0000 - 0x00007fff843d6000 	C:\WINDOWS\system32\DriverStore\FileRepository\nvam.inf_amd64_1aae4f19e68d0780\nvinitx.dll
0x00007fff84200000 - 0x00007fff8420a000 	C:\WINDOWS\SYSTEM32\VERSION.dll
0x00007fff869f0000 - 0x00007fff87e30000 	C:\WINDOWS\System32\Shell32.dll
0x00007fff84f60000 - 0x00007fff84fa9000 	C:\WINDOWS\System32\cfgmgr32.dll
0x00007fff85c60000 - 0x00007fff85d09000 	C:\WINDOWS\System32\shcore.dll
0x00007fff84790000 - 0x00007fff84e9d000 	C:\WINDOWS\System32\windows.storage.dll
0x00007fff86480000 - 0x00007fff864d1000 	C:\WINDOWS\System32\shlwapi.dll
0x00007fff845e0000 - 0x00007fff845f1000 	C:\WINDOWS\System32\kernel.appcore.dll
0x00007fff84600000 - 0x00007fff8461f000 	C:\WINDOWS\System32\profapi.dll
0x00007fff84640000 - 0x00007fff8468c000 	C:\WINDOWS\System32\powrprof.dll
0x00007fff845d0000 - 0x00007fff845da000 	C:\WINDOWS\System32\FLTLIB.DLL
0x0000000061a00000 - 0x0000000061a06000 	C:\Program Files\NVIDIA Corporation\CoProcManager\_etoured.dll
0x00007fff60c90000 - 0x00007fff60cd3000 	C:\Program Files\NVIDIA Corporation\CoProcManager\nvd3d9wrapx.dll
0x00007fff85750000 - 0x00007fff85b9b000 	C:\WINDOWS\System32\SETUPAPI.dll
0x00007fff63420000 - 0x00007fff6344d000 	C:\Program Files\NVIDIA Corporation\CoProcManager\nvdxgiwrapx.dll
0x000000005f700000 - 0x000000005f7d2000 	C:\Program Files\Android\Android Studio\jre\jre\bin\msvcr100.dll
0x000000005f9d0000 - 0x0000000060211000 	C:\Program Files\Android\Android Studio\jre\jre\bin\server\jvm.dll
0x00007fff88280000 - 0x00007fff88288000 	C:\WINDOWS\System32\PSAPI.DLL
0x00007fff810a0000 - 0x00007fff810a9000 	C:\WINDOWS\SYSTEM32\WSOCK32.dll
0x00007fff88170000 - 0x00007fff881dc000 	C:\WINDOWS\System32\WS2_32.dll
0x00007fff81020000 - 0x00007fff81043000 	C:\WINDOWS\SYSTEM32\WINMM.dll
0x00007fff80ff0000 - 0x00007fff8101a000 	C:\WINDOWS\SYSTEM32\WINMMBASE.dll
0x00007fff80e00000 - 0x00007fff80e0f000 	C:\Program Files\Android\Android Studio\jre\jre\bin\verify.dll
0x00007fff7d210000 - 0x00007fff7d239000 	C:\Program Files\Android\Android Studio\jre\jre\bin\java.dll
0x00007fff7ef80000 - 0x00007fff7ef96000 	C:\Program Files\Android\Android Studio\jre\jre\bin\zip.dll
0x00007fff7c2b0000 - 0x00007fff7c2ca000 	C:\Program Files\Android\Android Studio\jre\jre\bin\net.dll
0x00007fff83da0000 - 0x00007fff83e06000 	C:\WINDOWS\system32\mswsock.dll
0x00007fff7b970000 - 0x00007fff7b981000 	C:\Program Files\Android\Android Studio\jre\jre\bin\nio.dll
0x00007fff7a160000 - 0x00007fff7a17e000 	C:\Users\Admin\.gradle\native\25\windows-amd64\native-platform.dll
0x00007fff80df0000 - 0x00007fff80dfd000 	C:\Program Files\Android\Android Studio\jre\jre\bin\management.dll
0x00007fff83f50000 - 0x00007fff83f67000 	C:\WINDOWS\SYSTEM32\CRYPTSP.dll
0x00007fff83980000 - 0x00007fff839b3000 	C:\WINDOWS\system32\rsaenh.dll
0x00007fff840e0000 - 0x00007fff84105000 	C:\WINDOWS\SYSTEM32\bcrypt.dll
0x00007fff844d0000 - 0x00007fff844f8000 	C:\WINDOWS\SYSTEM32\USERENV.dll
0x00007fff83f70000 - 0x00007fff83f7b000 	C:\WINDOWS\SYSTEM32\CRYPTBASE.dll
0x00007fff83b20000 - 0x00007fff83b58000 	C:\WINDOWS\SYSTEM32\IPHLPAPI.DLL
0x00007fff86590000 - 0x00007fff86598000 	C:\WINDOWS\System32\NSI.dll
0x00007fff7e670000 - 0x00007fff7e686000 	C:\WINDOWS\SYSTEM32\dhcpcsvc6.DLL
0x00007fff7e540000 - 0x00007fff7e55a000 	C:\WINDOWS\SYSTEM32\dhcpcsvc.DLL

VM Arguments:
jvm_args: -Xmx1536m -Dfile.encoding=windows-1252 -Duser.country=US -Duser.language=en -Duser.variant 
java_command: org.gradle.launcher.daemon.bootstrap.GradleDaemon 5.1.1
java_class_path (initial): C:\Users\Admin\.gradle\wrapper\dists\gradle-5.1.1-all\97z1ksx6lirer3kbvdnh7jtjg\gradle-5.1.1\lib\gradle-launcher-5.1.1.jar
Launcher Type: SUN_STANDARD

Environment Variables:
JAVA_HOME=C:\Program Files\Java\jdk1.8.0_161
JRE_HOME=C:\Program Files\Java\jre1.8.0_181
PATH=C:\Program Files (x86)\Common Files\Oracle\Java\javapath;C:\ProgramData\Oracle\Java\javapath;C:\WINDOWS\system32;C:\WINDOWS;C:\WINDOWS\System32\Wbem;C:\WINDOWS\System32\WindowsPowerShell\v1.0\;C:\Program Files\dotnet\;C:\Program Files\Microsoft SQL Server\120\DTS\Binn\;C:\Program Files\Microsoft SQL Server\Client SDK\ODBC\110\Tools\Binn\;C:\Program Files (x86)\Microsoft SQL Server\120\Tools\Binn\;C:\Program Files\Microsoft SQL Server\120\Tools\Binn\;C:\Program Files (x86)\Microsoft SQL Server\120\Tools\Binn\ManagementStudio\;C:\Program Files (x86)\Microsoft SQL Server\120\DTS\Binn\;C:\Program Files\Java\jdk1.8.0_161\bin;C:\WINDOWS\System32\OpenSSH\;D:\Program Files\Git\cmd;C:\Program Files\Microsoft SQL Server\130\Tools\Binn\;C:\Program Files\MongoDB\Server\4.0\bin;C:\Users\Admin\AppData\Local\Microsoft\WindowsApps;C:\Users\Admin\AppData\Local\GitHubDesktop\bin;C:\Program Files\MongoDB\Server\4.0\bin;
USERNAME=Nhân Hòa
OS=Windows_NT
PROCESSOR_IDENTIFIER=Intel64 Family 6 Model 42 Stepping 7, GenuineIntel



---------------  S Y S T E M  ---------------

OS: Windows 10.0 , 64 bit Build 17134 (10.0.17134.1)

CPU:total 4 (initial active 4) (2 cores per cpu, 2 threads per core) family 6 model 42 stepping 7, cmov, cx8, fxsr, mmx, sse, sse2, sse3, ssse3, sse4.1, sse4.2, popcnt, avx, aes, clmul, ht, tsc, tscinvbit

Memory: 4k page, physical 4102856k(290028k free), swap 6150856k(4036k free)

vm_info: OpenJDK 64-Bit Server VM (25.152-b01) for windows-amd64 JRE (1.8.0_152-release-1343-b01), built by "builder" with MS VC++ 10.0 (VS2010)

time: Wed May 01 16:13:39 2019
elapsed time: 3299 seconds (0d 0h 54m 59s)

