#
# There is insufficient memory for the Java Runtime Environment to continue.
# Native memory allocation (malloc) failed to allocate 1320496 bytes for Chunk::new
# Possible reasons:
#   The system is out of physical RAM or swap space
#   In 32 bit mode, the process size limit was hit
# Possible solutions:
#   Reduce memory load on the system
#   Increase physical memory or swap space
#   Check if swap backing store is full
#   Use 64 bit Java on a 64 bit OS
#   Decrease Java heap size (-Xmx/-Xms)
#   Decrease number of Java threads
#   Decrease Java thread stack sizes (-Xss)
#   Set larger code cache with -XX:ReservedCodeCacheSize=
# This output file may be truncated or incomplete.
#
#  Out of Memory Error (allocation.cpp:390), pid=10284, tid=0x00000000000015fc
#
# JRE version: OpenJDK Runtime Environment (8.0_152-b01) (build 1.8.0_152-release-1343-b01)
# Java VM: OpenJDK 64-Bit Server VM (25.152-b01 mixed mode windows-amd64 compressed oops)
# Failed to write core dump. Minidumps are not enabled by default on client versions of Windows
#

---------------  T H R E A D  ---------------

Current thread (0x0000000016090000):  JavaThread "C2 CompilerThread1" daemon [_thread_in_native, id=5628, stack(0x0000000017800000,0x0000000017900000)]

Stack: [0x0000000017800000,0x0000000017900000]
[error occurred during error reporting (printing stack bounds), id 0xc0000005]

Native frames: (J=compiled Java code, j=interpreted, Vv=VM code, C=native code)


Current CompileTask:
C2:  18562 6845       4       java.io.ObjectOutputStream::writeClassDesc (60 bytes)


---------------  P R O C E S S  ---------------

Java Threads: ( => current thread )
  0x000000001ba43000 JavaThread "Memory manager" [_thread_blocked, id=5528, stack(0x00000000208c0000,0x00000000209c0000)]
  0x000000001ba42000 JavaThread "Build operations Thread 4" [_thread_blocked, id=604, stack(0x0000000020160000,0x0000000020260000)]
  0x0000000019706800 JavaThread "Build operations Thread 3" [_thread_blocked, id=8412, stack(0x0000000020060000,0x0000000020160000)]
  0x0000000019705800 JavaThread "Build operations Thread 2" [_thread_blocked, id=3188, stack(0x000000001ff60000,0x0000000020060000)]
  0x0000000019702800 JavaThread "Build operations" [_thread_blocked, id=2296, stack(0x000000001fe60000,0x000000001ff60000)]
  0x0000000019702000 JavaThread "Cache worker for Artifact transforms cache (C:\Users\Admin\.gradle\caches\transforms-1)" [_thread_blocked, id=6668, stack(0x000000001f6c0000,0x000000001f7c0000)]
  0x0000000019707000 JavaThread "Cache worker for cache directory md-rule (C:\Users\Admin\.gradle\caches\4.10.1\md-rule)" [_thread_blocked, id=10460, stack(0x000000001f5c0000,0x000000001f6c0000)]
  0x0000000019701000 JavaThread "Cache worker for cache directory md-supplier (C:\Users\Admin\.gradle\caches\4.10.1\md-supplier)" [_thread_blocked, id=2144, stack(0x000000001dc80000,0x000000001dd80000)]
  0x0000000019700800 JavaThread "Cache worker for journal cache (C:\Users\Admin\.gradle\caches\journal-1)" [_thread_blocked, id=8160, stack(0x000000001c9b0000,0x000000001cab0000)]
  0x000000001aa3b000 JavaThread "Cache worker for file hash cache (D:\Documents\AndroidProjects\Quanlydanhba\.gradle\4.10.1\fileHashes)" [_thread_blocked, id=6444, stack(0x000000001b8e0000,0x000000001b9e0000)]
  0x00000000197b1000 JavaThread "File lock request listener" [_thread_in_native, id=7176, stack(0x000000001b7e0000,0x000000001b8e0000)]
  0x000000001a8a6000 JavaThread "Cache worker for file hash cache (C:\Users\Admin\.gradle\caches\4.10.1\fileHashes)" [_thread_blocked, id=3356, stack(0x000000001b6e0000,0x000000001b7e0000)]
  0x000000001904e000 JavaThread "Stdin handler" [_thread_blocked, id=4320, stack(0x000000001a410000,0x000000001a510000)]
  0x0000000019035000 JavaThread "Asynchronous log dispatcher for DefaultDaemonConnection: socket connection from /127.0.0.1:51321 to /127.0.0.1:51322" [_thread_blocked, id=2288, stack(0x000000001a310000,0x000000001a410000)]
  0x0000000019034800 JavaThread "Daemon worker" [_thread_in_vm, id=6020, stack(0x000000001a210000,0x000000001a310000)]
  0x0000000019053800 JavaThread "Cancel handler" [_thread_blocked, id=6640, stack(0x000000001a110000,0x000000001a210000)]
  0x000000001918b000 JavaThread "Handler for socket connection from /127.0.0.1:51321 to /127.0.0.1:51322" [_thread_in_native, id=3244, stack(0x0000000019e10000,0x0000000019f10000)]
  0x0000000019194000 JavaThread "Daemon" [_thread_blocked, id=9140, stack(0x0000000019d10000,0x0000000019e10000)]
  0x0000000019198000 JavaThread "Daemon periodic checks" [_thread_blocked, id=10132, stack(0x0000000019c10000,0x0000000019d10000)]
  0x000000001916e000 JavaThread "Incoming local TCP Connector on port 51321" [_thread_in_native, id=8996, stack(0x00000000199d0000,0x0000000019ad0000)]
  0x0000000017a31800 JavaThread "Service Thread" daemon [_thread_blocked, id=8036, stack(0x0000000017e00000,0x0000000017f00000)]
  0x0000000016093800 JavaThread "C1 CompilerThread2" daemon [_thread_blocked, id=2540, stack(0x0000000017900000,0x0000000017a00000)]
=>0x0000000016090000 JavaThread "C2 CompilerThread1" daemon [_thread_in_native, id=5628, stack(0x0000000017800000,0x0000000017900000)]
  0x000000001608c800 JavaThread "C2 CompilerThread0" daemon [_thread_in_native, id=4948, stack(0x0000000017700000,0x0000000017800000)]
  0x000000001608b000 JavaThread "Attach Listener" daemon [_thread_blocked, id=10664, stack(0x0000000017600000,0x0000000017700000)]
  0x000000001608a000 JavaThread "Signal Dispatcher" daemon [_thread_blocked, id=9488, stack(0x0000000017500000,0x0000000017600000)]
  0x000000000271b800 JavaThread "Finalizer" daemon [_thread_blocked, id=392, stack(0x0000000017310000,0x0000000017410000)]
  0x0000000002710800 JavaThread "Reference Handler" daemon [_thread_blocked, id=10856, stack(0x0000000017210000,0x0000000017310000)]
  0x000000000251e000 JavaThread "main" [_thread_blocked, id=9764, stack(0x0000000002520000,0x0000000002620000)]

Other Threads:
  0x0000000016057000 VMThread [stack: 0x0000000017110000,0x0000000017210000] [id=11044]
  0x00000000160ee800 WatcherThread [stack: 0x0000000017f00000,0x0000000018000000] [id=8992]

VM state:not at safepoint (normal execution)

VM Mutex/Monitor currently owned by a thread: None

Heap:
 PSYoungGen      total 130048K, used 66228K [0x00000000e0000000, 0x00000000e9280000, 0x0000000100000000)
  eden space 118272K, 55% used [0x00000000e0000000,0x00000000e40ad378,0x00000000e7380000)
  from space 11776K, 0% used [0x00000000e8700000,0x00000000e8700000,0x00000000e9280000)
  to   space 14336K, 0% used [0x00000000e7680000,0x00000000e7680000,0x00000000e8480000)
 ParOldGen       total 61440K, used 30868K [0x00000000a0000000, 0x00000000a3c00000, 0x00000000e0000000)
  object space 61440K, 50% used [0x00000000a0000000,0x00000000a1e25348,0x00000000a3c00000)
 Metaspace       used 60054K, capacity 61942K, committed 62208K, reserved 1103872K
  class space    used 8208K, capacity 8692K, committed 8704K, reserved 1048576K

Card table byte_map: [0x0000000011ae0000,0x0000000011df0000] byte_map_base: 0x00000000115e0000

Marking Bits: (ParMarkBitMap*) 0x0000000051155aa0
 Begin Bits: [0x00000000123f0000, 0x0000000013bf0000)
 End Bits:   [0x0000000013bf0000, 0x00000000153f0000)

Polling page: 0x00000000001e0000

CodeCache: size=245760Kb used=20152Kb max_used=21316Kb free=225607Kb
 bounds [0x0000000002720000, 0x0000000003c10000, 0x0000000011720000]
 total_blobs=7040 nmethods=6254 adapters=699
 compilation: enabled

Compilation events (10 events):
Event: 18.510 Thread 0x0000000016093800 6912       3       org.gradle.api.internal.artifacts.result.DefaultResolvedComponentResult::getDependencies (8 bytes)
Event: 18.511 Thread 0x0000000016093800 nmethod 6912 0x0000000002822810 code [0x00000000028229a0, 0x0000000002822dc8]
Event: 18.511 Thread 0x0000000016093800 6913       3       com.android.build.gradle.internal.utils.GradlePluginUtils::visitDependency (398 bytes)
Event: 18.519 Thread 0x0000000016093800 nmethod 6913 0x0000000002955a90 code [0x0000000002956260, 0x000000000295b788]
Event: 18.534 Thread 0x0000000016093800 6914       3       org.gradle.api.internal.tasks.options.OptionReader::findOption (56 bytes)
Event: 18.536 Thread 0x0000000016093800 nmethod 6914 0x0000000002bee350 code [0x0000000002bee660, 0x0000000002bf0098]
Event: 18.537 Thread 0x0000000016093800 6915       3       org.gradle.api.internal.tasks.options.OptionReader::getAsOptionValuesMethod (82 bytes)
Event: 18.540 Thread 0x0000000016093800 nmethod 6915 0x0000000003243590 code [0x0000000003243920, 0x0000000003245b58]
Event: 18.540 Thread 0x0000000016093800 6916       3       org.gradle.api.internal.DefaultNamedDomainObjectCollection::getByName (18 bytes)
Event: 18.540 Thread 0x0000000016093800 nmethod 6916 0x00000000028e5fd0 code [0x00000000028e6140, 0x00000000028e6458]

GC Heap History (10 events):
Event: 9.557 GC heap before
{Heap before GC invocations=11 (full 2):
 PSYoungGen      total 105984K, used 9936K [0x00000000e0000000, 0x00000000e9280000, 0x0000000100000000)
  eden space 95232K, 0% used [0x00000000e0000000,0x00000000e0000000,0x00000000e5d00000)
  from space 10752K, 92% used [0x00000000e5d00000,0x00000000e66b40e0,0x00000000e6780000)
  to   space 11776K, 0% used [0x00000000e8700000,0x00000000e8700000,0x00000000e9280000)
 ParOldGen       total 42496K, used 12382K [0x00000000a0000000, 0x00000000a2980000, 0x00000000e0000000)
  object space 42496K, 29% used [0x00000000a0000000,0x00000000a0c17ae0,0x00000000a2980000)
 Metaspace       used 34834K, capacity 35476K, committed 35496K, reserved 1079296K
  class space    used 4868K, capacity 5112K, committed 5120K, reserved 1048576K
Event: 9.659 GC heap after
Heap after GC invocations=11 (full 2):
 PSYoungGen      total 105984K, used 0K [0x00000000e0000000, 0x00000000e9280000, 0x0000000100000000)
  eden space 95232K, 0% used [0x00000000e0000000,0x00000000e0000000,0x00000000e5d00000)
  from space 10752K, 0% used [0x00000000e5d00000,0x00000000e5d00000,0x00000000e6780000)
  to   space 11776K, 0% used [0x00000000e8700000,0x00000000e8700000,0x00000000e9280000)
 ParOldGen       total 61440K, used 16710K [0x00000000a0000000, 0x00000000a3c00000, 0x00000000e0000000)
  object space 61440K, 27% used [0x00000000a0000000,0x00000000a1051bd0,0x00000000a3c00000)
 Metaspace       used 34834K, capacity 35476K, committed 35496K, reserved 1079296K
  class space    used 4868K, capacity 5112K, committed 5120K, reserved 1048576K
}
Event: 11.894 GC heap before
{Heap before GC invocations=12 (full 2):
 PSYoungGen      total 105984K, used 95232K [0x00000000e0000000, 0x00000000e9280000, 0x0000000100000000)
  eden space 95232K, 100% used [0x00000000e0000000,0x00000000e5d00000,0x00000000e5d00000)
  from space 10752K, 0% used [0x00000000e5d00000,0x00000000e5d00000,0x00000000e6780000)
  to   space 11776K, 0% used [0x00000000e8700000,0x00000000e8700000,0x00000000e9280000)
 ParOldGen       total 61440K, used 16710K [0x00000000a0000000, 0x00000000a3c00000, 0x00000000e0000000)
  object space 61440K, 27% used [0x00000000a0000000,0x00000000a1051bd0,0x00000000a3c00000)
 Metaspace       used 43114K, capacity 44016K, committed 44416K, reserved 1087488K
  class space    used 5863K, capacity 6171K, committed 6272K, reserved 1048576K
Event: 11.919 GC heap after
Heap after GC invocations=12 (full 2):
 PSYoungGen      total 130048K, used 11744K [0x00000000e0000000, 0x00000000e9280000, 0x0000000100000000)
  eden space 118272K, 0% used [0x00000000e0000000,0x00000000e0000000,0x00000000e7380000)
  from space 11776K, 99% used [0x00000000e8700000,0x00000000e9278358,0x00000000e9280000)
  to   space 14336K, 0% used [0x00000000e7680000,0x00000000e7680000,0x00000000e8480000)
 ParOldGen       total 61440K, used 19221K [0x00000000a0000000, 0x00000000a3c00000, 0x00000000e0000000)
  object space 61440K, 31% used [0x00000000a0000000,0x00000000a12c5460,0x00000000a3c00000)
 Metaspace       used 43114K, capacity 44016K, committed 44416K, reserved 1087488K
  class space    used 5863K, capacity 6171K, committed 6272K, reserved 1048576K
}
Event: 14.505 GC heap before
{Heap before GC invocations=13 (full 2):
 PSYoungGen      total 130048K, used 130016K [0x00000000e0000000, 0x00000000e9280000, 0x0000000100000000)
  eden space 118272K, 100% used [0x00000000e0000000,0x00000000e7380000,0x00000000e7380000)
  from space 11776K, 99% used [0x00000000e8700000,0x00000000e9278358,0x00000000e9280000)
  to   space 14336K, 0% used [0x00000000e7680000,0x00000000e7680000,0x00000000e8480000)
 ParOldGen       total 61440K, used 19221K [0x00000000a0000000, 0x00000000a3c00000, 0x00000000e0000000)
  object space 61440K, 31% used [0x00000000a0000000,0x00000000a12c5460,0x00000000a3c00000)
 Metaspace       used 53247K, capacity 54426K, committed 54656K, reserved 1095680K
  class space    used 7190K, capacity 7540K, committed 7552K, reserved 1048576K
Event: 14.540 GC heap after
Heap after GC invocations=13 (full 2):
 PSYoungGen      total 132608K, used 14330K [0x00000000e0000000, 0x00000000e9280000, 0x0000000100000000)
  eden space 118272K, 0% used [0x00000000e0000000,0x00000000e0000000,0x00000000e7380000)
  from space 14336K, 99% used [0x00000000e7680000,0x00000000e847e850,0x00000000e8480000)
  to   space 11776K, 0% used [0x00000000e8700000,0x00000000e8700000,0x00000000e9280000)
 ParOldGen       total 61440K, used 23812K [0x00000000a0000000, 0x00000000a3c00000, 0x00000000e0000000)
  object space 61440K, 38% used [0x00000000a0000000,0x00000000a1741148,0x00000000a3c00000)
 Metaspace       used 53247K, capacity 54426K, committed 54656K, reserved 1095680K
  class space    used 7190K, capacity 7540K, committed 7552K, reserved 1048576K
}
Event: 16.388 GC heap before
{Heap before GC invocations=14 (full 2):
 PSYoungGen      total 132608K, used 82463K [0x00000000e0000000, 0x00000000e9280000, 0x0000000100000000)
  eden space 118272K, 57% used [0x00000000e0000000,0x00000000e4289518,0x00000000e7380000)
  from space 14336K, 99% used [0x00000000e7680000,0x00000000e847e850,0x00000000e8480000)
  to   space 11776K, 0% used [0x00000000e8700000,0x00000000e8700000,0x00000000e9280000)
 ParOldGen       total 61440K, used 23812K [0x00000000a0000000, 0x00000000a3c00000, 0x00000000e0000000)
  object space 61440K, 38% used [0x00000000a0000000,0x00000000a1741148,0x00000000a3c00000)
 Metaspace       used 57442K, capacity 59008K, committed 59136K, reserved 1099776K
  class space    used 7900K, capacity 8343K, committed 8448K, reserved 1048576K
Event: 16.414 GC heap after
Heap after GC invocations=14 (full 2):
 PSYoungGen      total 130048K, used 9010K [0x00000000e0000000, 0x00000000e9280000, 0x0000000100000000)
  eden space 118272K, 0% used [0x00000000e0000000,0x00000000e0000000,0x00000000e7380000)
  from space 11776K, 76% used [0x00000000e8700000,0x00000000e8fcc848,0x00000000e9280000)
  to   space 14336K, 0% used [0x00000000e7680000,0x00000000e7680000,0x00000000e8480000)
 ParOldGen       total 61440K, used 31658K [0x00000000a0000000, 0x00000000a3c00000, 0x00000000e0000000)
  object space 61440K, 51% used [0x00000000a0000000,0x00000000a1eea8c0,0x00000000a3c00000)
 Metaspace       used 57442K, capacity 59008K, committed 59136K, reserved 1099776K
  class space    used 7900K, capacity 8343K, committed 8448K, reserved 1048576K
}
Event: 16.414 GC heap before
{Heap before GC invocations=15 (full 3):
 PSYoungGen      total 130048K, used 9010K [0x00000000e0000000, 0x00000000e9280000, 0x0000000100000000)
  eden space 118272K, 0% used [0x00000000e0000000,0x00000000e0000000,0x00000000e7380000)
  from space 11776K, 76% used [0x00000000e8700000,0x00000000e8fcc848,0x00000000e9280000)
  to   space 14336K, 0% used [0x00000000e7680000,0x00000000e7680000,0x00000000e8480000)
 ParOldGen       total 61440K, used 31658K [0x00000000a0000000, 0x00000000a3c00000, 0x00000000e0000000)
  object space 61440K, 51% used [0x00000000a0000000,0x00000000a1eea8c0,0x00000000a3c00000)
 Metaspace       used 57442K, capacity 59008K, committed 59136K, reserved 1099776K
  class space    used 7900K, capacity 8343K, committed 8448K, reserved 1048576K
Event: 16.803 GC heap after
Heap after GC invocations=15 (full 3):
 PSYoungGen      total 130048K, used 0K [0x00000000e0000000, 0x00000000e9280000, 0x0000000100000000)
  eden space 118272K, 0% used [0x00000000e0000000,0x00000000e0000000,0x00000000e7380000)
  from space 11776K, 0% used [0x00000000e8700000,0x00000000e8700000,0x00000000e9280000)
  to   space 14336K, 0% used [0x00000000e7680000,0x00000000e7680000,0x00000000e8480000)
 ParOldGen       total 61440K, used 30868K [0x00000000a0000000, 0x00000000a3c00000, 0x00000000e0000000)
  object space 61440K, 50% used [0x00000000a0000000,0x00000000a1e25348,0x00000000a3c00000)
 Metaspace       used 57442K, capacity 59008K, committed 59136K, reserved 1099776K
  class space    used 7900K, capacity 8343K, committed 8448K, reserved 1048576K
}

Deoptimization events (10 events):
Event: 18.307 Thread 0x0000000019034800 Uncommon trap: reason=class_check action=maybe_recompile pc=0x00000000031ee844 method=java.io.ObjectOutputStream$BlockDataOutputStream.drain()V @ 36
Event: 18.307 Thread 0x0000000019034800 Uncommon trap: reason=class_check action=maybe_recompile pc=0x0000000003816904 method=java.io.ObjectOutputStream$BlockDataOutputStream.write([BIIZ)V @ 23
Event: 18.307 Thread 0x0000000019034800 Uncommon trap: reason=class_check action=maybe_recompile pc=0x00000000037ba13c method=java.io.ObjectOutputStream.writeNonProxyDesc(Ljava/io/ObjectStreamClass;Z)V @ 44
Event: 18.307 Thread 0x0000000019034800 Uncommon trap: reason=class_check action=maybe_recompile pc=0x00000000037ba13c method=java.io.ObjectOutputStream.writeNonProxyDesc(Ljava/io/ObjectStreamClass;Z)V @ 44
Event: 18.308 Thread 0x0000000019034800 Uncommon trap: reason=class_check action=maybe_recompile pc=0x0000000003816904 method=java.io.ObjectOutputStream$BlockDataOutputStream.write([BIIZ)V @ 23
Event: 18.308 Thread 0x0000000019034800 Uncommon trap: reason=class_check action=maybe_recompile pc=0x0000000003816904 method=java.io.ObjectOutputStream$BlockDataOutputStream.write([BIIZ)V @ 23
Event: 18.310 Thread 0x0000000019034800 Uncommon trap: reason=unstable_if action=reinterpret pc=0x00000000033cfeec method=java.lang.reflect.Proxy.isProxyClass(Ljava/lang/Class;)Z @ 6
Event: 18.310 Thread 0x0000000019034800 Uncommon trap: reason=class_check action=maybe_recompile pc=0x0000000003816c0c method=java.io.ObjectOutputStream$BlockDataOutputStream.drain()V @ 36
Event: 18.314 Thread 0x0000000019034800 Uncommon trap: reason=unstable_if action=reinterpret pc=0x00000000036a1ac0 method=java.io.ObjectOutputStream$HandleTable.assign(Ljava/lang/Object;)I @ 24
Event: 18.447 Thread 0x0000000019034800 Uncommon trap: reason=unstable_if action=reinterpret pc=0x00000000033e1ae4 method=com.esotericsoftware.kryo.io.Output.writeBytes([BII)V @ 61

Classes redefined (0 events):
No events

Internal exceptions (10 events):
Event: 18.113 Thread 0x0000000019034800 Exception <a 'java/lang/NoSuchMethodError': java.lang.Object.lambda$negate$1(Ljava/lang/Object;)Z> (0x00000000e316e550) thrown at [D:\src\AOSP-openjdk-cygwin\jdk8u\hotspot\src\share\vm\interpreter\linkResolver.cpp, line 584]
Event: 18.275 Thread 0x0000000019034800 Exception <a 'java/lang/IncompatibleClassChangeError': Found class java.lang.Object, but interface was expected> (0x00000000e36db088) thrown at [D:\src\AOSP-openjdk-cygwin\jdk8u\hotspot\src\share\vm\interpreter\linkResolver.cpp, line 643]
Event: 18.303 Thread 0x0000000019034800 Implicit null exception at 0x00000000038277b0 to 0x00000000038278f7
Event: 18.441 Thread 0x0000000019034800 Exception <a 'java/lang/NoSuchMethodError': <clinit>> (0x00000000e3c71d30) thrown at [D:\src\AOSP-openjdk-cygwin\jdk8u\hotspot\src\share\vm\prims\jni.cpp, line 1613]
Event: 18.443 Thread 0x0000000019034800 Exception <a 'java/lang/NoSuchMethodError': <clinit>> (0x00000000e3c851f0) thrown at [D:\src\AOSP-openjdk-cygwin\jdk8u\hotspot\src\share\vm\prims\jni.cpp, line 1613]
Event: 18.444 Thread 0x0000000019034800 Exception <a 'java/lang/NoSuchMethodError': <clinit>> (0x00000000e3c958c0) thrown at [D:\src\AOSP-openjdk-cygwin\jdk8u\hotspot\src\share\vm\prims\jni.cpp, line 1613]
Event: 18.449 Thread 0x0000000019034800 Exception <a 'java/lang/NoSuchMethodError': <clinit>> (0x00000000e3c9f6e8) thrown at [D:\src\AOSP-openjdk-cygwin\jdk8u\hotspot\src\share\vm\prims\jni.cpp, line 1613]
Event: 18.457 Thread 0x0000000019034800 Exception <a 'java/lang/NoSuchMethodError': <clinit>> (0x00000000e3cbd1e8) thrown at [D:\src\AOSP-openjdk-cygwin\jdk8u\hotspot\src\share\vm\prims\jni.cpp, line 1613]
Event: 18.460 Thread 0x0000000019034800 Exception <a 'java/lang/NoSuchMethodError': <clinit>> (0x00000000e3cd4020) thrown at [D:\src\AOSP-openjdk-cygwin\jdk8u\hotspot\src\share\vm\prims\jni.cpp, line 1613]
Event: 18.465 Thread 0x0000000019034800 Exception <a 'java/lang/NoSuchMethodError': <clinit>> (0x00000000e3cda4c0) thrown at [D:\src\AOSP-openjdk-cygwin\jdk8u\hotspot\src\share\vm\prims\jni.cpp, line 1613]

Events (10 events):
Event: 18.540 loading class org/gradle/api/internal/artifacts/configurations/DefaultConfiguration$ConfigurationTaskDependency
Event: 18.540 loading class org/gradle/api/internal/artifacts/configurations/DefaultConfiguration$ConfigurationTaskDependency done
Event: 18.541 loading class org/gradle/api/internal/artifacts/ivyservice/resolveengine/artifact/BuildDependenciesVisitor
Event: 18.541 loading class org/gradle/api/internal/artifacts/ivyservice/resolveengine/artifact/BuildDependenciesVisitor done
Event: 18.542 loading class org/gradle/api/internal/artifacts/configurations/DefaultConfiguration$ConfigurationTaskDependency$1
Event: 18.542 loading class org/gradle/api/internal/artifacts/configurations/DefaultConfiguration$ConfigurationTaskDependency$1 done
Event: 18.553 loading class org/gradle/api/internal/file/collections/BuildDependenciesOnlyFileCollectionResolveContext
Event: 18.553 loading class org/gradle/api/internal/file/collections/BuildDependenciesOnlyFileCollectionResolveContext done
Event: 18.554 loading class org/gradle/api/internal/tasks/DefaultTaskInputs$TaskInputUnionFileCollection$1
Event: 18.554 loading class org/gradle/api/internal/tasks/DefaultTaskInputs$TaskInputUnionFileCollection$1 done


Dynamic libraries:
0x00007ff69e840000 - 0x00007ff69e871000 	C:\Program Files\Android\Android Studio\jre\bin\java.exe
0x00007ffbfcef0000 - 0x00007ffbfd0d1000 	C:\WINDOWS\SYSTEM32\ntdll.dll
0x00007ffbfc950000 - 0x00007ffbfca02000 	C:\WINDOWS\System32\KERNEL32.DLL
0x00007ffbfa060000 - 0x00007ffbfa2d3000 	C:\WINDOWS\System32\KERNELBASE.dll
0x00007ffbfa500000 - 0x00007ffbfa5a1000 	C:\WINDOWS\System32\ADVAPI32.dll
0x00007ffbfca10000 - 0x00007ffbfcaae000 	C:\WINDOWS\System32\msvcrt.dll
0x00007ffbfaea0000 - 0x00007ffbfaefb000 	C:\WINDOWS\System32\sechost.dll
0x00007ffbfcab0000 - 0x00007ffbfcbd4000 	C:\WINDOWS\System32\RPCRT4.dll
0x00007ffbfcc60000 - 0x00007ffbfcdf0000 	C:\WINDOWS\System32\USER32.dll
0x00007ffbf9f90000 - 0x00007ffbf9fb0000 	C:\WINDOWS\System32\win32u.dll
0x00007ffbfc5d0000 - 0x00007ffbfc5f8000 	C:\WINDOWS\System32\GDI32.dll
0x00007ffbf92c0000 - 0x00007ffbf9452000 	C:\WINDOWS\System32\gdi32full.dll
0x00007ffbfa2e0000 - 0x00007ffbfa37f000 	C:\WINDOWS\System32\msvcp_win.dll
0x00007ffbf9e90000 - 0x00007ffbf9f8a000 	C:\WINDOWS\System32\ucrtbase.dll
0x00007ffbe3ca0000 - 0x00007ffbe3f09000 	C:\WINDOWS\WinSxS\amd64_microsoft.windows.common-controls_6595b64144ccf1df_6.0.17134.1_none_e4da93291059d8fb\COMCTL32.dll
0x00007ffbfc620000 - 0x00007ffbfc943000 	C:\WINDOWS\System32\combase.dll
0x00007ffbf9b70000 - 0x00007ffbf9bea000 	C:\WINDOWS\System32\bcryptPrimitives.dll
0x00007ffbfaab0000 - 0x00007ffbfaadd000 	C:\WINDOWS\System32\IMM32.DLL
0x00007ffbf8d20000 - 0x00007ffbf8d56000 	C:\WINDOWS\system32\DriverStore\FileRepository\nvam.inf_amd64_1aae4f19e68d0780\nvinitx.dll
0x00007ffbf8d10000 - 0x00007ffbf8d1a000 	C:\WINDOWS\SYSTEM32\VERSION.dll
0x00007ffbfaf00000 - 0x00007ffbfc340000 	C:\WINDOWS\System32\Shell32.dll
0x00007ffbf9e40000 - 0x00007ffbf9e89000 	C:\WINDOWS\System32\cfgmgr32.dll
0x00007ffbfaa00000 - 0x00007ffbfaaa9000 	C:\WINDOWS\System32\shcore.dll
0x00007ffbf9460000 - 0x00007ffbf9b6d000 	C:\WINDOWS\System32\windows.storage.dll
0x00007ffbfc570000 - 0x00007ffbfc5c1000 	C:\WINDOWS\System32\shlwapi.dll
0x00007ffbf9250000 - 0x00007ffbf9261000 	C:\WINDOWS\System32\kernel.appcore.dll
0x00007ffbf9270000 - 0x00007ffbf928f000 	C:\WINDOWS\System32\profapi.dll
0x00007ffbf9200000 - 0x00007ffbf924c000 	C:\WINDOWS\System32\powrprof.dll
0x00007ffbf92b0000 - 0x00007ffbf92ba000 	C:\WINDOWS\System32\FLTLIB.DLL
0x00000000528b0000 - 0x00000000528b6000 	C:\Program Files\NVIDIA Corporation\CoProcManager\_etoured.dll
0x00007ffbcc990000 - 0x00007ffbcc9d3000 	C:\Program Files\NVIDIA Corporation\CoProcManager\nvd3d9wrapx.dll
0x00007ffbfa5b0000 - 0x00007ffbfa9fb000 	C:\WINDOWS\System32\SETUPAPI.dll
0x00007ffbcc870000 - 0x00007ffbcc89d000 	C:\Program Files\NVIDIA Corporation\CoProcManager\nvdxgiwrapx.dll
0x00000000508b0000 - 0x0000000050982000 	C:\Program Files\Android\Android Studio\jre\jre\bin\msvcr100.dll
0x0000000050990000 - 0x00000000511d1000 	C:\Program Files\Android\Android Studio\jre\jre\bin\server\jvm.dll
0x00007ffbfc600000 - 0x00007ffbfc608000 	C:\WINDOWS\System32\PSAPI.DLL
0x00007ffbf6f20000 - 0x00007ffbf6f43000 	C:\WINDOWS\SYSTEM32\WINMM.dll
0x00007ffbf7060000 - 0x00007ffbf7069000 	C:\WINDOWS\SYSTEM32\WSOCK32.dll
0x00007ffbfc4a0000 - 0x00007ffbfc50c000 	C:\WINDOWS\System32\WS2_32.dll
0x00007ffbf6ad0000 - 0x00007ffbf6afa000 	C:\WINDOWS\SYSTEM32\winmmbase.dll
0x00007ffbf5a20000 - 0x00007ffbf5a2f000 	C:\Program Files\Android\Android Studio\jre\jre\bin\verify.dll
0x00007ffbf44d0000 - 0x00007ffbf44f9000 	C:\Program Files\Android\Android Studio\jre\jre\bin\java.dll
0x00007ffbf5a00000 - 0x00007ffbf5a16000 	C:\Program Files\Android\Android Studio\jre\jre\bin\zip.dll
0x00007ffbf3cc0000 - 0x00007ffbf3cda000 	C:\Program Files\Android\Android Studio\jre\jre\bin\net.dll
0x00007ffbf89d0000 - 0x00007ffbf8a36000 	C:\WINDOWS\system32\mswsock.dll
0x00007ffbf3c50000 - 0x00007ffbf3c61000 	C:\Program Files\Android\Android Studio\jre\jre\bin\nio.dll
0x00007ffbecac0000 - 0x00007ffbecade000 	C:\Users\Admin\.gradle\native\25\windows-amd64\native-platform.dll
0x00007ffbf5940000 - 0x00007ffbf594d000 	C:\Program Files\Android\Android Studio\jre\jre\bin\management.dll
0x00007ffbf8b80000 - 0x00007ffbf8b97000 	C:\WINDOWS\SYSTEM32\CRYPTSP.dll
0x00007ffbf85b0000 - 0x00007ffbf85e3000 	C:\WINDOWS\system32\rsaenh.dll
0x00007ffbf8d60000 - 0x00007ffbf8d85000 	C:\WINDOWS\SYSTEM32\bcrypt.dll
0x00007ffbf9130000 - 0x00007ffbf9158000 	C:\WINDOWS\SYSTEM32\USERENV.dll
0x00007ffbf8ba0000 - 0x00007ffbf8bab000 	C:\WINDOWS\SYSTEM32\CRYPTBASE.dll
0x00007ffbf8750000 - 0x00007ffbf8788000 	C:\WINDOWS\SYSTEM32\IPHLPAPI.DLL
0x00007ffbfac80000 - 0x00007ffbfac88000 	C:\WINDOWS\System32\NSI.dll
0x00007ffbf0420000 - 0x00007ffbf0436000 	C:\WINDOWS\SYSTEM32\dhcpcsvc6.DLL
0x00007ffbef7a0000 - 0x00007ffbef7ba000 	C:\WINDOWS\SYSTEM32\dhcpcsvc.DLL

VM Arguments:
jvm_args: -Xmx1536m -Dfile.encoding=windows-1252 -Duser.country=US -Duser.language=en -Duser.variant 
java_command: org.gradle.launcher.daemon.bootstrap.GradleDaemon 4.10.1
java_class_path (initial): C:\Users\Admin\.gradle\wrapper\dists\gradle-4.10.1-all\455itskqi2qtf0v2sja68alqd\gradle-4.10.1\lib\gradle-launcher-4.10.1.jar
Launcher Type: SUN_STANDARD

Environment Variables:
JAVA_HOME=C:\Program Files\Java\jdk1.8.0_161
JRE_HOME=C:\Program Files\Java\jre1.8.0_181
PATH=C:\Program Files (x86)\Common Files\Oracle\Java\javapath;C:\ProgramData\Oracle\Java\javapath;C:\WINDOWS\system32;C:\WINDOWS;C:\WINDOWS\System32\Wbem;C:\WINDOWS\System32\WindowsPowerShell\v1.0\;C:\Program Files\dotnet\;C:\Program Files\Microsoft SQL Server\120\DTS\Binn\;C:\Program Files\Microsoft SQL Server\Client SDK\ODBC\110\Tools\Binn\;C:\Program Files (x86)\Microsoft SQL Server\120\Tools\Binn\;C:\Program Files\Microsoft SQL Server\120\Tools\Binn\;C:\Program Files (x86)\Microsoft SQL Server\120\Tools\Binn\ManagementStudio\;C:\Program Files (x86)\Microsoft SQL Server\120\DTS\Binn\;C:\Program Files\Java\jdk1.8.0_161\bin;C:\WINDOWS\System32\OpenSSH\;D:\Program Files\Git\cmd;C:\Program Files\Microsoft SQL Server\130\Tools\Binn\;C:\Program Files\MongoDB\Server\4.0\bin;C:\Users\Admin\AppData\Local\Microsoft\WindowsApps;C:\Users\Admin\AppData\Local\GitHubDesktop\bin;C:\Program Files\MongoDB\Server\4.0\bin;
USERNAME=Nhân Hòa
OS=Windows_NT
PROCESSOR_IDENTIFIER=Intel64 Family 6 Model 42 Stepping 7, GenuineIntel



---------------  S Y S T E M  ---------------

OS: Windows 10.0 , 64 bit Build 17134 (10.0.17134.1)

CPU:total 4 (initial active 4) (2 cores per cpu, 2 threads per core) family 6 model 42 stepping 7, cmov, cx8, fxsr, mmx, sse, sse2, sse3, ssse3, sse4.1, sse4.2, popcnt, avx, aes, clmul, ht, tsc, tscinvbit

Memory: 4k page, physical 4102856k(491540k free), swap 6150856k(9484k free)

vm_info: OpenJDK 64-Bit Server VM (25.152-b01) for windows-amd64 JRE (1.8.0_152-release-1343-b01), built by "builder" with MS VC++ 10.0 (VS2010)

time: Fri Apr 26 20:30:36 2019
elapsed time: 18 seconds (0d 0h 0m 18s)

