#
# There is insufficient memory for the Java Runtime Environment to continue.
# Native memory allocation (malloc) failed to allocate 759536 bytes for Chunk::new
# Possible reasons:
#   The system is out of physical RAM or swap space
#   In 32 bit mode, the process size limit was hit
# Possible solutions:
#   Reduce memory load on the system
#   Increase physical memory or swap space
#   Check if swap backing store is full
#   Use 64 bit Java on a 64 bit OS
#   Decrease Java heap size (-Xmx/-Xms)
#   Decrease number of Java threads
#   Decrease Java thread stack sizes (-Xss)
#   Set larger code cache with -XX:ReservedCodeCacheSize=
# This output file may be truncated or incomplete.
#
#  Out of Memory Error (allocation.cpp:390), pid=8748, tid=0x0000000000001798
#
# JRE version: OpenJDK Runtime Environment (8.0_152-b01) (build 1.8.0_152-release-1343-b01)
# Java VM: OpenJDK 64-Bit Server VM (25.152-b01 mixed mode windows-amd64 compressed oops)
# Failed to write core dump. Minidumps are not enabled by default on client versions of Windows
#

---------------  T H R E A D  ---------------

Current thread (0x00000000161c1800):  JavaThread "C2 CompilerThread1" daemon [_thread_in_native, id=6040, stack(0x0000000017930000,0x0000000017a30000)]

Stack: [0x0000000017930000,0x0000000017a30000]
[error occurred during error reporting (printing stack bounds), id 0xc0000005]

Native frames: (J=compiled Java code, j=interpreted, Vv=VM code, C=native code)


Current CompileTask:
C2:1151890 11774  s    4       sun.nio.ch.ChannelInputStream::read (105 bytes)


---------------  P R O C E S S  ---------------

Java Threads: ( => current thread )
  0x000000001c399800 JavaThread "Build operations Thread 4" [_thread_blocked, id=8236, stack(0x00000000299f0000,0x0000000029af0000)]
  0x000000001c399000 JavaThread "Build operations Thread 3" [_thread_blocked, id=1664, stack(0x00000000298f0000,0x00000000299f0000)]
  0x000000001c396000 JavaThread "Build operations Thread 2" [_thread_blocked, id=2160, stack(0x00000000297f0000,0x00000000298f0000)]
  0x000000001c390800 JavaThread "Build operations" [_thread_blocked, id=7892, stack(0x00000000296f0000,0x00000000297f0000)]
  0x000000001c394800 JavaThread "Cache worker for cache directory md-rule (C:\Users\Admin\.gradle\caches\4.10.1\md-rule)" [_thread_blocked, id=1068, stack(0x00000000295f0000,0x00000000296f0000)]
  0x000000001c397800 JavaThread "Cache worker for cache directory md-supplier (C:\Users\Admin\.gradle\caches\4.10.1\md-supplier)" [_thread_blocked, id=4792, stack(0x00000000294f0000,0x00000000295f0000)]
  0x000000001c395000 JavaThread "Cache worker for file hash cache (D:\Documents\AndroidProjects\Quanlydanhba\.gradle\4.10.1\fileHashes)" [_thread_blocked, id=10332, stack(0x00000000293f0000,0x00000000294f0000)]
  0x000000001c396800 JavaThread "Stdin handler" [_thread_blocked, id=6756, stack(0x00000000292f0000,0x00000000293f0000)]
  0x000000001c393800 JavaThread "Asynchronous log dispatcher for DefaultDaemonConnection: socket connection from /127.0.0.1:50254 to /127.0.0.1:51170" [_thread_blocked, id=1208, stack(0x00000000291f0000,0x00000000292f0000)]
  0x000000001c393000 JavaThread "Daemon worker Thread 5" [_thread_in_Java, id=4324, stack(0x00000000290f0000,0x00000000291f0000)]
  0x000000001c390000 JavaThread "Cancel handler" [_thread_blocked, id=6084, stack(0x0000000028ff0000,0x00000000290f0000)]
  0x000000001c392000 JavaThread "Handler for socket connection from /127.0.0.1:50254 to /127.0.0.1:51170" [_thread_in_native, id=2336, stack(0x0000000028ef0000,0x0000000028ff0000)]
  0x000000001c38f000 JavaThread "Daemon Thread 5" [_thread_blocked, id=7004, stack(0x0000000028df0000,0x0000000028ef0000)]
  0x000000001c9a4000 JavaThread "Cache worker for file content cache (C:\Users\Admin\.gradle\caches\4.10.1\fileContent)" [_thread_blocked, id=1588, stack(0x00000000257f0000,0x00000000258f0000)]
  0x000000001c99a800 JavaThread "Memory manager" [_thread_blocked, id=8072, stack(0x0000000021b00000,0x0000000021c00000)]
  0x000000001a84d800 JavaThread "Cache worker for Artifact transforms cache (C:\Users\Admin\.gradle\caches\transforms-1)" [_thread_blocked, id=5196, stack(0x000000001f800000,0x000000001f900000)]
  0x000000001a850800 JavaThread "Cache worker for journal cache (C:\Users\Admin\.gradle\caches\journal-1)" [_thread_blocked, id=7808, stack(0x000000001ce90000,0x000000001cf90000)]
  0x000000001930b000 JavaThread "File lock request listener" [_thread_in_native, id=7132, stack(0x000000001b910000,0x000000001ba10000)]
  0x000000001a96b800 JavaThread "Cache worker for file hash cache (C:\Users\Admin\.gradle\caches\4.10.1\fileHashes)" [_thread_blocked, id=684, stack(0x000000001b810000,0x000000001b910000)]
  0x0000000019379800 JavaThread "Daemon periodic checks" [_thread_blocked, id=5888, stack(0x0000000019d40000,0x0000000019e40000)]
  0x000000001936b000 JavaThread "Incoming local TCP Connector on port 50254" [_thread_in_native, id=10324, stack(0x0000000019b00000,0x0000000019c00000)]
  0x0000000017b5d000 JavaThread "Service Thread" daemon [_thread_blocked, id=10052, stack(0x0000000017f30000,0x0000000018030000)]
  0x00000000161c6800 JavaThread "C1 CompilerThread2" daemon [_thread_in_native, id=10448, stack(0x0000000017a30000,0x0000000017b30000)]
=>0x00000000161c1800 JavaThread "C2 CompilerThread1" daemon [_thread_in_native, id=6040, stack(0x0000000017930000,0x0000000017a30000)]
  0x00000000161be800 JavaThread "C2 CompilerThread0" daemon [_thread_in_native, id=1056, stack(0x0000000017830000,0x0000000017930000)]
  0x00000000161bd800 JavaThread "Attach Listener" daemon [_thread_blocked, id=8640, stack(0x0000000017730000,0x0000000017830000)]
  0x00000000161bc800 JavaThread "Signal Dispatcher" daemon [_thread_blocked, id=8468, stack(0x0000000017630000,0x0000000017730000)]
  0x000000000279e000 JavaThread "Finalizer" daemon [_thread_blocked, id=7736, stack(0x0000000017440000,0x0000000017540000)]
  0x0000000002792800 JavaThread "Reference Handler" daemon [_thread_blocked, id=10380, stack(0x0000000017340000,0x0000000017440000)]
  0x000000000284e000 JavaThread "main" [_thread_blocked, id=8568, stack(0x0000000002570000,0x0000000002670000)]

Other Threads:
  0x0000000016187000 VMThread [stack: 0x0000000017240000,0x0000000017340000] [id=6936]
  0x0000000017b5e800 WatcherThread [stack: 0x0000000018030000,0x0000000018130000] [id=708]

VM state:not at safepoint (normal execution)

VM Mutex/Monitor currently owned by a thread: None

Heap:
 PSYoungGen      total 307200K, used 31116K [0x00000000e0000000, 0x00000000f4100000, 0x0000000100000000)
  eden space 285696K, 8% used [0x00000000e0000000,0x00000000e1719268,0x00000000f1700000)
  from space 21504K, 34% used [0x00000000f1700000,0x00000000f1e49f30,0x00000000f2c00000)
  to   space 12288K, 0% used [0x00000000f3500000,0x00000000f3500000,0x00000000f4100000)
 ParOldGen       total 80384K, used 42707K [0x00000000a0000000, 0x00000000a4e80000, 0x00000000e0000000)
  object space 80384K, 53% used [0x00000000a0000000,0x00000000a29b4cf8,0x00000000a4e80000)
 Metaspace       used 70887K, capacity 73596K, committed 73856K, reserved 1114112K
  class space    used 9156K, capacity 9798K, committed 9856K, reserved 1048576K

Card table byte_map: [0x0000000011c10000,0x0000000011f20000] byte_map_base: 0x0000000011710000

Marking Bits: (ParMarkBitMap*) 0x0000000051155aa0
 Begin Bits: [0x0000000012520000, 0x0000000013d20000)
 End Bits:   [0x0000000013d20000, 0x0000000015520000)

Polling page: 0x0000000002670000

CodeCache: size=245760Kb used=33616Kb max_used=33616Kb free=212143Kb
 bounds [0x0000000002850000, 0x0000000004960000, 0x0000000011850000]
 total_blobs=10928 nmethods=10112 adapters=728
 compilation: enabled

Compilation events (10 events):
Event: 1151.663 Thread 0x00000000161c6800 nmethod 11810 0x0000000002a75650 code [0x0000000002a75900, 0x0000000002a76bd8]
Event: 1151.663 Thread 0x00000000161c6800 11811       3       org.gradle.api.internal.DefaultNamedDomainObjectCollection$UnfilteredIndex::<init> (23 bytes)
Event: 1151.663 Thread 0x00000000161c6800 nmethod 11811 0x00000000035fe9d0 code [0x00000000035feb80, 0x00000000035ff110]
Event: 1151.663 Thread 0x00000000161c6800 11812       1       com.android.build.gradle.internal.dsl.SplitOptions::isEnable (5 bytes)
Event: 1151.663 Thread 0x00000000161c6800 nmethod 11812 0x0000000003391e10 code [0x0000000003391f60, 0x0000000003392070]
Event: 1151.664 Thread 0x00000000161c6800 11813       3       com.google.common.cache.LocalCache::refreshes (15 bytes)
Event: 1151.664 Thread 0x00000000161c6800 nmethod 11813 0x0000000003966290 code [0x00000000039663e0, 0x0000000003966590]
Event: 1151.671 Thread 0x00000000161c6800 11814       3       org.gradle.api.internal.artifacts.DefaultResolverResults::assertHasGraphResult (22 bytes)
Event: 1151.671 Thread 0x00000000161c6800 nmethod 11814 0x000000000321fed0 code [0x0000000003220040, 0x0000000003220348]
Event: 1151.676 Thread 0x00000000161c6800 11815       3       org.gradle.internal.reflect.DirectInstantiator$ConstructorCache::create (146 bytes)

GC Heap History (10 events):
Event: 17.771 GC heap before
{Heap before GC invocations=12 (full 2):
 PSYoungGen      total 165888K, used 139001K [0x00000000e0000000, 0x00000000ef980000, 0x0000000100000000)
  eden space 152064K, 82% used [0x00000000e0000000,0x00000000e7a3f5e0,0x00000000e9480000)
  from space 13824K, 99% used [0x00000000e9480000,0x00000000ea1fef58,0x00000000ea200000)
  to   space 17408K, 0% used [0x00000000ee880000,0x00000000ee880000,0x00000000ef980000)
 ParOldGen       total 52736K, used 19196K [0x00000000a0000000, 0x00000000a3380000, 0x00000000e0000000)
  object space 52736K, 36% used [0x00000000a0000000,0x00000000a12bf1d0,0x00000000a3380000)
 Metaspace       used 57432K, capacity 59008K, committed 59136K, reserved 1099776K
  class space    used 7914K, capacity 8343K, committed 8448K, reserved 1048576K
Event: 17.840 GC heap after
Heap after GC invocations=12 (full 2):
 PSYoungGen      total 233984K, used 17396K [0x00000000e0000000, 0x00000000efd80000, 0x0000000100000000)
  eden space 216576K, 0% used [0x00000000e0000000,0x00000000e0000000,0x00000000ed380000)
  from space 17408K, 99% used [0x00000000ee880000,0x00000000ef97d1f0,0x00000000ef980000)
  to   space 21504K, 0% used [0x00000000ed380000,0x00000000ed380000,0x00000000ee880000)
 ParOldGen       total 52736K, used 23273K [0x00000000a0000000, 0x00000000a3380000, 0x00000000e0000000)
  object space 52736K, 44% used [0x00000000a0000000,0x00000000a16ba620,0x00000000a3380000)
 Metaspace       used 57432K, capacity 59008K, committed 59136K, reserved 1099776K
  class space    used 7914K, capacity 8343K, committed 8448K, reserved 1048576K
}
Event: 17.840 GC heap before
{Heap before GC invocations=13 (full 3):
 PSYoungGen      total 233984K, used 17396K [0x00000000e0000000, 0x00000000efd80000, 0x0000000100000000)
  eden space 216576K, 0% used [0x00000000e0000000,0x00000000e0000000,0x00000000ed380000)
  from space 17408K, 99% used [0x00000000ee880000,0x00000000ef97d1f0,0x00000000ef980000)
  to   space 21504K, 0% used [0x00000000ed380000,0x00000000ed380000,0x00000000ee880000)
 ParOldGen       total 52736K, used 23273K [0x00000000a0000000, 0x00000000a3380000, 0x00000000e0000000)
  object space 52736K, 44% used [0x00000000a0000000,0x00000000a16ba620,0x00000000a3380000)
 Metaspace       used 57432K, capacity 59008K, committed 59136K, reserved 1099776K
  class space    used 7914K, capacity 8343K, committed 8448K, reserved 1048576K
Event: 18.155 GC heap after
Heap after GC invocations=13 (full 3):
 PSYoungGen      total 233984K, used 0K [0x00000000e0000000, 0x00000000efd80000, 0x0000000100000000)
  eden space 216576K, 0% used [0x00000000e0000000,0x00000000e0000000,0x00000000ed380000)
  from space 17408K, 0% used [0x00000000ee880000,0x00000000ee880000,0x00000000ef980000)
  to   space 21504K, 0% used [0x00000000ed380000,0x00000000ed380000,0x00000000ee880000)
 ParOldGen       total 80384K, used 35271K [0x00000000a0000000, 0x00000000a4e80000, 0x00000000e0000000)
  object space 80384K, 43% used [0x00000000a0000000,0x00000000a2271e98,0x00000000a4e80000)
 Metaspace       used 57432K, capacity 59008K, committed 59136K, reserved 1099776K
  class space    used 7914K, capacity 8343K, committed 8448K, reserved 1048576K
}
Event: 251.641 GC heap before
{Heap before GC invocations=14 (full 3):
 PSYoungGen      total 233984K, used 216576K [0x00000000e0000000, 0x00000000efd80000, 0x0000000100000000)
  eden space 216576K, 100% used [0x00000000e0000000,0x00000000ed380000,0x00000000ed380000)
  from space 17408K, 0% used [0x00000000ee880000,0x00000000ee880000,0x00000000ef980000)
  to   space 21504K, 0% used [0x00000000ed380000,0x00000000ed380000,0x00000000ee880000)
 ParOldGen       total 80384K, used 35271K [0x00000000a0000000, 0x00000000a4e80000, 0x00000000e0000000)
  object space 80384K, 43% used [0x00000000a0000000,0x00000000a2271e98,0x00000000a4e80000)
 Metaspace       used 64628K, capacity 66682K, committed 66944K, reserved 1107968K
  class space    used 8564K, capacity 9071K, committed 9088K, reserved 1048576K
Event: 251.696 GC heap after
Heap after GC invocations=14 (full 3):
 PSYoungGen      total 238080K, used 14512K [0x00000000e0000000, 0x00000000f4a80000, 0x0000000100000000)
  eden space 216576K, 0% used [0x00000000e0000000,0x00000000e0000000,0x00000000ed380000)
  from space 21504K, 67% used [0x00000000ed380000,0x00000000ee1ac230,0x00000000ee880000)
  to   space 22016K, 0% used [0x00000000f3500000,0x00000000f3500000,0x00000000f4a80000)
 ParOldGen       total 80384K, used 35279K [0x00000000a0000000, 0x00000000a4e80000, 0x00000000e0000000)
  object space 80384K, 43% used [0x00000000a0000000,0x00000000a2273e98,0x00000000a4e80000)
 Metaspace       used 64628K, capacity 66682K, committed 66944K, reserved 1107968K
  class space    used 8564K, capacity 9071K, committed 9088K, reserved 1048576K
}
Event: 625.691 GC heap before
{Heap before GC invocations=15 (full 3):
 PSYoungGen      total 238080K, used 231088K [0x00000000e0000000, 0x00000000f4a80000, 0x0000000100000000)
  eden space 216576K, 100% used [0x00000000e0000000,0x00000000ed380000,0x00000000ed380000)
  from space 21504K, 67% used [0x00000000ed380000,0x00000000ee1ac230,0x00000000ee880000)
  to   space 22016K, 0% used [0x00000000f3500000,0x00000000f3500000,0x00000000f4a80000)
 ParOldGen       total 80384K, used 35279K [0x00000000a0000000, 0x00000000a4e80000, 0x00000000e0000000)
  object space 80384K, 43% used [0x00000000a0000000,0x00000000a2273e98,0x00000000a4e80000)
 Metaspace       used 69613K, capacity 71894K, committed 72192K, reserved 1112064K
  class space    used 9066K, capacity 9617K, committed 9728K, reserved 1048576K
Event: 625.728 GC heap after
Heap after GC invocations=15 (full 3):
 PSYoungGen      total 297984K, used 7870K [0x00000000e0000000, 0x00000000f4100000, 0x0000000100000000)
  eden space 285696K, 0% used [0x00000000e0000000,0x00000000e0000000,0x00000000f1700000)
  from space 12288K, 64% used [0x00000000f3500000,0x00000000f3cafb58,0x00000000f4100000)
  to   space 21504K, 0% used [0x00000000f1700000,0x00000000f1700000,0x00000000f2c00000)
 ParOldGen       total 80384K, used 40355K [0x00000000a0000000, 0x00000000a4e80000, 0x00000000e0000000)
  object space 80384K, 50% used [0x00000000a0000000,0x00000000a2768fa8,0x00000000a4e80000)
 Metaspace       used 69613K, capacity 71894K, committed 72192K, reserved 1112064K
  class space    used 9066K, capacity 9617K, committed 9728K, reserved 1048576K
}
Event: 1151.338 GC heap before
{Heap before GC invocations=16 (full 3):
 PSYoungGen      total 297984K, used 293566K [0x00000000e0000000, 0x00000000f4100000, 0x0000000100000000)
  eden space 285696K, 100% used [0x00000000e0000000,0x00000000f1700000,0x00000000f1700000)
  from space 12288K, 64% used [0x00000000f3500000,0x00000000f3cafb58,0x00000000f4100000)
  to   space 21504K, 0% used [0x00000000f1700000,0x00000000f1700000,0x00000000f2c00000)
 ParOldGen       total 80384K, used 40355K [0x00000000a0000000, 0x00000000a4e80000, 0x00000000e0000000)
  object space 80384K, 50% used [0x00000000a0000000,0x00000000a2768fa8,0x00000000a4e80000)
 Metaspace       used 70852K, capacity 73518K, committed 73600K, reserved 1114112K
  class space    used 9156K, capacity 9797K, committed 9856K, reserved 1048576K
Event: 1151.406 GC heap after
Heap after GC invocations=16 (full 3):
 PSYoungGen      total 307200K, used 7463K [0x00000000e0000000, 0x00000000f4100000, 0x0000000100000000)
  eden space 285696K, 0% used [0x00000000e0000000,0x00000000e0000000,0x00000000f1700000)
  from space 21504K, 34% used [0x00000000f1700000,0x00000000f1e49f30,0x00000000f2c00000)
  to   space 12288K, 0% used [0x00000000f3500000,0x00000000f3500000,0x00000000f4100000)
 ParOldGen       total 80384K, used 42707K [0x00000000a0000000, 0x00000000a4e80000, 0x00000000e0000000)
  object space 80384K, 53% used [0x00000000a0000000,0x00000000a29b4cf8,0x00000000a4e80000)
 Metaspace       used 70852K, capacity 73518K, committed 73600K, reserved 1114112K
  class space    used 9156K, capacity 9797K, committed 9856K, reserved 1048576K
}

Deoptimization events (10 events):
Event: 691.802 Thread 0x000000001c396800 Uncommon trap: reason=unstable_if action=reinterpret pc=0x0000000003f9ce68 method=org.gradle.internal.logging.sink.OutputEventRenderer.onOutput(Lorg/gradle/internal/logging/events/OutputEvent;)V @ 24
Event: 693.998 Thread 0x000000001c397800 Uncommon trap: reason=unstable_if action=reinterpret pc=0x000000000419078c method=com.google.common.collect.MapMakerInternalMap$Segment.put(Ljava/lang/Object;ILjava/lang/Object;Z)Ljava/lang/Object; @ 92
Event: 695.037 Thread 0x000000001c39c000 Uncommon trap: reason=unstable_if action=reinterpret pc=0x00000000046e2300 method=java.util.concurrent.locks.ReentrantLock$Sync.nonfairTryAcquire(I)Z @ 19
Event: 715.681 Thread 0x000000001c395000 Uncommon trap: reason=array_check action=maybe_recompile pc=0x0000000004663188 method=com.google.common.collect.ImmutableSet.construct(I[Ljava/lang/Object;)Lcom/google/common/collect/ImmutableSet; @ 122
Event: 715.682 Thread 0x000000001c395000 Uncommon trap: reason=array_check action=maybe_recompile pc=0x0000000004663188 method=com.google.common.collect.ImmutableSet.construct(I[Ljava/lang/Object;)Lcom/google/common/collect/ImmutableSet; @ 122
Event: 715.682 Thread 0x000000001c395000 Uncommon trap: reason=array_check action=maybe_recompile pc=0x0000000004663188 method=com.google.common.collect.ImmutableSet.construct(I[Ljava/lang/Object;)Lcom/google/common/collect/ImmutableSet; @ 122
Event: 715.682 Thread 0x000000001c395000 Uncommon trap: reason=array_check action=maybe_recompile pc=0x0000000004663188 method=com.google.common.collect.ImmutableSet.construct(I[Ljava/lang/Object;)Lcom/google/common/collect/ImmutableSet; @ 122
Event: 1151.047 Thread 0x000000001c399000 Uncommon trap: reason=unstable_if action=reinterpret pc=0x0000000002cbca00 method=java.util.concurrent.locks.ReentrantLock$Sync.nonfairTryAcquire(I)Z @ 19
Event: 1151.137 Thread 0x000000001c393000 Uncommon trap: reason=null_check action=make_not_entrant pc=0x00000000047df860 method=org.gradle.api.internal.collections.CollectionFilter.filter(Ljava/lang/Object;)Ljava/lang/Object; @ 5
Event: 1151.569 Thread 0x000000001c393000 Uncommon trap: reason=null_check action=make_not_entrant pc=0x00000000035a1908 method=java.lang.ThreadLocal$ThreadLocalMap.set(Ljava/lang/ThreadLocal;Ljava/lang/Object;)V @ 36

Classes redefined (0 events):
No events

Internal exceptions (10 events):
Event: 1151.222 Thread 0x000000001c393000 Exception <a 'sun/nio/fs/WindowsException'> (0x00000000f0915a68) thrown at [D:\src\AOSP-openjdk-cygwin\jdk8u\hotspot\src\share\vm\prims\jni.cpp, line 709]
Event: 1151.223 Thread 0x000000001c393000 Exception <a 'sun/nio/fs/WindowsException'> (0x00000000f0918ad0) thrown at [D:\src\AOSP-openjdk-cygwin\jdk8u\hotspot\src\share\vm\prims\jni.cpp, line 709]
Event: 1151.223 Thread 0x000000001c393000 Exception <a 'sun/nio/fs/WindowsException'> (0x00000000f0919898) thrown at [D:\src\AOSP-openjdk-cygwin\jdk8u\hotspot\src\share\vm\prims\jni.cpp, line 709]
Event: 1151.223 Thread 0x000000001c393000 Exception <a 'sun/nio/fs/WindowsException'> (0x00000000f091ba68) thrown at [D:\src\AOSP-openjdk-cygwin\jdk8u\hotspot\src\share\vm\prims\jni.cpp, line 709]
Event: 1151.223 Thread 0x000000001c393000 Exception <a 'sun/nio/fs/WindowsException'> (0x00000000f091c870) thrown at [D:\src\AOSP-openjdk-cygwin\jdk8u\hotspot\src\share\vm\prims\jni.cpp, line 709]
Event: 1151.223 Thread 0x000000001c393000 Exception <a 'sun/nio/fs/WindowsException'> (0x00000000f091f9c8) thrown at [D:\src\AOSP-openjdk-cygwin\jdk8u\hotspot\src\share\vm\prims\jni.cpp, line 709]
Event: 1151.223 Thread 0x000000001c393000 Exception <a 'sun/nio/fs/WindowsException'> (0x00000000f0920808) thrown at [D:\src\AOSP-openjdk-cygwin\jdk8u\hotspot\src\share\vm\prims\jni.cpp, line 709]
Event: 1151.224 Thread 0x000000001c393000 Exception <a 'sun/nio/fs/WindowsException'> (0x00000000f0922a50) thrown at [D:\src\AOSP-openjdk-cygwin\jdk8u\hotspot\src\share\vm\prims\jni.cpp, line 709]
Event: 1151.224 Thread 0x000000001c393000 Exception <a 'sun/nio/fs/WindowsException'> (0x00000000f09238d0) thrown at [D:\src\AOSP-openjdk-cygwin\jdk8u\hotspot\src\share\vm\prims\jni.cpp, line 709]
Event: 1151.569 Thread 0x000000001c393000 Implicit null exception at 0x00000000035a15fb to 0x00000000035a18dd

Events (10 events):
Event: 1151.465 Thread 0x00000000161c6800 flushing nmethod 0x00000000031ba950
Event: 1151.467 Thread 0x00000000161c6800 flushing nmethod 0x0000000003417150
Event: 1151.485 Thread 0x00000000161c1800 flushing nmethod 0x0000000003966090
Event: 1151.486 Thread 0x00000000161c1800 flushing nmethod 0x00000000039687d0
Event: 1151.507 Thread 0x00000000161be800 flushing nmethod 0x0000000003ae81d0
Event: 1151.507 Thread 0x00000000161be800 flushing nmethod 0x0000000003ae8a50
Event: 1151.564 Thread 0x00000000161c6800 flushing nmethod 0x00000000046e2110
Event: 1151.569 Thread 0x000000001c393000 Uncommon trap: trap_request=0xfffffff4 fr.pc=0x00000000035a1908
Event: 1151.570 Thread 0x000000001c393000 DEOPT PACKING pc=0x00000000035a1908 sp=0x00000000291eaf30
Event: 1151.570 Thread 0x000000001c393000 DEOPT UNPACKING pc=0x000000000289557b sp=0x00000000291eaeb8 mode 2


Dynamic libraries:
0x00007ff69e840000 - 0x00007ff69e871000 	C:\Program Files\Android\Android Studio\jre\bin\java.exe
0x00007ffbfcef0000 - 0x00007ffbfd0d1000 	C:\WINDOWS\SYSTEM32\ntdll.dll
0x00007ffbfc950000 - 0x00007ffbfca02000 	C:\WINDOWS\System32\KERNEL32.DLL
0x00007ffbfa060000 - 0x00007ffbfa2d3000 	C:\WINDOWS\System32\KERNELBASE.dll
0x00007ffbfa500000 - 0x00007ffbfa5a1000 	C:\WINDOWS\System32\ADVAPI32.dll
0x00007ffbfca10000 - 0x00007ffbfcaae000 	C:\WINDOWS\System32\msvcrt.dll
0x00007ffbfaea0000 - 0x00007ffbfaefb000 	C:\WINDOWS\System32\sechost.dll
0x00007ffbfcab0000 - 0x00007ffbfcbd4000 	C:\WINDOWS\System32\RPCRT4.dll
0x00007ffbfcc60000 - 0x00007ffbfcdf0000 	C:\WINDOWS\System32\USER32.dll
0x00007ffbf9f90000 - 0x00007ffbf9fb0000 	C:\WINDOWS\System32\win32u.dll
0x00007ffbfc5d0000 - 0x00007ffbfc5f8000 	C:\WINDOWS\System32\GDI32.dll
0x00007ffbf92c0000 - 0x00007ffbf9452000 	C:\WINDOWS\System32\gdi32full.dll
0x00007ffbfa2e0000 - 0x00007ffbfa37f000 	C:\WINDOWS\System32\msvcp_win.dll
0x00007ffbf9e90000 - 0x00007ffbf9f8a000 	C:\WINDOWS\System32\ucrtbase.dll
0x00007ffbe3ca0000 - 0x00007ffbe3f09000 	C:\WINDOWS\WinSxS\amd64_microsoft.windows.common-controls_6595b64144ccf1df_6.0.17134.1_none_e4da93291059d8fb\COMCTL32.dll
0x00007ffbfc620000 - 0x00007ffbfc943000 	C:\WINDOWS\System32\combase.dll
0x00007ffbf9b70000 - 0x00007ffbf9bea000 	C:\WINDOWS\System32\bcryptPrimitives.dll
0x00007ffbfaab0000 - 0x00007ffbfaadd000 	C:\WINDOWS\System32\IMM32.DLL
0x00007ffbf8d20000 - 0x00007ffbf8d56000 	C:\WINDOWS\system32\DriverStore\FileRepository\nvam.inf_amd64_1aae4f19e68d0780\nvinitx.dll
0x00007ffbf8d10000 - 0x00007ffbf8d1a000 	C:\WINDOWS\SYSTEM32\VERSION.dll
0x00007ffbfaf00000 - 0x00007ffbfc340000 	C:\WINDOWS\System32\Shell32.dll
0x00007ffbf9e40000 - 0x00007ffbf9e89000 	C:\WINDOWS\System32\cfgmgr32.dll
0x00007ffbfaa00000 - 0x00007ffbfaaa9000 	C:\WINDOWS\System32\shcore.dll
0x00007ffbf9460000 - 0x00007ffbf9b6d000 	C:\WINDOWS\System32\windows.storage.dll
0x00007ffbfc570000 - 0x00007ffbfc5c1000 	C:\WINDOWS\System32\shlwapi.dll
0x00007ffbf9250000 - 0x00007ffbf9261000 	C:\WINDOWS\System32\kernel.appcore.dll
0x00007ffbf9270000 - 0x00007ffbf928f000 	C:\WINDOWS\System32\profapi.dll
0x00007ffbf9200000 - 0x00007ffbf924c000 	C:\WINDOWS\System32\powrprof.dll
0x00007ffbf92b0000 - 0x00007ffbf92ba000 	C:\WINDOWS\System32\FLTLIB.DLL
0x00000000528b0000 - 0x00000000528b6000 	C:\Program Files\NVIDIA Corporation\CoProcManager\_etoured.dll
0x00007ffbcc990000 - 0x00007ffbcc9d3000 	C:\Program Files\NVIDIA Corporation\CoProcManager\nvd3d9wrapx.dll
0x00007ffbfa5b0000 - 0x00007ffbfa9fb000 	C:\WINDOWS\System32\SETUPAPI.dll
0x00007ffbcc870000 - 0x00007ffbcc89d000 	C:\Program Files\NVIDIA Corporation\CoProcManager\nvdxgiwrapx.dll
0x00000000508b0000 - 0x0000000050982000 	C:\Program Files\Android\Android Studio\jre\jre\bin\msvcr100.dll
0x0000000050990000 - 0x00000000511d1000 	C:\Program Files\Android\Android Studio\jre\jre\bin\server\jvm.dll
0x00007ffbfc600000 - 0x00007ffbfc608000 	C:\WINDOWS\System32\PSAPI.DLL
0x00007ffbf7060000 - 0x00007ffbf7069000 	C:\WINDOWS\SYSTEM32\WSOCK32.dll
0x00007ffbf6f20000 - 0x00007ffbf6f43000 	C:\WINDOWS\SYSTEM32\WINMM.dll
0x00007ffbfc4a0000 - 0x00007ffbfc50c000 	C:\WINDOWS\System32\WS2_32.dll
0x00007ffbf6ad0000 - 0x00007ffbf6afa000 	C:\WINDOWS\SYSTEM32\WINMMBASE.dll
0x00007ffbf5a20000 - 0x00007ffbf5a2f000 	C:\Program Files\Android\Android Studio\jre\jre\bin\verify.dll
0x00007ffbf44d0000 - 0x00007ffbf44f9000 	C:\Program Files\Android\Android Studio\jre\jre\bin\java.dll
0x00007ffbf5a00000 - 0x00007ffbf5a16000 	C:\Program Files\Android\Android Studio\jre\jre\bin\zip.dll
0x00007ffbf3cc0000 - 0x00007ffbf3cda000 	C:\Program Files\Android\Android Studio\jre\jre\bin\net.dll
0x00007ffbf89d0000 - 0x00007ffbf8a36000 	C:\WINDOWS\system32\mswsock.dll
0x00007ffbf3c50000 - 0x00007ffbf3c61000 	C:\Program Files\Android\Android Studio\jre\jre\bin\nio.dll
0x00007ffbecac0000 - 0x00007ffbecade000 	C:\Users\Admin\.gradle\native\25\windows-amd64\native-platform.dll
0x00007ffbf5940000 - 0x00007ffbf594d000 	C:\Program Files\Android\Android Studio\jre\jre\bin\management.dll
0x00007ffbf8b80000 - 0x00007ffbf8b97000 	C:\WINDOWS\SYSTEM32\CRYPTSP.dll
0x00007ffbf85b0000 - 0x00007ffbf85e3000 	C:\WINDOWS\system32\rsaenh.dll
0x00007ffbf8d60000 - 0x00007ffbf8d85000 	C:\WINDOWS\SYSTEM32\bcrypt.dll
0x00007ffbf9130000 - 0x00007ffbf9158000 	C:\WINDOWS\SYSTEM32\USERENV.dll
0x00007ffbf8ba0000 - 0x00007ffbf8bab000 	C:\WINDOWS\SYSTEM32\CRYPTBASE.dll
0x00007ffbf8750000 - 0x00007ffbf8788000 	C:\WINDOWS\SYSTEM32\IPHLPAPI.DLL
0x00007ffbfac80000 - 0x00007ffbfac88000 	C:\WINDOWS\System32\NSI.dll
0x00007ffbf0420000 - 0x00007ffbf0436000 	C:\WINDOWS\SYSTEM32\dhcpcsvc6.DLL
0x00007ffbef7a0000 - 0x00007ffbef7ba000 	C:\WINDOWS\SYSTEM32\dhcpcsvc.DLL

VM Arguments:
jvm_args: -Xmx1536m -Dfile.encoding=windows-1252 -Duser.country=US -Duser.language=en -Duser.variant 
java_command: org.gradle.launcher.daemon.bootstrap.GradleDaemon 4.10.1
java_class_path (initial): C:\Users\Admin\.gradle\wrapper\dists\gradle-4.10.1-all\455itskqi2qtf0v2sja68alqd\gradle-4.10.1\lib\gradle-launcher-4.10.1.jar
Launcher Type: SUN_STANDARD

Environment Variables:
JAVA_HOME=C:\Program Files\Java\jdk1.8.0_161
JRE_HOME=C:\Program Files\Java\jre1.8.0_181
PATH=C:\Program Files (x86)\Common Files\Oracle\Java\javapath;C:\ProgramData\Oracle\Java\javapath;C:\WINDOWS\system32;C:\WINDOWS;C:\WINDOWS\System32\Wbem;C:\WINDOWS\System32\WindowsPowerShell\v1.0\;C:\Program Files\dotnet\;C:\Program Files\Microsoft SQL Server\120\DTS\Binn\;C:\Program Files\Microsoft SQL Server\Client SDK\ODBC\110\Tools\Binn\;C:\Program Files (x86)\Microsoft SQL Server\120\Tools\Binn\;C:\Program Files\Microsoft SQL Server\120\Tools\Binn\;C:\Program Files (x86)\Microsoft SQL Server\120\Tools\Binn\ManagementStudio\;C:\Program Files (x86)\Microsoft SQL Server\120\DTS\Binn\;C:\Program Files\Java\jdk1.8.0_161\bin;C:\WINDOWS\System32\OpenSSH\;D:\Program Files\Git\cmd;C:\Program Files\Microsoft SQL Server\130\Tools\Binn\;C:\Program Files\MongoDB\Server\4.0\bin;C:\Users\Admin\AppData\Local\Microsoft\WindowsApps;C:\Users\Admin\AppData\Local\GitHubDesktop\bin;C:\Program Files\MongoDB\Server\4.0\bin;
USERNAME=Nhân Hòa
OS=Windows_NT
PROCESSOR_IDENTIFIER=Intel64 Family 6 Model 42 Stepping 7, GenuineIntel



---------------  S Y S T E M  ---------------

OS: Windows 10.0 , 64 bit Build 17134 (10.0.17134.1)

CPU:total 4 (initial active 4) (2 cores per cpu, 2 threads per core) family 6 model 42 stepping 7, cmov, cx8, fxsr, mmx, sse, sse2, sse3, ssse3, sse4.1, sse4.2, popcnt, avx, aes, clmul, ht, tsc, tscinvbit

Memory: 4k page, physical 4102856k(641640k free), swap 6150856k(4104k free)

vm_info: OpenJDK 64-Bit Server VM (25.152-b01) for windows-amd64 JRE (1.8.0_152-release-1343-b01), built by "builder" with MS VC++ 10.0 (VS2010)

time: Fri Apr 26 20:26:00 2019
elapsed time: 1151 seconds (0d 0h 19m 11s)

