#
# There is insufficient memory for the Java Runtime Environment to continue.
# Native memory allocation (malloc) failed to allocate 32744 bytes for ChunkPool::allocate
# Possible reasons:
#   The system is out of physical RAM or swap space
#   In 32 bit mode, the process size limit was hit
# Possible solutions:
#   Reduce memory load on the system
#   Increase physical memory or swap space
#   Check if swap backing store is full
#   Use 64 bit Java on a 64 bit OS
#   Decrease Java heap size (-Xmx/-Xms)
#   Decrease number of Java threads
#   Decrease Java thread stack sizes (-Xss)
#   Set larger code cache with -XX:ReservedCodeCacheSize=
# This output file may be truncated or incomplete.
#
#  Out of Memory Error (allocation.cpp:273), pid=708, tid=0x0000000000001ca4
#
# JRE version: OpenJDK Runtime Environment (8.0_152-b01) (build 1.8.0_152-release-1343-b01)
# Java VM: OpenJDK 64-Bit Server VM (25.152-b01 mixed mode windows-amd64 compressed oops)
# Failed to write core dump. Minidumps are not enabled by default on client versions of Windows
#

---------------  T H R E A D  ---------------

Current thread (0x000000001630c800):  JavaThread "C2 CompilerThread0" daemon [_thread_in_native, id=7332, stack(0x0000000017960000,0x0000000017a60000)]

Stack: [0x0000000017960000,0x0000000017a60000]
[error occurred during error reporting (printing stack bounds), id 0xc0000005]

Native frames: (J=compiled Java code, j=interpreted, Vv=VM code, C=native code)


Current CompileTask:
C2:  24864 2412       4       groovy.lang.MetaClassImpl$1MOPIter::methodNameAction (479 bytes)


---------------  P R O C E S S  ---------------

Java Threads: ( => current thread )
  0x000000001845e800 JavaThread "Cache worker for Artifact transforms cache (C:\Users\Admin\.gradle\caches\transforms-1)" [_thread_blocked, id=10204, stack(0x000000001fda0000,0x000000001fea0000)]
  0x000000001b20a800 JavaThread "Cache worker for cache directory md-rule (C:\Users\Admin\.gradle\caches\4.10.1\md-rule)" [_thread_blocked, id=4672, stack(0x000000001fca0000,0x000000001fda0000)]
  0x000000001b209000 JavaThread "Cache worker for cache directory md-supplier (C:\Users\Admin\.gradle\caches\4.10.1\md-supplier)" [_thread_blocked, id=9316, stack(0x000000001fba0000,0x000000001fca0000)]
  0x000000001b207800 JavaThread "Cache worker for file hash cache (D:\Documents\AndroidProjects\Quanlydanhba\.gradle\4.10.1\fileHashes)" [_thread_blocked, id=7320, stack(0x000000001faa0000,0x000000001fba0000)]
  0x000000001b207000 JavaThread "Stdin handler" [_thread_blocked, id=9984, stack(0x000000001f9a0000,0x000000001faa0000)]
  0x000000001b20a000 JavaThread "Asynchronous log dispatcher for DefaultDaemonConnection: socket connection from /127.0.0.1:51350 to /127.0.0.1:51374" [_thread_blocked, id=7572, stack(0x000000001e630000,0x000000001e730000)]
  0x000000001b206000 JavaThread "Cancel handler" [_thread_blocked, id=4964, stack(0x000000001e530000,0x000000001e630000)]
  0x000000001b205800 JavaThread "Handler for socket connection from /127.0.0.1:51350 to /127.0.0.1:51374" [_thread_in_native, id=4344, stack(0x000000001e430000,0x000000001e530000)]
  0x000000001b204800 JavaThread "Cache worker for journal cache (C:\Users\Admin\.gradle\caches\journal-1)" [_thread_blocked, id=2224, stack(0x000000001e330000,0x000000001e430000)]
  0x000000001b55f800 JavaThread "File lock request listener" [_thread_in_native, id=6916, stack(0x000000001ca10000,0x000000001cb10000)]
  0x000000001b160000 JavaThread "Cache worker for file hash cache (C:\Users\Admin\.gradle\caches\4.10.1\fileHashes)" [_thread_blocked, id=4184, stack(0x000000001c910000,0x000000001ca10000)]
  0x000000001941e000 JavaThread "Daemon worker" [_thread_in_vm, id=5288, stack(0x000000001a470000,0x000000001a570000)]
  0x0000000019226800 JavaThread "Daemon" [_thread_blocked, id=7080, stack(0x0000000019f70000,0x000000001a070000)]
  0x0000000019335800 JavaThread "Daemon periodic checks" [_thread_blocked, id=8224, stack(0x0000000019e70000,0x0000000019f70000)]
  0x00000000192b3000 JavaThread "Incoming local TCP Connector on port 51350" [_thread_in_native, id=7544, stack(0x0000000019c30000,0x0000000019d30000)]
  0x000000001636d800 JavaThread "Service Thread" daemon [_thread_blocked, id=8888, stack(0x0000000018060000,0x0000000018160000)]
  0x0000000016333000 JavaThread "C1 CompilerThread2" daemon [_thread_blocked, id=10288, stack(0x0000000017b60000,0x0000000017c60000)]
  0x0000000016314800 JavaThread "C2 CompilerThread1" daemon [_thread_in_native, id=7748, stack(0x0000000017a60000,0x0000000017b60000)]
=>0x000000001630c800 JavaThread "C2 CompilerThread0" daemon [_thread_in_native, id=7332, stack(0x0000000017960000,0x0000000017a60000)]
  0x000000001630b000 JavaThread "Attach Listener" daemon [_thread_blocked, id=5076, stack(0x0000000017860000,0x0000000017960000)]
  0x000000001630a000 JavaThread "Signal Dispatcher" daemon [_thread_blocked, id=4416, stack(0x0000000017760000,0x0000000017860000)]
  0x000000000299b800 JavaThread "Finalizer" daemon [_thread_blocked, id=6100, stack(0x0000000017570000,0x0000000017670000)]
  0x0000000002990800 JavaThread "Reference Handler" daemon [_thread_blocked, id=9288, stack(0x0000000017470000,0x0000000017570000)]
  0x000000000289e000 JavaThread "main" [_thread_blocked, id=10844, stack(0x0000000002760000,0x0000000002860000)]

Other Threads:
  0x00000000162d7000 VMThread [stack: 0x0000000017370000,0x0000000017470000] [id=1480]
  0x0000000017c89800 WatcherThread [stack: 0x0000000018160000,0x0000000018260000] [id=10304]

VM state:not at safepoint (normal execution)

VM Mutex/Monitor currently owned by a thread: None

Heap:
 PSYoungGen      total 103936K, used 69849K [0x00000000e0000000, 0x00000000e8c80000, 0x0000000100000000)
  eden space 97792K, 65% used [0x00000000e0000000,0x00000000e3e73ea0,0x00000000e5f80000)
  from space 6144K, 95% used [0x00000000e8680000,0x00000000e8c42880,0x00000000e8c80000)
  to   space 8704K, 0% used [0x00000000e7b80000,0x00000000e7b80000,0x00000000e8400000)
 ParOldGen       total 36864K, used 9735K [0x00000000a0000000, 0x00000000a2400000, 0x00000000e0000000)
  object space 36864K, 26% used [0x00000000a0000000,0x00000000a0981f30,0x00000000a2400000)
 Metaspace       used 30304K, capacity 30876K, committed 31104K, reserved 1075200K
  class space    used 4235K, capacity 4430K, committed 4480K, reserved 1048576K

Card table byte_map: [0x0000000011d60000,0x0000000012070000] byte_map_base: 0x0000000011860000

Marking Bits: (ParMarkBitMap*) 0x0000000051155aa0
 Begin Bits: [0x0000000012670000, 0x0000000013e70000)
 End Bits:   [0x0000000013e70000, 0x0000000015670000)

Polling page: 0x00000000006b0000

CodeCache: size=245760Kb used=8934Kb max_used=8934Kb free=236826Kb
 bounds [0x00000000029a0000, 0x0000000003260000, 0x00000000119a0000]
 total_blobs=3031 nmethods=2368 adapters=576
 compilation: enabled

Compilation events (10 events):
Event: 24.845 Thread 0x0000000016333000 2613       1       org.gradle.api.internal.AbstractClassGenerator$ClassMetaData::access$400 (5 bytes)
Event: 24.845 Thread 0x0000000016333000 nmethod 2613 0x000000000325b710 code [0x000000000325b860, 0x000000000325b950]
Event: 24.845 Thread 0x0000000016333000 2614       3       com.google.common.collect.AbstractMapBasedMultimap$WrappedCollection::refreshIfEmpty (78 bytes)
Event: 24.845 Thread 0x0000000016333000 nmethod 2614 0x000000000325b9d0 code [0x000000000325bb80, 0x000000000325c2b8]
Event: 24.847 Thread 0x0000000016333000 2615       3       org.objectweb.asm.FieldWriter::putFieldInfo (418 bytes)
Event: 24.849 Thread 0x0000000016333000 nmethod 2615 0x000000000325c510 code [0x000000000325c880, 0x000000000325df58]
Event: 24.854 Thread 0x0000000016333000 2616       3       java.lang.reflect.WeakCache$CacheKey::<init> (15 bytes)
Event: 24.855 Thread 0x0000000016333000 nmethod 2616 0x000000000325e810 code [0x000000000325e9a0, 0x000000000325ece8]
Event: 24.855 Thread 0x0000000016333000 2617       3       java.lang.reflect.WeakCache$CacheKey::equals (46 bytes)
Event: 24.855 Thread 0x0000000016333000 nmethod 2617 0x000000000325ee50 code [0x000000000325efc0, 0x000000000325f5b0]

GC Heap History (10 events):
Event: 3.592 GC heap before
{Heap before GC invocations=5 (full 0):
 PSYoungGen      total 35328K, used 35312K [0x00000000e0000000, 0x00000000e2500000, 0x0000000100000000)
  eden space 32768K, 100% used [0x00000000e0000000,0x00000000e2000000,0x00000000e2000000)
  from space 2560K, 99% used [0x00000000e2280000,0x00000000e24fc030,0x00000000e2500000)
  to   space 2560K, 0% used [0x00000000e2000000,0x00000000e2000000,0x00000000e2280000)
 ParOldGen       total 44032K, used 2517K [0x00000000a0000000, 0x00000000a2b00000, 0x00000000e0000000)
  object space 44032K, 5% used [0x00000000a0000000,0x00000000a02756c0,0x00000000a2b00000)
 Metaspace       used 13609K, capacity 13978K, committed 14208K, reserved 1060864K
  class space    used 1916K, capacity 2061K, committed 2176K, reserved 1048576K
Event: 3.602 GC heap after
Heap after GC invocations=5 (full 0):
 PSYoungGen      total 35328K, used 2528K [0x00000000e0000000, 0x00000000e4d00000, 0x0000000100000000)
  eden space 32768K, 0% used [0x00000000e0000000,0x00000000e0000000,0x00000000e2000000)
  from space 2560K, 98% used [0x00000000e2000000,0x00000000e2278040,0x00000000e2280000)
  to   space 6656K, 0% used [0x00000000e4680000,0x00000000e4680000,0x00000000e4d00000)
 ParOldGen       total 44032K, used 6458K [0x00000000a0000000, 0x00000000a2b00000, 0x00000000e0000000)
  object space 44032K, 14% used [0x00000000a0000000,0x00000000a064e8a0,0x00000000a2b00000)
 Metaspace       used 13609K, capacity 13978K, committed 14208K, reserved 1060864K
  class space    used 1916K, capacity 2061K, committed 2176K, reserved 1048576K
}
Event: 4.422 GC heap before
{Heap before GC invocations=6 (full 0):
 PSYoungGen      total 35328K, used 35296K [0x00000000e0000000, 0x00000000e4d00000, 0x0000000100000000)
  eden space 32768K, 100% used [0x00000000e0000000,0x00000000e2000000,0x00000000e2000000)
  from space 2560K, 98% used [0x00000000e2000000,0x00000000e2278040,0x00000000e2280000)
  to   space 6656K, 0% used [0x00000000e4680000,0x00000000e4680000,0x00000000e4d00000)
 ParOldGen       total 44032K, used 6458K [0x00000000a0000000, 0x00000000a2b00000, 0x00000000e0000000)
  object space 44032K, 14% used [0x00000000a0000000,0x00000000a064e8a0,0x00000000a2b00000)
 Metaspace       used 16587K, capacity 16970K, committed 17152K, reserved 1064960K
  class space    used 2394K, capacity 2551K, committed 2560K, reserved 1048576K
Event: 4.441 GC heap after
Heap after GC invocations=6 (full 0):
 PSYoungGen      total 71168K, used 6364K [0x00000000e0000000, 0x00000000e4f00000, 0x0000000100000000)
  eden space 64512K, 0% used [0x00000000e0000000,0x00000000e0000000,0x00000000e3f00000)
  from space 6656K, 95% used [0x00000000e4680000,0x00000000e4cb70a0,0x00000000e4d00000)
  to   space 7680K, 0% used [0x00000000e3f00000,0x00000000e3f00000,0x00000000e4680000)
 ParOldGen       total 44032K, used 6466K [0x00000000a0000000, 0x00000000a2b00000, 0x00000000e0000000)
  object space 44032K, 14% used [0x00000000a0000000,0x00000000a06508a0,0x00000000a2b00000)
 Metaspace       used 16587K, capacity 16970K, committed 17152K, reserved 1064960K
  class space    used 2394K, capacity 2551K, committed 2560K, reserved 1048576K
}
Event: 5.385 GC heap before
{Heap before GC invocations=7 (full 0):
 PSYoungGen      total 71168K, used 39746K [0x00000000e0000000, 0x00000000e4f00000, 0x0000000100000000)
  eden space 64512K, 51% used [0x00000000e0000000,0x00000000e2099888,0x00000000e3f00000)
  from space 6656K, 95% used [0x00000000e4680000,0x00000000e4cb70a0,0x00000000e4d00000)
  to   space 7680K, 0% used [0x00000000e3f00000,0x00000000e3f00000,0x00000000e4680000)
 ParOldGen       total 44032K, used 6466K [0x00000000a0000000, 0x00000000a2b00000, 0x00000000e0000000)
  object space 44032K, 14% used [0x00000000a0000000,0x00000000a06508a0,0x00000000a2b00000)
 Metaspace       used 20721K, capacity 21160K, committed 21296K, reserved 1067008K
  class space    used 2914K, capacity 3121K, committed 3200K, reserved 1048576K
Event: 5.395 GC heap after
Heap after GC invocations=7 (full 0):
 PSYoungGen      total 72192K, used 7654K [0x00000000e0000000, 0x00000000e8f00000, 0x0000000100000000)
  eden space 64512K, 0% used [0x00000000e0000000,0x00000000e0000000,0x00000000e3f00000)
  from space 7680K, 99% used [0x00000000e3f00000,0x00000000e4679b30,0x00000000e4680000)
  to   space 8704K, 0% used [0x00000000e8680000,0x00000000e8680000,0x00000000e8f00000)
 ParOldGen       total 44032K, used 7050K [0x00000000a0000000, 0x00000000a2b00000, 0x00000000e0000000)
  object space 44032K, 16% used [0x00000000a0000000,0x00000000a06e28e0,0x00000000a2b00000)
 Metaspace       used 20721K, capacity 21160K, committed 21296K, reserved 1067008K
  class space    used 2914K, capacity 3121K, committed 3200K, reserved 1048576K
}
Event: 5.396 GC heap before
{Heap before GC invocations=8 (full 1):
 PSYoungGen      total 72192K, used 7654K [0x00000000e0000000, 0x00000000e8f00000, 0x0000000100000000)
  eden space 64512K, 0% used [0x00000000e0000000,0x00000000e0000000,0x00000000e3f00000)
  from space 7680K, 99% used [0x00000000e3f00000,0x00000000e4679b30,0x00000000e4680000)
  to   space 8704K, 0% used [0x00000000e8680000,0x00000000e8680000,0x00000000e8f00000)
 ParOldGen       total 44032K, used 7050K [0x00000000a0000000, 0x00000000a2b00000, 0x00000000e0000000)
  object space 44032K, 16% used [0x00000000a0000000,0x00000000a06e28e0,0x00000000a2b00000)
 Metaspace       used 20721K, capacity 21160K, committed 21296K, reserved 1067008K
  class space    used 2914K, capacity 3121K, committed 3200K, reserved 1048576K
Event: 5.447 GC heap after
Heap after GC invocations=8 (full 1):
 PSYoungGen      total 72192K, used 0K [0x00000000e0000000, 0x00000000e8f00000, 0x0000000100000000)
  eden space 64512K, 0% used [0x00000000e0000000,0x00000000e0000000,0x00000000e3f00000)
  from space 7680K, 0% used [0x00000000e3f00000,0x00000000e3f00000,0x00000000e4680000)
  to   space 8704K, 0% used [0x00000000e8680000,0x00000000e8680000,0x00000000e8f00000)
 ParOldGen       total 36864K, used 9727K [0x00000000a0000000, 0x00000000a2400000, 0x00000000e0000000)
  object space 36864K, 26% used [0x00000000a0000000,0x00000000a097ff30,0x00000000a2400000)
 Metaspace       used 20721K, capacity 21160K, committed 21296K, reserved 1067008K
  class space    used 2914K, capacity 3121K, committed 3200K, reserved 1048576K
}
Event: 23.610 GC heap before
{Heap before GC invocations=9 (full 1):
 PSYoungGen      total 72192K, used 64512K [0x00000000e0000000, 0x00000000e8f00000, 0x0000000100000000)
  eden space 64512K, 100% used [0x00000000e0000000,0x00000000e3f00000,0x00000000e3f00000)
  from space 7680K, 0% used [0x00000000e3f00000,0x00000000e3f00000,0x00000000e4680000)
  to   space 8704K, 0% used [0x00000000e8680000,0x00000000e8680000,0x00000000e8f00000)
 ParOldGen       total 36864K, used 9727K [0x00000000a0000000, 0x00000000a2400000, 0x00000000e0000000)
  object space 36864K, 26% used [0x00000000a0000000,0x00000000a097ff30,0x00000000a2400000)
 Metaspace       used 26282K, capacity 26862K, committed 27008K, reserved 1073152K
  class space    used 3640K, capacity 3864K, committed 3968K, reserved 1048576K
Event: 23.631 GC heap after
Heap after GC invocations=9 (full 1):
 PSYoungGen      total 103936K, used 5898K [0x00000000e0000000, 0x00000000e8c80000, 0x0000000100000000)
  eden space 97792K, 0% used [0x00000000e0000000,0x00000000e0000000,0x00000000e5f80000)
  from space 6144K, 95% used [0x00000000e8680000,0x00000000e8c42880,0x00000000e8c80000)
  to   space 8704K, 0% used [0x00000000e7b80000,0x00000000e7b80000,0x00000000e8400000)
 ParOldGen       total 36864K, used 9735K [0x00000000a0000000, 0x00000000a2400000, 0x00000000e0000000)
  object space 36864K, 26% used [0x00000000a0000000,0x00000000a0981f30,0x00000000a2400000)
 Metaspace       used 26282K, capacity 26862K, committed 27008K, reserved 1073152K
  class space    used 3640K, capacity 3864K, committed 3968K, reserved 1048576K
}

Deoptimization events (10 events):
Event: 23.077 Thread 0x000000001941e000 Uncommon trap: reason=unstable_if action=reinterpret pc=0x0000000002e0c760 method=java.util.HashMap.hash(Ljava/lang/Object;)I @ 1
Event: 23.219 Thread 0x000000001941e000 Uncommon trap: reason=unstable_if action=reinterpret pc=0x0000000002c24208 method=java.io.WinNTFileSystem.resolve(Ljava/lang/String;Ljava/lang/String;)Ljava/lang/String; @ 49
Event: 23.262 Thread 0x000000001941e000 Uncommon trap: reason=unstable_if action=reinterpret pc=0x0000000002d2d730 method=java.util.LinkedHashMap.afterNodeInsertion(Z)V @ 1
Event: 23.697 Thread 0x000000001941e000 Uncommon trap: reason=unstable_if action=reinterpret pc=0x0000000002c0a83c method=java.util.HashMap.getNode(ILjava/lang/Object;)Ljava/util/HashMap$Node; @ 129
Event: 23.740 Thread 0x000000001941e000 Uncommon trap: reason=unstable_if action=reinterpret pc=0x000000000314e6fc method=org.objectweb.asm.Type.appendDescriptor(Ljava/lang/StringBuilder;Ljava/lang/Class;)V @ 6
Event: 24.127 Thread 0x000000001941e000 Uncommon trap: reason=unstable_if action=reinterpret pc=0x000000000317005c method=org.objectweb.asm.Type.getArgumentsAndReturnSizes(Ljava/lang/String;)I @ 115
Event: 24.340 Thread 0x000000001941e000 Uncommon trap: reason=unstable_if action=reinterpret pc=0x0000000002ddf85c method=java.util.HashMap.hash(Ljava/lang/Object;)I @ 1
Event: 24.341 Thread 0x000000001941e000 Uncommon trap: reason=unstable_if action=reinterpret pc=0x0000000002dce75c method=java.util.HashMap.putVal(ILjava/lang/Object;Ljava/lang/Object;ZZ)Ljava/lang/Object; @ 85
Event: 24.445 Thread 0x000000001941e000 Uncommon trap: reason=unstable_if action=reinterpret pc=0x0000000002f320e0 method=org.codehaus.groovy.runtime.metaclass.MetaMethodIndex.addMethodToList(Ljava/lang/Object;Lgroovy/lang/MetaMethod;)Ljava/lang/Object; @ 226
Event: 24.526 Thread 0x000000001941e000 Uncommon trap: reason=unstable_if action=reinterpret pc=0x000000000316ccc8 method=org.objectweb.asm.ByteVector.putShort(I)Lorg/objectweb/asm/ByteVector; @ 13

Classes redefined (0 events):
No events

Internal exceptions (10 events):
Event: 24.796 Thread 0x000000001941e000 Exception <a 'java/lang/ClassNotFoundException': org/gradle/api/internal/DefaultNamedDomainObjectCollectionBeanInfo> (0x00000000e3a78720) thrown at [D:\src\AOSP-openjdk-cygwin\jdk8u\hotspot\src\share\vm\classfile\systemDictionary.cpp, line 210]
Event: 24.797 Thread 0x000000001941e000 Exception <a 'java/lang/ClassNotFoundException': org/gradle/api/internal/DefaultDomainObjectCollectionBeanInfo> (0x00000000e3aa7388) thrown at [D:\src\AOSP-openjdk-cygwin\jdk8u\hotspot\src\share\vm\classfile\systemDictionary.cpp, line 210]
Event: 24.797 Thread 0x000000001941e000 Exception <a 'java/lang/ClassNotFoundException': java/util/AbstractCollectionBeanInfo> (0x00000000e3aab390) thrown at [D:\src\AOSP-openjdk-cygwin\jdk8u\hotspot\src\share\vm\classfile\systemDictionary.cpp, line 210]
Event: 24.797 Thread 0x000000001941e000 Exception <a 'java/lang/ClassNotFoundException': java/util/AbstractCollectionCustomizer> (0x00000000e3aaf3a8) thrown at [D:\src\AOSP-openjdk-cygwin\jdk8u\hotspot\src\share\vm\classfile\systemDictionary.cpp, line 210]
Event: 24.800 Thread 0x000000001941e000 Exception <a 'java/lang/ClassNotFoundException': org/gradle/api/internal/DefaultDomainObjectCollectionCustomizer> (0x00000000e3aea9a0) thrown at [D:\src\AOSP-openjdk-cygwin\jdk8u\hotspot\src\share\vm\classfile\systemDictionary.cpp, line 210]
Event: 24.805 Thread 0x000000001941e000 Exception <a 'java/lang/ClassNotFoundException': org/gradle/api/internal/DefaultNamedDomainObjectCollectionCustomizer> (0x00000000e3b45aa0) thrown at [D:\src\AOSP-openjdk-cygwin\jdk8u\hotspot\src\share\vm\classfile\systemDictionary.cpp, line 210]
Event: 24.810 Thread 0x000000001941e000 Exception <a 'java/lang/ClassNotFoundException': org/gradle/api/internal/DefaultNamedDomainObjectListCustomizer> (0x00000000e3bb5c98) thrown at [D:\src\AOSP-openjdk-cygwin\jdk8u\hotspot\src\share\vm\classfile\systemDictionary.cpp, line 210]
Event: 24.814 Thread 0x000000001941e000 Exception <a 'java/lang/ClassNotFoundException': org/gradle/api/internal/artifacts/DefaultArtifactRepositoryContainerCustomizer> (0x00000000e3c29908) thrown at [D:\src\AOSP-openjdk-cygwin\jdk8u\hotspot\src\share\vm\classfile\systemDictionary.cpp, line 210
Event: 24.822 Thread 0x000000001941e000 Exception <a 'java/lang/ClassNotFoundException': org/gradle/api/internal/artifacts/dsl/DefaultRepositoryHandlerCustomizer> (0x00000000e3c8f9e8) thrown at [D:\src\AOSP-openjdk-cygwin\jdk8u\hotspot\src\share\vm\classfile\systemDictionary.cpp, line 210]
Event: 24.829 Thread 0x000000001941e000 Exception <a 'java/lang/ClassNotFoundException': org/gradle/api/internal/artifacts/dsl/DefaultRepositoryHandler_DecoratedCustomizer> (0x00000000e3cfef98) thrown at [D:\src\AOSP-openjdk-cygwin\jdk8u\hotspot\src\share\vm\classfile\systemDictionary.cpp, line

Events (10 events):
Event: 24.850 loading class org/gradle/api/internal/AbstractPolymorphicDomainObjectContainer$ContainerElementsDynamicObject
Event: 24.850 loading class org/gradle/api/internal/AbstractPolymorphicDomainObjectContainer$ContainerElementsDynamicObject done
Event: 24.851 loading class org/gradle/api/internal/DefaultPolymorphicNamedEntityInstantiator
Event: 24.851 loading class org/gradle/api/internal/DefaultPolymorphicNamedEntityInstantiator done
Event: 24.851 loading class org/gradle/api/internal/PolymorphicNamedEntityInstantiator
Event: 24.851 loading class org/gradle/api/internal/PolymorphicNamedEntityInstantiator done
Event: 24.852 loading class org/gradle/api/internal/NoFactoryRegisteredForTypeException
Event: 24.852 loading class org/gradle/api/internal/NoFactoryRegisteredForTypeException done
Event: 24.853 loading class org/gradle/api/internal/DefaultPolymorphicDomainObjectContainer$2
Event: 24.853 loading class org/gradle/api/internal/DefaultPolymorphicDomainObjectContainer$2 done


Dynamic libraries:
0x00007ff61f3c0000 - 0x00007ff61f3f1000 	C:\Program Files\Android\Android Studio\jre\bin\java.exe
0x00007ffbfcef0000 - 0x00007ffbfd0d1000 	C:\WINDOWS\SYSTEM32\ntdll.dll
0x00007ffbfc950000 - 0x00007ffbfca02000 	C:\WINDOWS\System32\KERNEL32.DLL
0x00007ffbfa060000 - 0x00007ffbfa2d3000 	C:\WINDOWS\System32\KERNELBASE.dll
0x00007ffbfa500000 - 0x00007ffbfa5a1000 	C:\WINDOWS\System32\ADVAPI32.dll
0x00007ffbfca10000 - 0x00007ffbfcaae000 	C:\WINDOWS\System32\msvcrt.dll
0x00007ffbfaea0000 - 0x00007ffbfaefb000 	C:\WINDOWS\System32\sechost.dll
0x00007ffbfcab0000 - 0x00007ffbfcbd4000 	C:\WINDOWS\System32\RPCRT4.dll
0x00007ffbfcc60000 - 0x00007ffbfcdf0000 	C:\WINDOWS\System32\USER32.dll
0x00007ffbf9f90000 - 0x00007ffbf9fb0000 	C:\WINDOWS\System32\win32u.dll
0x00007ffbfc5d0000 - 0x00007ffbfc5f8000 	C:\WINDOWS\System32\GDI32.dll
0x00007ffbf92c0000 - 0x00007ffbf9452000 	C:\WINDOWS\System32\gdi32full.dll
0x00007ffbfa2e0000 - 0x00007ffbfa37f000 	C:\WINDOWS\System32\msvcp_win.dll
0x00007ffbf9e90000 - 0x00007ffbf9f8a000 	C:\WINDOWS\System32\ucrtbase.dll
0x00007ffbe3ca0000 - 0x00007ffbe3f09000 	C:\WINDOWS\WinSxS\amd64_microsoft.windows.common-controls_6595b64144ccf1df_6.0.17134.1_none_e4da93291059d8fb\COMCTL32.dll
0x00007ffbfc620000 - 0x00007ffbfc943000 	C:\WINDOWS\System32\combase.dll
0x00007ffbf9b70000 - 0x00007ffbf9bea000 	C:\WINDOWS\System32\bcryptPrimitives.dll
0x00007ffbfaab0000 - 0x00007ffbfaadd000 	C:\WINDOWS\System32\IMM32.DLL
0x00007ffbf8d20000 - 0x00007ffbf8d56000 	C:\WINDOWS\system32\DriverStore\FileRepository\nvam.inf_amd64_1aae4f19e68d0780\nvinitx.dll
0x00007ffbf8d10000 - 0x00007ffbf8d1a000 	C:\WINDOWS\SYSTEM32\VERSION.dll
0x00007ffbfaf00000 - 0x00007ffbfc340000 	C:\WINDOWS\System32\Shell32.dll
0x00007ffbf9e40000 - 0x00007ffbf9e89000 	C:\WINDOWS\System32\cfgmgr32.dll
0x00007ffbfaa00000 - 0x00007ffbfaaa9000 	C:\WINDOWS\System32\shcore.dll
0x00007ffbf9460000 - 0x00007ffbf9b6d000 	C:\WINDOWS\System32\windows.storage.dll
0x00007ffbfc570000 - 0x00007ffbfc5c1000 	C:\WINDOWS\System32\shlwapi.dll
0x00007ffbf9250000 - 0x00007ffbf9261000 	C:\WINDOWS\System32\kernel.appcore.dll
0x00007ffbf9270000 - 0x00007ffbf928f000 	C:\WINDOWS\System32\profapi.dll
0x00007ffbf9200000 - 0x00007ffbf924c000 	C:\WINDOWS\System32\powrprof.dll
0x00007ffbf92b0000 - 0x00007ffbf92ba000 	C:\WINDOWS\System32\FLTLIB.DLL
0x00000000528b0000 - 0x00000000528b6000 	C:\Program Files\NVIDIA Corporation\CoProcManager\_etoured.dll
0x00007ffbcc990000 - 0x00007ffbcc9d3000 	C:\Program Files\NVIDIA Corporation\CoProcManager\nvd3d9wrapx.dll
0x00007ffbfa5b0000 - 0x00007ffbfa9fb000 	C:\WINDOWS\System32\SETUPAPI.dll
0x00007ffbcc870000 - 0x00007ffbcc89d000 	C:\Program Files\NVIDIA Corporation\CoProcManager\nvdxgiwrapx.dll
0x00000000508b0000 - 0x0000000050982000 	C:\Program Files\Android\Android Studio\jre\jre\bin\msvcr100.dll
0x0000000050990000 - 0x00000000511d1000 	C:\Program Files\Android\Android Studio\jre\jre\bin\server\jvm.dll
0x00007ffbfc600000 - 0x00007ffbfc608000 	C:\WINDOWS\System32\PSAPI.DLL
0x00007ffbf6f20000 - 0x00007ffbf6f43000 	C:\WINDOWS\SYSTEM32\WINMM.dll
0x00007ffbf7060000 - 0x00007ffbf7069000 	C:\WINDOWS\SYSTEM32\WSOCK32.dll
0x00007ffbfc4a0000 - 0x00007ffbfc50c000 	C:\WINDOWS\System32\WS2_32.dll
0x00007ffbf6ad0000 - 0x00007ffbf6afa000 	C:\WINDOWS\SYSTEM32\WINMMBASE.dll
0x00007ffbf5a20000 - 0x00007ffbf5a2f000 	C:\Program Files\Android\Android Studio\jre\jre\bin\verify.dll
0x00007ffbf44d0000 - 0x00007ffbf44f9000 	C:\Program Files\Android\Android Studio\jre\jre\bin\java.dll
0x00007ffbf5a00000 - 0x00007ffbf5a16000 	C:\Program Files\Android\Android Studio\jre\jre\bin\zip.dll
0x00007ffbf3cc0000 - 0x00007ffbf3cda000 	C:\Program Files\Android\Android Studio\jre\jre\bin\net.dll
0x00007ffbf89d0000 - 0x00007ffbf8a36000 	C:\WINDOWS\system32\mswsock.dll
0x00007ffbf3c50000 - 0x00007ffbf3c61000 	C:\Program Files\Android\Android Studio\jre\jre\bin\nio.dll
0x00007ffbecac0000 - 0x00007ffbecade000 	C:\Users\Admin\.gradle\native\25\windows-amd64\native-platform.dll
0x00007ffbf5940000 - 0x00007ffbf594d000 	C:\Program Files\Android\Android Studio\jre\jre\bin\management.dll
0x00007ffbf8b80000 - 0x00007ffbf8b97000 	C:\WINDOWS\SYSTEM32\CRYPTSP.dll
0x00007ffbf85b0000 - 0x00007ffbf85e3000 	C:\WINDOWS\system32\rsaenh.dll
0x00007ffbf8d60000 - 0x00007ffbf8d85000 	C:\WINDOWS\SYSTEM32\bcrypt.dll
0x00007ffbf9130000 - 0x00007ffbf9158000 	C:\WINDOWS\SYSTEM32\USERENV.dll
0x00007ffbf8ba0000 - 0x00007ffbf8bab000 	C:\WINDOWS\SYSTEM32\CRYPTBASE.dll
0x00007ffbf8750000 - 0x00007ffbf8788000 	C:\WINDOWS\SYSTEM32\IPHLPAPI.DLL
0x00007ffbfac80000 - 0x00007ffbfac88000 	C:\WINDOWS\System32\NSI.dll
0x00007ffbf0420000 - 0x00007ffbf0436000 	C:\WINDOWS\SYSTEM32\dhcpcsvc6.DLL
0x00007ffbef7a0000 - 0x00007ffbef7ba000 	C:\WINDOWS\SYSTEM32\dhcpcsvc.DLL

VM Arguments:
jvm_args: -Xmx1536m -Dfile.encoding=windows-1252 -Duser.country=US -Duser.language=en -Duser.variant 
java_command: org.gradle.launcher.daemon.bootstrap.GradleDaemon 4.10.1
java_class_path (initial): C:\Users\Admin\.gradle\wrapper\dists\gradle-4.10.1-all\455itskqi2qtf0v2sja68alqd\gradle-4.10.1\lib\gradle-launcher-4.10.1.jar
Launcher Type: SUN_STANDARD

Environment Variables:
JAVA_HOME=C:\Program Files\Java\jdk1.8.0_161
JRE_HOME=C:\Program Files\Java\jre1.8.0_181
PATH=C:\Program Files (x86)\Common Files\Oracle\Java\javapath;C:\ProgramData\Oracle\Java\javapath;C:\WINDOWS\system32;C:\WINDOWS;C:\WINDOWS\System32\Wbem;C:\WINDOWS\System32\WindowsPowerShell\v1.0\;C:\Program Files\dotnet\;C:\Program Files\Microsoft SQL Server\120\DTS\Binn\;C:\Program Files\Microsoft SQL Server\Client SDK\ODBC\110\Tools\Binn\;C:\Program Files (x86)\Microsoft SQL Server\120\Tools\Binn\;C:\Program Files\Microsoft SQL Server\120\Tools\Binn\;C:\Program Files (x86)\Microsoft SQL Server\120\Tools\Binn\ManagementStudio\;C:\Program Files (x86)\Microsoft SQL Server\120\DTS\Binn\;C:\Program Files\Java\jdk1.8.0_161\bin;C:\WINDOWS\System32\OpenSSH\;D:\Program Files\Git\cmd;C:\Program Files\Microsoft SQL Server\130\Tools\Binn\;C:\Program Files\MongoDB\Server\4.0\bin;C:\Users\Admin\AppData\Local\Microsoft\WindowsApps;C:\Users\Admin\AppData\Local\GitHubDesktop\bin;C:\Program Files\MongoDB\Server\4.0\bin;
USERNAME=Nhân Hòa
OS=Windows_NT
PROCESSOR_IDENTIFIER=Intel64 Family 6 Model 42 Stepping 7, GenuineIntel



---------------  S Y S T E M  ---------------

OS: Windows 10.0 , 64 bit Build 17134 (10.0.17134.1)

CPU:total 4 (initial active 4) (2 cores per cpu, 2 threads per core) family 6 model 42 stepping 7, cmov, cx8, fxsr, mmx, sse, sse2, sse3, ssse3, sse4.1, sse4.2, popcnt, avx, aes, clmul, ht, tsc, tscinvbit

Memory: 4k page, physical 4102856k(476932k free), swap 6150856k(9608k free)

vm_info: OpenJDK 64-Bit Server VM (25.152-b01) for windows-amd64 JRE (1.8.0_152-release-1343-b01), built by "builder" with MS VC++ 10.0 (VS2010)

time: Fri Apr 26 20:31:39 2019
elapsed time: 24 seconds (0d 0h 0m 24s)

