JvmtiExport can_access_local_variables 0
JvmtiExport can_hotswap_or_post_breakpoint 0
JvmtiExport can_post_on_exceptions 0
# 474 ciObject found
ciMethod java/lang/Object <init> ()V 4097 1 12869395 0 0
ciMethod java/lang/Object getClass ()Ljava/lang/Class; 2049 1 256 0 -1
ciMethod java/lang/Object hashCode ()I 3073 1 384 0 -1
ciMethod java/lang/Object equals (Ljava/lang/Object;)Z 3361 1 50929 0 64
ciMethod java/lang/String equals (Ljava/lang/Object;)Z 2105 12393 10355 0 -1
ciMethod java/lang/String endsWith (Ljava/lang/String;)Z 2177 1 148977 0 -1
ciMethod java/lang/String hashCode ()I 2673 32769 1046 0 288
ciMethod java/lang/String toCharArray ()[C 2049 1 51415 0 256
ciMethod java/lang/Class isInstance (Ljava/lang/Object;)Z 2049 1 256 0 -1
ciMethod java/lang/Class isAnnotation ()Z 2145 1 8857 0 -1
ciMethod java/lang/Class getName ()Ljava/lang/String; 649 1 52626 0 -1
ciMethod java/lang/Class getComponentType ()Ljava/lang/Class; 3097 1 387 0 -1
ciMethod java/lang/Class getConstantPool ()Lsun/reflect/ConstantPool; 3081 1 385 0 -1
ciMethod java/lang/Class isEnum ()Z 2321 1 564 0 -1
ciMethod java/lang/Class casAnnotationType (Lsun/reflect/annotation/AnnotationType;Lsun/reflect/annotation/AnnotationType;)Z 89 1 58 0 -1
ciMethod java/lang/Class getAnnotationType ()Lsun/reflect/annotation/AnnotationType; 1025 1 128 0 0
ciMethod java/lang/System arraycopy (Ljava/lang/Object;ILjava/lang/Object;II)V 4097 1 512 0 -1
ciMethod java/util/Map size ()I 0 0 1 0 -1
ciMethod java/util/Map containsKey (Ljava/lang/Object;)Z 0 0 1 0 -1
ciMethod java/util/Map get (Ljava/lang/Object;)Ljava/lang/Object; 0 0 1 0 -1
ciMethod java/util/Map put (Ljava/lang/Object;Ljava/lang/Object;)Ljava/lang/Object; 0 0 1 0 -1
ciMethod java/util/Map entrySet ()Ljava/util/Set; 0 0 1 0 -1
ciMethod java/lang/reflect/Field getDeclaringClass ()Ljava/lang/Class; 1025 1 128 0 0
ciMethod java/lang/reflect/Field declaredAnnotations ()Ljava/util/Map; 3081 1 5524 0 0
ciMethod java/lang/reflect/Method getName ()Ljava/lang/String; 1025 1 128 0 -1
ciMethod java/lang/reflect/Method getModifiers ()I 1073 1 134 0 -1
ciMethod java/lang/reflect/Method getReturnType ()Ljava/lang/Class; 1113 1 139 0 -1
ciMethod java/lang/reflect/Method getParameterTypes ()[Ljava/lang/Class; 2105 1 50502 0 -1
ciMethod java/lang/reflect/Method isSynthetic ()Z 2073 1 4111 0 -1
ciMethod java/lang/reflect/Method getDefaultValue ()Ljava/lang/Object; 497 1 62 0 -1
ciMethod sun/reflect/ConstantPool getClassAt (I)Ljava/lang/Class; 0 0 1 0 0
ciMethod sun/reflect/ConstantPool getIntAt (I)I 2097 1 516 0 -1
ciMethod sun/reflect/ConstantPool getLongAt (I)J 0 0 1 0 -1
ciMethod sun/reflect/ConstantPool getFloatAt (I)F 0 0 1 0 -1
ciMethod sun/reflect/ConstantPool getDoubleAt (I)D 0 0 1 0 -1
ciMethod sun/reflect/ConstantPool getUTF8At (I)Ljava/lang/String; 2049 1 5785 0 0
ciMethod sun/reflect/ConstantPool getClassAt0 (Ljava/lang/Object;I)Ljava/lang/Class; 0 0 1 0 -1
ciMethod sun/reflect/ConstantPool getUTF8At0 (Ljava/lang/Object;I)Ljava/lang/String; 2049 1 256 0 -1
ciMethod java/lang/annotation/Annotation annotationType ()Ljava/lang/Class; 0 0 1 0 -1
ciMethod java/lang/StringBuilder <init> ()V 945 1 305951 0 -1
ciMethod java/lang/StringBuilder <init> (Ljava/lang/String;)V 3137 1 11222 0 -1
ciMethod java/lang/StringBuilder append (Ljava/lang/String;)Ljava/lang/StringBuilder; 2065 1 675273 0 -1
ciMethod java/lang/StringBuilder append (C)Ljava/lang/StringBuilder; 4097 1 444008 0 -1
ciMethod java/lang/StringBuilder toString ()Ljava/lang/String; 1025 1 313972 0 -1
ciMethod java/nio/Buffer <init> (IIII)V 561 1 5194 0 384
ciMethod java/nio/Buffer position (I)Ljava/nio/Buffer; 1569 1 5353 0 128
ciMethod java/nio/Buffer limit (I)Ljava/nio/Buffer; 2049 1 5405 0 160
ciMethod java/nio/Buffer nextGetIndex ()I 1 1 274526 0 0
ciMethod java/nio/Buffer nextGetIndex (I)I 2081 1 5406 0 96
ciMethod java/lang/Boolean valueOf (Z)Ljava/lang/Boolean; 1177 1 170321 0 -1
ciMethod java/lang/Character valueOf (C)Ljava/lang/Character; 521 1 605 0 -1
ciMethod java/lang/Float valueOf (F)Ljava/lang/Float; 209 1 254 0 -1
ciMethod java/lang/Double valueOf (D)Ljava/lang/Double; 49 1 30 0 -1
ciMethod java/lang/Byte valueOf (B)Ljava/lang/Byte; 2049 1 875 0 -1
ciMethod java/lang/Short valueOf (S)Ljava/lang/Short; 105 1 133 0 -1
ciMethod java/lang/Integer valueOf (I)Ljava/lang/Integer; 2057 1 1114279 0 -1
ciMethod java/lang/Long valueOf (J)Ljava/lang/Long; 2089 1 6477 0 -1
ciMethod java/security/AccessController doPrivileged (Ljava/security/PrivilegedAction;)Ljava/lang/Object; 2049 1 256 0 -1
ciMethod java/util/List isEmpty ()Z 0 0 1 0 -1
ciMethod java/util/List iterator ()Ljava/util/Iterator; 0 0 1 0 -1
ciMethod java/util/List add (Ljava/lang/Object;)Z 0 0 1 0 -1
ciMethod java/util/AbstractList <init> ()V 2049 1 1213729 0 32
ciMethod java/util/AbstractCollection <init> ()V 505 1 2489969 0 -1
ciMethod java/util/ArrayList <init> (I)V 2097 1 5382 0 320
ciMethod java/util/ArrayList ensureCapacityInternal (I)V 457 1 577981 0 576
ciMethod java/util/ArrayList ensureExplicitCapacity (I)V 457 1 572931 0 -1
ciMethod java/util/ArrayList add (Ljava/lang/Object;)Z 457 1 555563 0 736
ciMethod java/util/Collections emptyMap ()Ljava/util/Map; 2049 1 6781 0 0
ciMethod java/util/Set iterator ()Ljava/util/Iterator; 0 0 1 0 -1
ciMethod java/util/AbstractMap <init> ()V 553 1 1006836 0 32
ciMethod sun/misc/SharedSecrets getJavaLangAccess ()Lsun/misc/JavaLangAccess; 1985 1 45567 0 0
ciMethod java/util/HashMap hash (Ljava/lang/Object;)I 2089 1 339504 0 160
ciMethod java/util/HashMap tableSizeFor (I)I 2057 1 9502 0 -1
ciMethod java/util/HashMap <init> (IF)V 2049 1 9479 0 -1
ciMethod java/util/HashMap <init> (I)V 1105 1 55594 0 -1
ciMethod java/util/HashMap <init> ()V 225 1 863961 0 32
ciMethod java/util/HashMap putMapEntries (Ljava/util/Map;Z)V 33 25 34857 0 2016
ciMethod java/util/HashMap get (Ljava/lang/Object;)Ljava/lang/Object; 3089 1 70907 0 672
ciMethod java/util/HashMap getNode (ILjava/lang/Object;)Ljava/util/HashMap$Node; 2065 1 10617 0 480
ciMethod java/util/HashMap put (Ljava/lang/Object;Ljava/lang/Object;)Ljava/lang/Object; 1305 1 40230 0 1312
ciMethod java/util/HashMap putVal (ILjava/lang/Object;Ljava/lang/Object;ZZ)Ljava/lang/Object; 1329 17 17731 0 1248
ciMethod java/util/HashMap resize ()[Ljava/util/HashMap$Node; 529 649 1563 0 -1
ciMethod java/util/HashMap treeifyBin ([Ljava/util/HashMap$Node;I)V 1 1 27 0 0
ciMethod java/util/HashMap removeNode (ILjava/lang/Object;Ljava/lang/Object;ZZ)Ljava/util/HashMap$Node; 56961 177 14558 0 -1
ciMethod java/util/HashMap newNode (ILjava/lang/Object;Ljava/lang/Object;Ljava/util/HashMap$Node;)Ljava/util/HashMap$Node; 2073 1 5422 0 -1
ciMethod java/util/HashMap replacementTreeNode (Ljava/util/HashMap$Node;Ljava/util/HashMap$Node;)Ljava/util/HashMap$TreeNode; 497 1 62 0 -1
ciMethod java/util/HashMap afterNodeAccess (Ljava/util/HashMap$Node;)V 2049 1 1281 0 -1
ciMethod java/util/HashMap afterNodeInsertion (Z)V 2073 1 1298 0 -1
ciMethod java/util/Map$Entry getKey ()Ljava/lang/Object; 0 0 1 0 -1
ciMethod java/util/Map$Entry getValue ()Ljava/lang/Object; 0 0 1 0 -1
ciMethod java/util/HashMap$Node <init> (ILjava/lang/Object;Ljava/lang/Object;Ljava/util/HashMap$Node;)V 2121 1 11888 0 0
ciMethod java/lang/Math max (II)I 617 1 252800 0 -1
ciMethod java/util/Iterator hasNext ()Z 0 0 1 0 -1
ciMethod java/util/Iterator next ()Ljava/lang/Object; 0 0 1 0 -1
ciMethod sun/reflect/annotation/AnnotationType getInstance (Ljava/lang/Class;)Lsun/reflect/annotation/AnnotationType; 2073 1 4249 0 0
ciMethod sun/reflect/annotation/AnnotationType <init> (Ljava/lang/Class;)V 89 17 58 0 -1
ciMethod sun/reflect/annotation/AnnotationType invocationHandlerReturnType (Ljava/lang/Class;)Ljava/lang/Class; 889 1 111 0 -1
ciMethod sun/reflect/annotation/AnnotationType memberTypes ()Ljava/util/Map; 1033 1 129 0 0
ciMethod sun/reflect/annotation/AnnotationType members ()Ljava/util/Map; 0 0 1 0 -1
ciMethod sun/reflect/annotation/AnnotationType memberDefaults ()Ljava/util/Map; 1049 1 131 0 0
ciMethod sun/reflect/annotation/AnnotationType retention ()Ljava/lang/annotation/RetentionPolicy; 1057 1 132 0 0
ciMethod java/lang/reflect/Modifier isPublic (I)Z 1161 1 22755 0 -1
ciMethod java/lang/reflect/Modifier isAbstract (I)Z 2297 1 11151 0 -1
ciMethod java/nio/ByteBuffer <init> (IIII[BI)V 273 1 26954 0 480
ciMethod java/nio/ByteBuffer wrap ([BII)Ljava/nio/ByteBuffer; 1 1 39129 0 0
ciMethod java/nio/ByteBuffer wrap ([B)Ljava/nio/ByteBuffer; 1 1 34505 0 256
ciMethod java/nio/ByteBuffer get ()B 0 0 1 0 -1
ciMethod java/nio/ByteBuffer _get (I)B 0 0 1 0 -1
ciMethod java/nio/ByteBuffer getShort ()S 0 0 1 0 -1
ciMethod java/nio/HeapByteBuffer <init> ([BII)V 1 1 39130 0 0
ciMethod java/nio/HeapByteBuffer ix (I)I 481 1 662221 0 0
ciMethod java/nio/HeapByteBuffer get ()B 2089 1 263642 0 160
ciMethod java/nio/HeapByteBuffer _get (I)B 2065 1 458765 0 0
ciMethod java/nio/HeapByteBuffer getShort ()S 4760761 1 614308 0 320
ciMethod java/nio/Bits makeShort (BB)S 2065 1 69638 0 64
ciMethod java/nio/Bits getShortL (Ljava/nio/ByteBuffer;I)S 1 1 62688 0 224
ciMethod java/nio/Bits getShortB (Ljava/nio/ByteBuffer;I)S 2065 1 6958 0 0
ciMethod java/nio/Bits getShort (Ljava/nio/ByteBuffer;IZ)S 2065 1 23523 0 384
ciMethod java/nio/Bits byteOrder ()Ljava/nio/ByteOrder; 2049 1 32486 0 0
ciMethod java/util/LinkedHashMap linkNodeLast (Ljava/util/LinkedHashMap$Entry;)V 2073 1 6400 0 0
ciMethod java/util/LinkedHashMap newNode (ILjava/lang/Object;Ljava/lang/Object;Ljava/util/HashMap$Node;)Ljava/util/HashMap$Node; 2073 1 6400 0 288
ciMethod java/util/LinkedHashMap afterNodeInsertion (Z)V 3097 1 12750 0 128
ciMethod java/util/LinkedHashMap afterNodeAccess (Ljava/util/HashMap$Node;)V 953 1 2783 0 0
ciMethod java/util/LinkedHashMap <init> ()V 2049 1 9452 0 64
ciMethod java/util/LinkedHashMap <init> (Ljava/util/Map;)V 1825 1 2066 0 0
ciMethod java/util/LinkedHashMap removeEldestEntry (Ljava/util/Map$Entry;)Z 1065 1 133 0 0
ciMethod java/lang/Enum valueOf (Ljava/lang/Class;Ljava/lang/String;)Ljava/lang/Enum; 2049 1 1067 3 -1
ciMethod java/util/LinkedHashMap$Entry <init> (ILjava/lang/Object;Ljava/lang/Object;Ljava/util/HashMap$Node;)V 2073 1 6466 0 0
ciMethodData java/lang/Object <init> ()V 2 12869395 orig 264 56 173 78 98 0 0 0 0 128 4 190 21 0 0 0 0 32 1 0 0 0 0 0 0 0 0 0 0 0 0 0 0 0 0 0 0 0 0 0 0 0 0 0 0 0 0 0 0 0 0 0 0 0 0 0 0 0 0 0 0 0 0 0 0 0 0 0 0 0 0 0 0 0 0 0 0 0 0 0 0 77 68 79 32 101 120 116 114 97 32 100 97 116 97 32 108 111 99 107 0 0 0 0 0 0 0 0 0 0 0 0 0 0 0 0 0 0 0 0 0 0 0 0 0 0 0 0 0 0 0 0 0 0 0 0 0 0 0 0 0 0 0 0 0 0 0 0 0 0 0 0 0 0 0 0 0 0 0 0 0 0 0 0 0 0 0 0 0 0 0 0 0 0 0 0 0 0 0 0 0 0 0 0 0 1 0 0 0 0 0 0 0 1 0 0 0 0 0 0 0 1 0 0 0 0 0 0 0 0 0 0 0 0 0 0 0 0 2 0 0 153 232 34 6 1 0 0 0 0 0 0 0 0 0 0 0 2 0 0 0 0 0 3 0 1 0 0 0 0 0 0 0 255 255 255 255 0 0 0 0 0 0 0 0 data 0 oops 0
ciMethod sun/misc/JavaLangAccess getConstantPool (Ljava/lang/Class;)Lsun/reflect/ConstantPool; 0 0 1 0 -1
ciMethod sun/misc/JavaLangAccess casAnnotationType (Ljava/lang/Class;Lsun/reflect/annotation/AnnotationType;Lsun/reflect/annotation/AnnotationType;)Z 0 0 1 0 -1
ciMethod sun/misc/JavaLangAccess getAnnotationType (Ljava/lang/Class;)Lsun/reflect/annotation/AnnotationType; 0 0 1 0 -1
ciMethod sun/misc/JavaLangAccess getRawClassAnnotations (Ljava/lang/Class;)[B 0 0 1 0 -1
ciMethod java/lang/System$2 getConstantPool (Ljava/lang/Class;)Lsun/reflect/ConstantPool; 1177 1 2523 0 0
ciMethod java/lang/System$2 casAnnotationType (Ljava/lang/Class;Lsun/reflect/annotation/AnnotationType;Lsun/reflect/annotation/AnnotationType;)Z 89 1 58 0 0
ciMethod java/lang/System$2 getAnnotationType (Ljava/lang/Class;)Lsun/reflect/annotation/AnnotationType; 2081 1 4249 0 0
ciMethod java/lang/reflect/Array newInstance (Ljava/lang/Class;I)Ljava/lang/Object; 1025 1 18155 0 -1
ciMethod java/util/HashMap$TreeNode getTreeNode (ILjava/lang/Object;)Ljava/util/HashMap$TreeNode; 33 1 4 0 -1
ciMethod java/util/HashMap$TreeNode treeify ([Ljava/util/HashMap$Node;)V 49 1169 6 0 -1
ciMethod java/util/HashMap$TreeNode putTreeVal (Ljava/util/HashMap;[Ljava/util/HashMap$Node;ILjava/lang/Object;Ljava/lang/Object;)Ljava/util/HashMap$TreeNode; 33 89 4 0 -1
ciMethod java/util/HashMap$TreeNode split (Ljava/util/HashMap;[Ljava/util/HashMap$Node;II)V 0 0 1 0 -1
ciMethodData java/lang/String hashCode ()I 2 22863 orig 264 56 173 78 98 0 0 0 0 0 80 190 21 0 0 0 0 152 1 0 0 32 0 0 0 0 0 0 0 0 0 0 0 0 0 0 0 0 0 0 0 0 0 0 0 0 0 0 0 0 0 0 0 0 0 0 0 0 0 0 0 0 0 0 0 0 0 0 0 0 0 0 0 0 0 0 0 0 0 0 0 77 68 79 32 101 120 116 114 97 32 100 97 116 97 32 108 111 99 107 0 0 0 0 0 0 0 0 0 0 0 0 0 0 0 0 0 0 0 0 0 0 0 0 0 0 0 0 0 0 0 0 0 0 0 0 0 0 0 0 0 0 0 0 0 0 0 0 0 0 0 0 0 0 0 0 0 0 0 0 0 0 0 0 0 0 0 0 0 0 0 0 0 0 0 0 0 0 0 0 0 0 0 0 0 1 0 0 0 0 0 0 0 0 0 0 0 0 0 0 0 1 0 0 0 0 0 0 0 0 0 0 0 0 0 0 0 0 16 0 0 65 22 0 0 121 74 2 0 0 0 0 0 0 0 0 0 2 0 0 0 1 0 11 0 2 0 0 0 120 0 0 0 255 255 255 255 7 0 6 0 0 0 0 0 data 15 0x60007 0x104 0x78 0x1c4 0xe0007 0x4 0x58 0x1c0 0x1e0007 0x1c0 0x38 0x494c 0x2d0003 0x494c 0xffffffffffffffe0 oops 0
ciMethodData java/util/HashMap hash (Ljava/lang/Object;)I 2 339504 orig 264 56 173 78 98 0 0 0 0 160 142 204 21 0 0 0 0 176 1 0 0 0 0 0 0 0 0 0 0 0 0 0 0 0 0 0 0 0 0 0 0 0 0 0 0 0 0 0 0 0 0 0 0 0 0 0 0 0 0 0 0 0 0 0 0 0 0 0 0 0 0 0 0 0 0 0 0 0 0 0 0 77 68 79 32 101 120 116 114 97 32 100 97 116 97 32 108 111 99 107 0 0 0 0 0 0 0 0 0 0 0 0 0 0 0 0 0 0 0 0 0 0 0 0 0 0 0 0 0 0 0 0 0 0 0 0 0 0 0 0 0 0 0 0 0 0 0 0 0 0 0 0 0 0 0 0 0 0 0 0 0 0 0 0 0 0 0 0 0 0 0 0 0 0 0 0 0 0 0 0 4 0 0 0 0 17 0 0 0 0 0 0 0 0 0 0 0 0 0 0 0 0 0 0 0 0 0 0 0 0 0 0 0 0 0 0 0 5 1 0 0 89 105 41 0 1 0 0 0 113 221 0 0 0 0 0 0 2 0 0 0 0 0 6 0 2 0 0 0 104 0 0 0 255 255 255 255 7 224 1 0 0 0 0 0 data 13 0x1e007 0x52d10 0x38 0x22 0x50003 0x22 0x48 0x90005 0x44236 0x16572e30 0x261 0x16572770 0xd5ed oops 2 9 java/security/ProtectionDomain 11 java/lang/String
ciMethodData java/util/HashMap getNode (ILjava/lang/Object;)Ljava/util/HashMap$Node; 2 10617 orig 264 56 173 78 98 0 0 0 0 80 152 204 21 0 0 0 0 8 4 0 0 192 0 0 0 0 0 0 0 0 0 0 0 0 0 0 0 0 0 0 0 0 0 0 0 0 0 0 0 0 0 0 0 0 0 0 0 0 0 0 0 0 0 0 0 0 0 0 0 0 0 0 0 0 0 0 0 0 0 0 0 77 68 79 32 101 120 116 114 97 32 100 97 116 97 32 108 111 99 107 0 0 0 0 0 0 0 0 0 0 0 0 0 0 0 0 0 0 0 0 0 0 0 0 0 0 0 0 0 0 0 0 0 0 0 0 0 0 0 0 0 0 0 0 0 1 0 0 0 0 0 0 0 0 0 0 0 0 0 0 0 0 0 0 0 0 0 0 0 0 0 0 0 0 0 0 0 0 0 0 2 0 0 0 0 17 0 0 0 0 0 0 0 0 0 0 0 0 0 0 0 1 0 0 0 0 0 0 0 0 0 0 0 0 0 0 0 2 1 0 0 185 67 1 0 209 16 0 0 119 40 0 0 26 2 0 0 2 0 0 0 1 0 37 0 2 0 0 0 176 2 0 0 255 255 255 255 7 0 6 0 0 0 0 0 data 86 0x60007 0x5b2 0x2b0 0x22c5 0xe0007 0x0 0x290 0x22c5 0x1c0007 0xf1d 0x270 0x13a8 0x250007 0x90d 0xb0 0xa9b 0x310007 0x2eb 0x90 0x7b0 0x35e007 0x2 0x70 0x7af 0x3b0005 0x397 0x2a65a00 0x231 0x16572770 0x1e7 0x3e0007 0x5c 0x20 0x754 0x4c0007 0x5bd 0x1a0 0x3ae 0x510004 0xfffffffffffffc52 0x1c18c9c0 0x2 0x0 0x0 0x540007 0x3ae 0x80 0x0 0x590004 0x0 0x0 0x0 0x0 0x0 0x5e0005 0x0 0x0 0x0 0x0 0x0 0x680007 0x214 0xb0 0x223 0x740007 0x41 0x90 0x1e2 0x780007 0x0 0x70 0x1e2 0x7e0005 0x150 0x16572770 0x91 0x2a65610 0x1 0x81e007 0x7 0x20 0x1dd 0x8f0007 0x89 0xffffffffffffff50 0x192 oops 5 26 java/security/CodeSource 28 java/lang/String 40 java/util/HashMap$Node 74 java/lang/String 76 java/io/File
ciMethodData java/util/ArrayList add (Ljava/lang/Object;)Z 2 555959 orig 264 56 173 78 98 0 0 0 0 248 3 203 21 0 0 0 0 144 1 0 0 0 0 0 0 0 0 0 0 0 0 0 0 0 0 0 0 0 0 0 0 0 0 0 0 0 0 0 0 0 0 0 0 0 0 0 0 0 0 0 0 0 0 0 0 0 0 0 0 0 0 0 0 0 0 0 0 0 0 0 0 77 68 79 32 101 120 116 114 97 32 100 97 116 97 32 108 111 99 107 0 0 0 0 0 0 0 0 0 0 0 0 0 0 0 0 0 0 0 0 0 0 0 0 0 0 0 0 0 0 0 0 0 0 0 0 0 0 0 0 0 0 0 0 0 0 0 0 0 0 0 0 0 0 0 0 0 0 0 0 0 0 0 0 0 0 0 0 0 0 0 0 0 0 0 0 0 0 0 0 0 0 0 0 0 17 0 0 0 0 0 0 0 0 0 0 0 0 0 0 0 1 0 0 0 0 0 0 0 0 0 0 0 0 0 0 0 57 0 0 0 241 219 67 0 1 0 0 0 0 0 0 0 0 0 0 0 2 0 0 0 0 0 15 0 2 0 0 0 64 0 0 0 255 255 255 255 2 0 7 0 0 0 0 0 data 8 0x70002 0x87ba9 0x1a0104 0x0 0x2a65610 0xe6 0x2a65730 0x223 oops 2 4 java/io/File 6 java/net/URL
ciMethodData java/util/HashMap put (Ljava/lang/Object;Ljava/lang/Object;)Ljava/lang/Object; 2 40230 orig 264 56 173 78 98 0 0 0 0 144 153 204 21 0 0 0 0 152 1 0 0 0 0 0 0 0 0 0 0 0 0 0 0 0 0 0 0 0 0 0 0 0 0 0 0 0 0 0 0 0 0 0 0 0 0 0 0 0 0 0 0 0 0 0 0 0 0 0 0 0 0 0 0 0 0 0 0 0 0 0 0 77 68 79 32 101 120 116 114 97 32 100 97 116 97 32 108 111 99 107 0 0 0 0 0 0 0 0 0 0 0 0 0 0 0 0 0 0 0 0 0 0 0 0 0 0 0 0 0 0 0 0 0 0 0 0 0 0 0 0 0 0 0 0 0 2 0 0 0 0 0 0 0 0 0 0 0 0 0 0 0 0 0 0 0 0 0 0 0 0 0 0 0 0 0 0 0 0 0 0 0 0 0 0 0 17 0 0 0 0 0 0 0 0 0 0 0 0 0 0 0 0 0 0 0 0 0 0 0 0 0 0 0 0 0 0 0 163 0 0 0 25 228 4 0 1 0 0 0 176 56 0 0 0 0 0 0 2 0 0 0 0 0 7 0 2 0 0 0 64 0 0 0 255 255 255 255 2 0 2 0 0 0 0 0 data 8 0x20002 0x9c83 0x90005 0x56a 0x1eb442c0 0x2036 0x1b375690 0x76e8 oops 2 4 java/util/LinkedHashMap 6 java/util/HashMap
ciMethodData java/util/HashMap putVal (ILjava/lang/Object;Ljava/lang/Object;ZZ)Ljava/lang/Object; 2 17731 orig 264 56 173 78 98 0 0 0 0 112 155 204 21 0 0 0 0 176 6 0 0 232 2 0 0 0 0 0 0 0 0 0 0 0 0 0 0 0 0 0 0 0 0 0 0 0 0 0 0 0 0 0 0 0 0 0 0 0 0 0 0 0 0 0 0 0 0 0 0 0 0 0 0 0 0 0 0 0 0 0 0 77 68 79 32 101 120 116 114 97 32 100 97 116 97 32 108 111 99 107 0 0 0 0 0 0 0 0 0 0 0 0 0 0 0 0 0 0 0 0 0 0 0 0 0 0 0 0 0 0 0 0 0 0 0 0 0 0 0 0 0 0 0 0 0 3 0 0 0 0 0 0 0 0 0 0 0 0 0 0 0 0 0 0 0 0 0 0 4 0 0 0 0 0 0 0 0 0 0 0 3 0 0 0 0 0 0 0 0 0 0 0 0 0 0 0 0 0 0 0 0 0 0 0 0 0 0 0 0 0 0 0 0 0 0 0 0 166 0 0 0 233 36 2 0 113 36 0 0 157 68 0 0 142 4 0 0 2 0 0 0 1 0 50 0 2 0 0 0 64 5 0 0 255 255 255 255 7 0 7 0 0 0 0 0 data 168 0x70007 0xa07 0x40 0x3a96 0x100007 0x3a96 0x50 0x0 0x140005 0x43 0x1eb442c0 0x414 0x1b375690 0x5b0 0x2c0007 0x1cb9 0x98 0x27e4 0x380005 0x45 0x1b375690 0x1abb 0x1eb442c0 0xce4 0x3b0004 0x0 0x1c18c9c0 0x1adc 0x1d1aa4e0 0xd08 0x3c0003 0x27e4 0x3d0 0x450007 0x1024 0xc8 0xc95 0x510007 0x731 0x90 0x564 0x55e007 0x2 0x88 0x563 0x5b0005 0x3e0 0x2a65610 0x39 0x16572770 0x14a 0x5e0007 0x1e 0x38 0x545 0x650003 0xc76 0x278 0x6a0004 0xffffffffffffefbc 0x1c18c9c0 0x3d 0x1d1aa4e0 0x5 0x6d0007 0x1044 0x98 0x0 0x720004 0x0 0x0 0x0 0x0 0x0 0x7b0005 0x0 0x0 0x0 0x0 0x0 0x800003 0x0 0x1b0 0x8e0007 0x621 0xb8 0xeb1 0x980005 0x1c 0x1b375690 0xa2e 0x1eb442c0 0x467 0xa2e007 0xeb1 0x148 0x1 0xa90005 0x1 0x0 0x0 0x0 0x0 0xac0003 0x1 0xf8 0xb50007 0x48b 0xc8 0x196 0xc10007 0x10e 0xc0 0x88 0xc50007 0x0 0x88 0x88 0xcb7005 0x68 0x2a65610 0x11 0x16572770 0x10 0xce0007 0x3 0x38 0x86 0xd10003 0x86 0x30 0xdb0003 0x48e 0xfffffffffffffe80 0xe00007 0xeb2 0x90 0xe0a 0xece007 0xdc8 0x40 0x43 0xf10007 0x43 0x20 0x0 0xfdf005 0x62 0x1b375690 0xb9a 0x1eb442c0 0x212 0x11c0007 0x33b2 0x50 0x2e4 0x1200005 0x14 0x1b375690 0x24e 0x1eb442c0 0x82 0x1270005 0x61 0x1b375690 0x24e9 0x1eb442c0 0x114c oops 20 10 java/util/LinkedHashMap 12 java/util/HashMap 20 java/util/HashMap 22 java/util/LinkedHashMap 26 java/util/HashMap$Node 28 java/util/LinkedHashMap$Entry 47 java/io/File